<?xml version="1.0" encoding="UTF-8"?>
<testsuites name="Data-Driven Test Suites" time="78" tests="2" failures="1" errors="0">
   <testsuite name="Data-Driven Test Suites" tests="2" failures="1" errors="0" time="78" timestamp="2018-05-09 01:57:02" hostname="snailwalker - 192.168.0.101" id="Test Suites/Data-Driven Test Suites">
      <properties>
         <property name="deviceName" value=""/>
         <property name="devicePlatform" value=""/>
         <property name="logFolder" value="/Users/snailwalker/Documents/workspace/backend/katalon/Reports/Data-Driven Test Suites/20180509_015700"/>
         <property name="logFiles" value="/Users/snailwalker/Documents/workspace/backend/katalon/Reports/Data-Driven Test Suites/20180509_015700/execution0.log"/>
         <property name="attachments" value="/Users/snailwalker/Documents/workspace/backend/katalon/Reports/Data-Driven Test Suites/20180509_015700/1525805869124.png"/>
         <property name="hostName" value="snailwalker - 192.168.0.101"/>
         <property name="os" value="Mac OS X 64bit"/>
         <property name="katalonVersion" value="5.4.1.1"/>
         <property name="browser" value="Chrome 66.0.3359.139"/>
         <property name="hostAddress" value="192.168.0.101"/>
         <property name="sessionId" value="730d696b4e50e9022286c92bca62dd93"/>
         <property name="seleniumVersion" value="3.7.1"/>
         <property name="proxyInformation" value="ProxyInformation{proxyOption=NO_PROXY, proxyServerType=HTTP, password=, proxyServerAddress=, proxyServerPort=0}"/>
         <property name="platform" value="Mac OS X"/>
      </properties>
      <testcase name="Test Cases/Test User Logout" classname="Test Cases/Test User Logout" status="FAILED">
         <failure type="FAILED" message="Unable to click on object 'Object Repository/all_Objects/button_Carts' (Root cause: com.kms.katalon.core.webui.exception.WebElementNotFoundException: Web element with id: 'Object Repository/all_Objects/button_Carts' located by 'By.xpath: id(&quot;navbarSupportedContent&quot;)/ul[@class=&quot;navbar-nav mr-auto&quot;]/li[@class=&quot;nav-item&quot;]/a[@class=&quot;nav-link&quot;][count(. | //a[@href = '/cart' and (text() = 'Carts
            
          ' or . = 'Carts
            
          ')]) = count(//a[@href = '/cart' and (text() = 'Carts
            
          ' or . = 'Carts
            
          ')])]' not found)"/>
         <system-out><![CDATA[2018-05-09 01:57:02 - [TEST_CASE][FAILED] - Test Cases/Test User Logout: Test Cases/Test User Logout FAILED because (of) Unable to click on object 'Object Repository/all_Objects/button_Carts' (Root cause: com.kms.katalon.core.webui.exception.WebElementNotFoundException: Web element with id: 'Object Repository/all_Objects/button_Carts' located by 'By.xpath: id("navbarSupportedContent")/ul[@class="navbar-nav mr-auto"]/li[@class="nav-item"]/a[@class="nav-link"][count(. | //a[@href = '/cart' and (text() = 'Carts
            
          ' or . = 'Carts
            
          ')]) = count(//a[@href = '/cart' and (text() = 'Carts
            
          ' or . = 'Carts
            
          ')])]' not found)

2018-05-09 01:57:03 - [TEST_STEP][PASSED] - openBrowser: Browser is opened with url: ''

2018-05-09 01:57:06 - [MESSAGE][PASSED] - Browser is opened with url: ''

2018-05-09 01:57:06 - [TEST_STEP][PASSED] - navigateToUrl: Navigate to 'http://34.209.48.20:9089/' successfully

2018-05-09 01:57:15 - [MESSAGE][PASSED] - Navigate to 'http://34.209.48.20:9089/' successfully

2018-05-09 01:57:15 - [TEST_STEP][PASSED] - verifyElementPresent: Object 'Object Repository/all_Objects/header' is present

2018-05-09 01:57:15 - [MESSAGE][WARNING] - Timeout '0' is invalid. Using default page load timeout: '30'

2018-05-09 01:57:15 - [MESSAGE][PASSED] - Object 'Object Repository/all_Objects/header' is present

2018-05-09 01:57:15 - [TEST_STEP][PASSED] - verifyElementPresent: Object 'Object Repository/all_Objects/p_header_description' is present

2018-05-09 01:57:15 - [MESSAGE][WARNING] - Timeout '0' is invalid. Using default page load timeout: '30'

2018-05-09 01:57:15 - [MESSAGE][PASSED] - Object 'Object Repository/all_Objects/p_header_description' is present

2018-05-09 01:57:15 - [TEST_STEP][PASSED] - verifyElementPresent: Object 'Object Repository/all_Objects/h2_Login' is present

2018-05-09 01:57:15 - [MESSAGE][WARNING] - Timeout '0' is invalid. Using default page load timeout: '30'

2018-05-09 01:57:15 - [MESSAGE][PASSED] - Object 'Object Repository/all_Objects/h2_Login' is present

2018-05-09 01:57:15 - [TEST_STEP][PASSED] - verifyElementPresent: Object 'Object Repository/all_Objects/label_Username' is present

2018-05-09 01:57:15 - [MESSAGE][WARNING] - Timeout '0' is invalid. Using default page load timeout: '30'

2018-05-09 01:57:15 - [MESSAGE][PASSED] - Object 'Object Repository/all_Objects/label_Username' is present

2018-05-09 01:57:15 - [TEST_STEP][PASSED] - verifyElementPresent: Object 'Object Repository/all_Objects/label_Password' is present

2018-05-09 01:57:15 - [MESSAGE][WARNING] - Timeout '0' is invalid. Using default page load timeout: '30'

2018-05-09 01:57:15 - [MESSAGE][PASSED] - Object 'Object Repository/all_Objects/label_Password' is present

2018-05-09 01:57:15 - [TEST_STEP][PASSED] - setText: Text 'admin' is set on object 'Object Repository/all_Objects/input_username'

2018-05-09 01:57:16 - [MESSAGE][PASSED] - Text 'admin' is set on object 'Object Repository/all_Objects/input_username'

2018-05-09 01:57:16 - [TEST_STEP][PASSED] - setText: Text 'admin' is set on object 'Object Repository/all_Objects/input_password'

2018-05-09 01:57:16 - [MESSAGE][PASSED] - Text 'admin' is set on object 'Object Repository/all_Objects/input_password'

2018-05-09 01:57:16 - [TEST_STEP][PASSED] - click: Object: 'Object Repository/all_Objects/button_Login' is clicked on

2018-05-09 01:57:16 - [MESSAGE][PASSED] - Object: 'Object Repository/all_Objects/button_Login' is clicked on

2018-05-09 01:57:16 - [TEST_STEP][PASSED] - verifyElementPresent: Object 'Object Repository/all_Objects/header' is present

2018-05-09 01:57:16 - [MESSAGE][WARNING] - Timeout '0' is invalid. Using default page load timeout: '30'

2018-05-09 01:57:16 - [MESSAGE][PASSED] - Object 'Object Repository/all_Objects/header' is present

2018-05-09 01:57:16 - [TEST_STEP][PASSED] - verifyElementPresent: Object 'Object Repository/all_Objects/p_header_description' is present

2018-05-09 01:57:16 - [MESSAGE][WARNING] - Timeout '0' is invalid. Using default page load timeout: '30'

2018-05-09 01:57:16 - [MESSAGE][PASSED] - Object 'Object Repository/all_Objects/p_header_description' is present

2018-05-09 01:57:16 - [TEST_STEP][PASSED] - verifyElementPresent: Object 'Object Repository/all_Objects/div_add to cart' is present

2018-05-09 01:57:16 - [MESSAGE][WARNING] - Timeout '0' is invalid. Using default page load timeout: '30'

2018-05-09 01:57:18 - [MESSAGE][PASSED] - Object 'Object Repository/all_Objects/div_add to cart' is present

2018-05-09 01:57:18 - [TEST_STEP][FAILED] - click: Unable to click on object 'Object Repository/all_Objects/button_Carts' (Root cause: com.kms.katalon.core.webui.exception.WebElementNotFoundException: Web element with id: 'Object Repository/all_Objects/button_Carts' located by 'By.xpath: id("navbarSupportedContent")/ul[@class="navbar-nav mr-auto"]/li[@class="nav-item"]/a[@class="nav-link"][count(. | //a[@href = '/cart' and (text() = 'Carts
            
          ' or . = 'Carts
            
          ')]) = count(//a[@href = '/cart' and (text() = 'Carts
            
          ' or . = 'Carts
            
          ')])]' not found)

2018-05-09 01:57:50 - [MESSAGE][FAILED] - Unable to click on object 'Object Repository/all_Objects/button_Carts' (Root cause: com.kms.katalon.core.webui.exception.WebElementNotFoundException: Web element with id: 'Object Repository/all_Objects/button_Carts' located by 'By.xpath: id("navbarSupportedContent")/ul[@class="navbar-nav mr-auto"]/li[@class="nav-item"]/a[@class="nav-link"][count(. | //a[@href = '/cart' and (text() = 'Carts
            
          ' or . = 'Carts
            
          ')]) = count(//a[@href = '/cart' and (text() = 'Carts
            
          ' or . = 'Carts
            
          ')])]' not found)
[[ATTACHMENT|/Users/snailwalker/Documents/workspace/backend/katalon/Reports/Data-Driven Test Suites/20180509_015700/1525805869124.png]]]]></system-out>
         <system-err><![CDATA[2018-05-09 01:57:02 - [TEST_CASE][FAILED] - Test Cases/Test User Logout: Test Cases/Test User Logout FAILED because (of) Unable to click on object 'Object Repository/all_Objects/button_Carts' (Root cause: com.kms.katalon.core.webui.exception.WebElementNotFoundException: Web element with id: 'Object Repository/all_Objects/button_Carts' located by 'By.xpath: id("navbarSupportedContent")/ul[@class="navbar-nav mr-auto"]/li[@class="nav-item"]/a[@class="nav-link"][count(. | //a[@href = '/cart' and (text() = 'Carts
            
          ' or . = 'Carts
            
          ')]) = count(//a[@href = '/cart' and (text() = 'Carts
            
          ' or . = 'Carts
            
          ')])]' not found)]]></system-err>
      </testcase>
      <testcase name="Test Cases/Test User Logout" classname="Test Cases/Test User Logout" status="PASSED">
         <system-out><![CDATA[2018-05-09 01:57:50 - [TEST_CASE][PASSED] - Test Cases/Test User Logout: Test Cases/Test User Logout

2018-05-09 01:57:50 - [TEST_STEP][PASSED] - openBrowser: Browser is opened with url: ''

2018-05-09 01:57:50 - [MESSAGE][WARNING] - A browser is already opened. Closing browser and opening a new one

2018-05-09 01:57:51 - [MESSAGE][PASSED] - Browser is opened with url: ''

2018-05-09 01:57:51 - [TEST_STEP][PASSED] - navigateToUrl: Navigate to 'http://34.209.48.20:9089/' successfully

2018-05-09 01:58:00 - [MESSAGE][PASSED] - Navigate to 'http://34.209.48.20:9089/' successfully

2018-05-09 01:58:00 - [TEST_STEP][PASSED] - verifyElementPresent: Object 'Object Repository/all_Objects/header' is present

2018-05-09 01:58:00 - [MESSAGE][WARNING] - Timeout '0' is invalid. Using default page load timeout: '30'

2018-05-09 01:58:01 - [MESSAGE][PASSED] - Object 'Object Repository/all_Objects/header' is present

2018-05-09 01:58:01 - [TEST_STEP][PASSED] - verifyElementPresent: Object 'Object Repository/all_Objects/p_header_description' is present

2018-05-09 01:58:01 - [MESSAGE][WARNING] - Timeout '0' is invalid. Using default page load timeout: '30'

2018-05-09 01:58:01 - [MESSAGE][PASSED] - Object 'Object Repository/all_Objects/p_header_description' is present

2018-05-09 01:58:01 - [TEST_STEP][PASSED] - verifyElementPresent: Object 'Object Repository/all_Objects/h2_Login' is present

2018-05-09 01:58:01 - [MESSAGE][WARNING] - Timeout '0' is invalid. Using default page load timeout: '30'

2018-05-09 01:58:01 - [MESSAGE][PASSED] - Object 'Object Repository/all_Objects/h2_Login' is present

2018-05-09 01:58:01 - [TEST_STEP][PASSED] - verifyElementPresent: Object 'Object Repository/all_Objects/label_Username' is present

2018-05-09 01:58:01 - [MESSAGE][WARNING] - Timeout '0' is invalid. Using default page load timeout: '30'

2018-05-09 01:58:01 - [MESSAGE][PASSED] - Object 'Object Repository/all_Objects/label_Username' is present

2018-05-09 01:58:01 - [TEST_STEP][PASSED] - verifyElementPresent: Object 'Object Repository/all_Objects/label_Password' is present

2018-05-09 01:58:01 - [MESSAGE][WARNING] - Timeout '0' is invalid. Using default page load timeout: '30'

2018-05-09 01:58:01 - [MESSAGE][PASSED] - Object 'Object Repository/all_Objects/label_Password' is present

2018-05-09 01:58:01 - [TEST_STEP][PASSED] - setText: Text 'user' is set on object 'Object Repository/all_Objects/input_username'

2018-05-09 01:58:01 - [MESSAGE][PASSED] - Text 'user' is set on object 'Object Repository/all_Objects/input_username'

2018-05-09 01:58:01 - [TEST_STEP][PASSED] - setText: Text 'user' is set on object 'Object Repository/all_Objects/input_password'

2018-05-09 01:58:01 - [MESSAGE][PASSED] - Text 'user' is set on object 'Object Repository/all_Objects/input_password'

2018-05-09 01:58:01 - [TEST_STEP][PASSED] - click: Object: 'Object Repository/all_Objects/button_Login' is clicked on

2018-05-09 01:58:01 - [MESSAGE][PASSED] - Object: 'Object Repository/all_Objects/button_Login' is clicked on

2018-05-09 01:58:01 - [TEST_STEP][PASSED] - verifyElementPresent: Object 'Object Repository/all_Objects/header' is present

2018-05-09 01:58:01 - [MESSAGE][WARNING] - Timeout '0' is invalid. Using default page load timeout: '30'

2018-05-09 01:58:01 - [MESSAGE][PASSED] - Object 'Object Repository/all_Objects/header' is present

2018-05-09 01:58:01 - [TEST_STEP][PASSED] - verifyElementPresent: Object 'Object Repository/all_Objects/p_header_description' is present

2018-05-09 01:58:01 - [MESSAGE][WARNING] - Timeout '0' is invalid. Using default page load timeout: '30'

2018-05-09 01:58:01 - [MESSAGE][PASSED] - Object 'Object Repository/all_Objects/p_header_description' is present

2018-05-09 01:58:01 - [TEST_STEP][PASSED] - verifyElementPresent: Object 'Object Repository/all_Objects/div_add to cart' is present

2018-05-09 01:58:01 - [MESSAGE][WARNING] - Timeout '0' is invalid. Using default page load timeout: '30'

2018-05-09 01:58:03 - [MESSAGE][PASSED] - Object 'Object Repository/all_Objects/div_add to cart' is present

2018-05-09 01:58:03 - [TEST_STEP][PASSED] - click: Object: 'Object Repository/all_Objects/button_Carts' is clicked on

2018-05-09 01:58:03 - [MESSAGE][PASSED] - Object: 'Object Repository/all_Objects/button_Carts' is clicked on

2018-05-09 01:58:03 - [TEST_STEP][PASSED] - verifyElementPresent: Object 'Object Repository/all_Objects/User_Shopping Cart_header' is present

2018-05-09 01:58:03 - [MESSAGE][WARNING] - Timeout '0' is invalid. Using default page load timeout: '30'

2018-05-09 01:58:03 - [MESSAGE][PASSED] - Object 'Object Repository/all_Objects/User_Shopping Cart_header' is present

2018-05-09 01:58:03 - [TEST_STEP][PASSED] - verifyElementPresent: Object 'Object Repository/all_Objects/th_Product Name' is present

2018-05-09 01:58:03 - [MESSAGE][WARNING] - Timeout '0' is invalid. Using default page load timeout: '30'

2018-05-09 01:58:03 - [MESSAGE][PASSED] - Object 'Object Repository/all_Objects/th_Product Name' is present

2018-05-09 01:58:03 - [TEST_STEP][PASSED] - verifyElementPresent: Object 'Object Repository/all_Objects/th_Price' is present

2018-05-09 01:58:03 - [MESSAGE][WARNING] - Timeout '0' is invalid. Using default page load timeout: '30'

2018-05-09 01:58:03 - [MESSAGE][PASSED] - Object 'Object Repository/all_Objects/th_Price' is present

2018-05-09 01:58:03 - [TEST_STEP][PASSED] - verifyElementPresent: Object 'Object Repository/all_Objects/th_amount' is present

2018-05-09 01:58:03 - [MESSAGE][WARNING] - Timeout '0' is invalid. Using default page load timeout: '30'

2018-05-09 01:58:03 - [MESSAGE][PASSED] - Object 'Object Repository/all_Objects/th_amount' is present

2018-05-09 01:58:03 - [TEST_STEP][PASSED] - verifyElementPresent: Object 'Object Repository/all_Objects/p_Total price  0 THB' is present

2018-05-09 01:58:03 - [MESSAGE][WARNING] - Timeout '0' is invalid. Using default page load timeout: '30'

2018-05-09 01:58:03 - [MESSAGE][PASSED] - Object 'Object Repository/all_Objects/p_Total price  0 THB' is present

2018-05-09 01:58:03 - [TEST_STEP][PASSED] - verifyElementPresent: Object 'Object Repository/all_Objects/div_confirm' is present

2018-05-09 01:58:03 - [MESSAGE][WARNING] - Timeout '0' is invalid. Using default page load timeout: '30'

2018-05-09 01:58:03 - [MESSAGE][PASSED] - Object 'Object Repository/all_Objects/div_confirm' is present

2018-05-09 01:58:03 - [TEST_STEP][PASSED] - click: Object: 'Object Repository/all_Objects/button_Logout' is clicked on

2018-05-09 01:58:03 - [MESSAGE][PASSED] - Object: 'Object Repository/all_Objects/button_Logout' is clicked on

2018-05-09 01:58:03 - [TEST_STEP][PASSED] - verifyElementPresent: Object 'Object Repository/all_Objects/header' is present

2018-05-09 01:58:03 - [MESSAGE][WARNING] - Timeout '0' is invalid. Using default page load timeout: '30'

2018-05-09 01:58:03 - [MESSAGE][PASSED] - Object 'Object Repository/all_Objects/header' is present

2018-05-09 01:58:03 - [TEST_STEP][PASSED] - verifyElementPresent: Object 'Object Repository/all_Objects/p_header_description' is present

2018-05-09 01:58:03 - [MESSAGE][WARNING] - Timeout '0' is invalid. Using default page load timeout: '30'

2018-05-09 01:58:03 - [MESSAGE][PASSED] - Object 'Object Repository/all_Objects/p_header_description' is present

2018-05-09 01:58:03 - [TEST_STEP][PASSED] - verifyElementPresent: Object 'Object Repository/all_Objects/h2_Login' is present

2018-05-09 01:58:03 - [MESSAGE][WARNING] - Timeout '0' is invalid. Using default page load timeout: '30'

2018-05-09 01:58:03 - [MESSAGE][PASSED] - Object 'Object Repository/all_Objects/h2_Login' is present

2018-05-09 01:58:03 - [TEST_STEP][PASSED] - verifyElementPresent: Object 'Object Repository/all_Objects/label_Username' is present

2018-05-09 01:58:03 - [MESSAGE][WARNING] - Timeout '0' is invalid. Using default page load timeout: '30'

2018-05-09 01:58:03 - [MESSAGE][PASSED] - Object 'Object Repository/all_Objects/label_Username' is present

2018-05-09 01:58:03 - [TEST_STEP][PASSED] - verifyElementPresent: Object 'Object Repository/all_Objects/label_Password' is present

2018-05-09 01:58:03 - [MESSAGE][WARNING] - Timeout '0' is invalid. Using default page load timeout: '30'

2018-05-09 01:58:03 - [MESSAGE][PASSED] - Object 'Object Repository/all_Objects/label_Password' is present

2018-05-09 01:58:03 - [TEST_STEP][PASSED] - closeBrowser: Browser is closed

2018-05-09 01:58:04 - [MESSAGE][PASSED] - Browser is closed]]></system-out>
         <system-err><![CDATA[]]></system-err>
      </testcase>
      <testcase name="Test Cases/Test User Logout" classname="Test Cases/Test User Logout" status="PASSED">
         <system-out><![CDATA[2018-05-09 01:58:04 - [TEST_CASE][PASSED] - Test Cases/Test User Logout: Test Cases/Test User Logout

2018-05-09 01:58:04 - [TEST_STEP][PASSED] - openBrowser: Browser is opened with url: ''

2018-05-09 01:58:05 - [MESSAGE][PASSED] - Browser is opened with url: ''

2018-05-09 01:58:05 - [TEST_STEP][PASSED] - navigateToUrl: Navigate to 'http://34.209.48.20:9089/' successfully

2018-05-09 01:58:18 - [MESSAGE][PASSED] - Navigate to 'http://34.209.48.20:9089/' successfully

2018-05-09 01:58:18 - [TEST_STEP][PASSED] - verifyElementPresent: Object 'Object Repository/all_Objects/header' is present

2018-05-09 01:58:18 - [MESSAGE][WARNING] - Timeout '0' is invalid. Using default page load timeout: '30'

2018-05-09 01:58:18 - [MESSAGE][PASSED] - Object 'Object Repository/all_Objects/header' is present

2018-05-09 01:58:18 - [TEST_STEP][PASSED] - verifyElementPresent: Object 'Object Repository/all_Objects/p_header_description' is present

2018-05-09 01:58:18 - [MESSAGE][WARNING] - Timeout '0' is invalid. Using default page load timeout: '30'

2018-05-09 01:58:18 - [MESSAGE][PASSED] - Object 'Object Repository/all_Objects/p_header_description' is present

2018-05-09 01:58:18 - [TEST_STEP][PASSED] - verifyElementPresent: Object 'Object Repository/all_Objects/h2_Login' is present

2018-05-09 01:58:18 - [MESSAGE][WARNING] - Timeout '0' is invalid. Using default page load timeout: '30'

2018-05-09 01:58:18 - [MESSAGE][PASSED] - Object 'Object Repository/all_Objects/h2_Login' is present

2018-05-09 01:58:18 - [TEST_STEP][PASSED] - verifyElementPresent: Object 'Object Repository/all_Objects/label_Username' is present

2018-05-09 01:58:18 - [MESSAGE][WARNING] - Timeout '0' is invalid. Using default page load timeout: '30'

2018-05-09 01:58:18 - [MESSAGE][PASSED] - Object 'Object Repository/all_Objects/label_Username' is present

2018-05-09 01:58:18 - [TEST_STEP][PASSED] - verifyElementPresent: Object 'Object Repository/all_Objects/label_Password' is present

2018-05-09 01:58:18 - [MESSAGE][WARNING] - Timeout '0' is invalid. Using default page load timeout: '30'

2018-05-09 01:58:18 - [MESSAGE][PASSED] - Object 'Object Repository/all_Objects/label_Password' is present

2018-05-09 01:58:18 - [TEST_STEP][PASSED] - setText: Text 'hello' is set on object 'Object Repository/all_Objects/input_username'

2018-05-09 01:58:18 - [MESSAGE][PASSED] - Text 'hello' is set on object 'Object Repository/all_Objects/input_username'

2018-05-09 01:58:18 - [TEST_STEP][PASSED] - setText: Text 'hello' is set on object 'Object Repository/all_Objects/input_password'

2018-05-09 01:58:18 - [MESSAGE][PASSED] - Text 'hello' is set on object 'Object Repository/all_Objects/input_password'

2018-05-09 01:58:18 - [TEST_STEP][PASSED] - click: Object: 'Object Repository/all_Objects/button_Login' is clicked on

2018-05-09 01:58:19 - [MESSAGE][PASSED] - Object: 'Object Repository/all_Objects/button_Login' is clicked on

2018-05-09 01:58:19 - [TEST_STEP][PASSED] - verifyElementPresent: Object 'Object Repository/all_Objects/header' is present

2018-05-09 01:58:19 - [MESSAGE][WARNING] - Timeout '0' is invalid. Using default page load timeout: '30'

2018-05-09 01:58:19 - [MESSAGE][PASSED] - Object 'Object Repository/all_Objects/header' is present

2018-05-09 01:58:19 - [TEST_STEP][PASSED] - verifyElementPresent: Object 'Object Repository/all_Objects/p_header_description' is present

2018-05-09 01:58:19 - [MESSAGE][WARNING] - Timeout '0' is invalid. Using default page load timeout: '30'

2018-05-09 01:58:19 - [MESSAGE][PASSED] - Object 'Object Repository/all_Objects/p_header_description' is present

2018-05-09 01:58:19 - [TEST_STEP][PASSED] - verifyElementPresent: Object 'Object Repository/all_Objects/div_add to cart' is present

2018-05-09 01:58:19 - [MESSAGE][WARNING] - Timeout '0' is invalid. Using default page load timeout: '30'

2018-05-09 01:58:20 - [MESSAGE][PASSED] - Object 'Object Repository/all_Objects/div_add to cart' is present

2018-05-09 01:58:20 - [TEST_STEP][PASSED] - click: Object: 'Object Repository/all_Objects/button_Carts' is clicked on

2018-05-09 01:58:20 - [MESSAGE][PASSED] - Object: 'Object Repository/all_Objects/button_Carts' is clicked on

2018-05-09 01:58:20 - [TEST_STEP][PASSED] - verifyElementPresent: Object 'Object Repository/all_Objects/User_Shopping Cart_header' is present

2018-05-09 01:58:20 - [MESSAGE][WARNING] - Timeout '0' is invalid. Using default page load timeout: '30'

2018-05-09 01:58:20 - [MESSAGE][PASSED] - Object 'Object Repository/all_Objects/User_Shopping Cart_header' is present

2018-05-09 01:58:20 - [TEST_STEP][PASSED] - verifyElementPresent: Object 'Object Repository/all_Objects/th_Product Name' is present

2018-05-09 01:58:20 - [MESSAGE][WARNING] - Timeout '0' is invalid. Using default page load timeout: '30'

2018-05-09 01:58:20 - [MESSAGE][PASSED] - Object 'Object Repository/all_Objects/th_Product Name' is present

2018-05-09 01:58:20 - [TEST_STEP][PASSED] - verifyElementPresent: Object 'Object Repository/all_Objects/th_Price' is present

2018-05-09 01:58:20 - [MESSAGE][WARNING] - Timeout '0' is invalid. Using default page load timeout: '30'

2018-05-09 01:58:20 - [MESSAGE][PASSED] - Object 'Object Repository/all_Objects/th_Price' is present

2018-05-09 01:58:20 - [TEST_STEP][PASSED] - verifyElementPresent: Object 'Object Repository/all_Objects/th_amount' is present

2018-05-09 01:58:20 - [MESSAGE][WARNING] - Timeout '0' is invalid. Using default page load timeout: '30'

2018-05-09 01:58:20 - [MESSAGE][PASSED] - Object 'Object Repository/all_Objects/th_amount' is present

2018-05-09 01:58:20 - [TEST_STEP][PASSED] - verifyElementPresent: Object 'Object Repository/all_Objects/p_Total price  0 THB' is present

2018-05-09 01:58:20 - [MESSAGE][WARNING] - Timeout '0' is invalid. Using default page load timeout: '30'

2018-05-09 01:58:20 - [MESSAGE][PASSED] - Object 'Object Repository/all_Objects/p_Total price  0 THB' is present

2018-05-09 01:58:20 - [TEST_STEP][PASSED] - verifyElementPresent: Object 'Object Repository/all_Objects/div_confirm' is present

2018-05-09 01:58:20 - [MESSAGE][WARNING] - Timeout '0' is invalid. Using default page load timeout: '30'

2018-05-09 01:58:20 - [MESSAGE][PASSED] - Object 'Object Repository/all_Objects/div_confirm' is present

2018-05-09 01:58:20 - [TEST_STEP][PASSED] - click: Object: 'Object Repository/all_Objects/button_Logout' is clicked on

2018-05-09 01:58:21 - [MESSAGE][PASSED] - Object: 'Object Repository/all_Objects/button_Logout' is clicked on

2018-05-09 01:58:21 - [TEST_STEP][PASSED] - verifyElementPresent: Object 'Object Repository/all_Objects/header' is present

2018-05-09 01:58:21 - [MESSAGE][WARNING] - Timeout '0' is invalid. Using default page load timeout: '30'

2018-05-09 01:58:21 - [MESSAGE][PASSED] - Object 'Object Repository/all_Objects/header' is present

2018-05-09 01:58:21 - [TEST_STEP][PASSED] - verifyElementPresent: Object 'Object Repository/all_Objects/p_header_description' is present

2018-05-09 01:58:21 - [MESSAGE][WARNING] - Timeout '0' is invalid. Using default page load timeout: '30'

2018-05-09 01:58:21 - [MESSAGE][PASSED] - Object 'Object Repository/all_Objects/p_header_description' is present

2018-05-09 01:58:21 - [TEST_STEP][PASSED] - verifyElementPresent: Object 'Object Repository/all_Objects/h2_Login' is present

2018-05-09 01:58:21 - [MESSAGE][WARNING] - Timeout '0' is invalid. Using default page load timeout: '30'

2018-05-09 01:58:21 - [MESSAGE][PASSED] - Object 'Object Repository/all_Objects/h2_Login' is present

2018-05-09 01:58:21 - [TEST_STEP][PASSED] - verifyElementPresent: Object 'Object Repository/all_Objects/label_Username' is present

2018-05-09 01:58:21 - [MESSAGE][WARNING] - Timeout '0' is invalid. Using default page load timeout: '30'

2018-05-09 01:58:21 - [MESSAGE][PASSED] - Object 'Object Repository/all_Objects/label_Username' is present

2018-05-09 01:58:21 - [TEST_STEP][PASSED] - verifyElementPresent: Object 'Object Repository/all_Objects/label_Password' is present

2018-05-09 01:58:21 - [MESSAGE][WARNING] - Timeout '0' is invalid. Using default page load timeout: '30'

2018-05-09 01:58:21 - [MESSAGE][PASSED] - Object 'Object Repository/all_Objects/label_Password' is present

2018-05-09 01:58:21 - [TEST_STEP][PASSED] - closeBrowser: Browser is closed

2018-05-09 01:58:21 - [MESSAGE][PASSED] - Browser is closed]]></system-out>
         <system-err><![CDATA[]]></system-err>
      </testcase>
      <system-out><![CDATA[2018-05-09 01:57:02 - [TEST_SUITE][FAILED] - Data-Driven Test Suites: Test Cases/Test User Logout FAILED because (of) Unable to click on object 'Object Repository/all_Objects/button_Carts' (Root cause: com.kms.katalon.core.webui.exception.WebElementNotFoundException: Web element with id: 'Object Repository/all_Objects/button_Carts' located by 'By.xpath: id("navbarSupportedContent")/ul[@class="navbar-nav mr-auto"]/li[@class="nav-item"]/a[@class="nav-link"][count(. | //a[@href = '/cart' and (text() = 'Carts
            
          ' or . = 'Carts
            
          ')]) = count(//a[@href = '/cart' and (text() = 'Carts
            
          ' or . = 'Carts
            
          ')])]' not found)]]></system-out>
      <system-err><![CDATA[2018-05-09 01:57:02 - [TEST_SUITE][FAILED] - Data-Driven Test Suites: Test Cases/Test User Logout FAILED because (of) Unable to click on object 'Object Repository/all_Objects/button_Carts' (Root cause: com.kms.katalon.core.webui.exception.WebElementNotFoundException: Web element with id: 'Object Repository/all_Objects/button_Carts' located by 'By.xpath: id("navbarSupportedContent")/ul[@class="navbar-nav mr-auto"]/li[@class="nav-item"]/a[@class="nav-link"][count(. | //a[@href = '/cart' and (text() = 'Carts
            
          ' or . = 'Carts
            
          ')]) = count(//a[@href = '/cart' and (text() = 'Carts
            
          ' or . = 'Carts
            
          ')])]' not found)]]></system-err>
   </testsuite>
</testsuites>
