<?xml version="1.0" encoding="UTF-8"?>
<testsuites name="Data-Driven Test Suites" time="217" tests="11" failures="1" errors="0">
   <testsuite name="Data-Driven Test Suites" tests="11" failures="1" errors="0" time="217" timestamp="2018-05-09 02:47:38" hostname="snailwalker - 192.168.0.101" id="Test Suites/Data-Driven Test Suites">
      <properties>
         <property name="deviceName" value=""/>
         <property name="devicePlatform" value=""/>
         <property name="logFolder" value="/Users/snailwalker/Documents/workspace/backend/katalon/Reports/Data-Driven Test Suites/20180509_024736"/>
         <property name="logFiles" value="/Users/snailwalker/Documents/workspace/backend/katalon/Reports/Data-Driven Test Suites/20180509_024736/execution0.log"/>
         <property name="attachments" value="/Users/snailwalker/Documents/workspace/backend/katalon/Reports/Data-Driven Test Suites/20180509_024736/1525808939739.png, /Users/snailwalker/Documents/workspace/backend/katalon/Reports/Data-Driven Test Suites/20180509_024736/1525808940466.png"/>
         <property name="hostName" value="snailwalker - 192.168.0.101"/>
         <property name="os" value="Mac OS X 64bit"/>
         <property name="katalonVersion" value="5.4.1.1"/>
         <property name="browser" value="Chrome 66.0.3359.139"/>
         <property name="hostAddress" value="192.168.0.101"/>
         <property name="sessionId" value="67b1f305e0d93f288ad57335adec8252"/>
         <property name="seleniumVersion" value="3.7.1"/>
         <property name="proxyInformation" value="ProxyInformation{proxyOption=NO_PROXY, proxyServerType=HTTP, password=, proxyServerAddress=, proxyServerPort=0}"/>
         <property name="platform" value="Mac OS X"/>
      </properties>
      <testcase name="Test Cases/Test User Login" classname="Test Cases/Test User Login" status="PASSED">
         <system-out><![CDATA[2018-05-09 02:47:38 - [TEST_CASE][PASSED] - Test Cases/Test User Login: Test Cases/Test User Login

2018-05-09 02:47:39 - [TEST_STEP][PASSED] - openBrowser: Browser is opened with url: ''

2018-05-09 02:47:42 - [MESSAGE][PASSED] - Browser is opened with url: ''

2018-05-09 02:47:42 - [TEST_STEP][PASSED] - navigateToUrl: Navigate to 'http://34.209.48.20:9089/' successfully

2018-05-09 02:47:55 - [MESSAGE][PASSED] - Navigate to 'http://34.209.48.20:9089/' successfully

2018-05-09 02:47:55 - [TEST_STEP][PASSED] - verifyElementPresent: Object 'Object Repository/all_Objects/header' is present

2018-05-09 02:47:55 - [MESSAGE][WARNING] - Timeout '0' is invalid. Using default page load timeout: '30'

2018-05-09 02:47:55 - [MESSAGE][PASSED] - Object 'Object Repository/all_Objects/header' is present

2018-05-09 02:47:55 - [TEST_STEP][PASSED] - verifyElementPresent: Object 'Object Repository/all_Objects/p_header_description' is present

2018-05-09 02:47:55 - [MESSAGE][WARNING] - Timeout '0' is invalid. Using default page load timeout: '30'

2018-05-09 02:47:55 - [MESSAGE][PASSED] - Object 'Object Repository/all_Objects/p_header_description' is present

2018-05-09 02:47:55 - [TEST_STEP][PASSED] - verifyElementPresent: Object 'Object Repository/all_Objects/h2_Login' is present

2018-05-09 02:47:56 - [MESSAGE][WARNING] - Timeout '0' is invalid. Using default page load timeout: '30'

2018-05-09 02:47:56 - [MESSAGE][PASSED] - Object 'Object Repository/all_Objects/h2_Login' is present

2018-05-09 02:47:56 - [TEST_STEP][PASSED] - verifyElementPresent: Object 'Object Repository/all_Objects/label_Username' is present

2018-05-09 02:47:56 - [MESSAGE][WARNING] - Timeout '0' is invalid. Using default page load timeout: '30'

2018-05-09 02:47:56 - [MESSAGE][PASSED] - Object 'Object Repository/all_Objects/label_Username' is present

2018-05-09 02:47:56 - [TEST_STEP][PASSED] - verifyElementPresent: Object 'Object Repository/all_Objects/label_Password' is present

2018-05-09 02:47:56 - [MESSAGE][WARNING] - Timeout '0' is invalid. Using default page load timeout: '30'

2018-05-09 02:47:56 - [MESSAGE][PASSED] - Object 'Object Repository/all_Objects/label_Password' is present

2018-05-09 02:47:56 - [TEST_STEP][PASSED] - verifyElementPresent: Object 'Object Repository/all_Objects/div_Login' is present

2018-05-09 02:47:56 - [MESSAGE][WARNING] - Timeout '0' is invalid. Using default page load timeout: '30'

2018-05-09 02:47:56 - [MESSAGE][PASSED] - Object 'Object Repository/all_Objects/div_Login' is present

2018-05-09 02:47:56 - [TEST_STEP][PASSED] - setText: Text 'user' is set on object 'Object Repository/all_Objects/input_username'

2018-05-09 02:47:56 - [MESSAGE][PASSED] - Text 'user' is set on object 'Object Repository/all_Objects/input_username'

2018-05-09 02:47:56 - [TEST_STEP][PASSED] - setText: Text 'user' is set on object 'Object Repository/all_Objects/input_password'

2018-05-09 02:47:57 - [MESSAGE][PASSED] - Text 'user' is set on object 'Object Repository/all_Objects/input_password'

2018-05-09 02:47:57 - [TEST_STEP][PASSED] - click: Object: 'Object Repository/all_Objects/button_Login' is clicked on

2018-05-09 02:47:57 - [MESSAGE][PASSED] - Object: 'Object Repository/all_Objects/button_Login' is clicked on

2018-05-09 02:47:57 - [TEST_STEP][PASSED] - verifyElementPresent: Object 'Object Repository/all_Objects/header' is present

2018-05-09 02:47:57 - [MESSAGE][WARNING] - Timeout '0' is invalid. Using default page load timeout: '30'

2018-05-09 02:47:57 - [MESSAGE][PASSED] - Object 'Object Repository/all_Objects/header' is present

2018-05-09 02:47:57 - [TEST_STEP][PASSED] - verifyElementPresent: Object 'Object Repository/all_Objects/p_header_description' is present

2018-05-09 02:47:57 - [MESSAGE][WARNING] - Timeout '0' is invalid. Using default page load timeout: '30'

2018-05-09 02:47:57 - [MESSAGE][PASSED] - Object 'Object Repository/all_Objects/p_header_description' is present

2018-05-09 02:47:57 - [TEST_STEP][PASSED] - verifyElementPresent: Object 'Object Repository/all_Objects/div_add to cart' is present

2018-05-09 02:47:57 - [MESSAGE][WARNING] - Timeout '0' is invalid. Using default page load timeout: '30'

2018-05-09 02:47:59 - [MESSAGE][PASSED] - Object 'Object Repository/all_Objects/div_add to cart' is present

2018-05-09 02:47:59 - [TEST_STEP][PASSED] - click: Object: 'Object Repository/all_Objects/button_Carts' is clicked on

2018-05-09 02:47:59 - [MESSAGE][PASSED] - Object: 'Object Repository/all_Objects/button_Carts' is clicked on

2018-05-09 02:47:59 - [TEST_STEP][PASSED] - verifyElementPresent: Object 'Object Repository/all_Objects/User_Shopping Cart_header' is present

2018-05-09 02:47:59 - [MESSAGE][WARNING] - Timeout '0' is invalid. Using default page load timeout: '30'

2018-05-09 02:47:59 - [MESSAGE][PASSED] - Object 'Object Repository/all_Objects/User_Shopping Cart_header' is present

2018-05-09 02:47:59 - [TEST_STEP][PASSED] - verifyElementPresent: Object 'Object Repository/all_Objects/th_Product Name' is present

2018-05-09 02:47:59 - [MESSAGE][WARNING] - Timeout '0' is invalid. Using default page load timeout: '30'

2018-05-09 02:47:59 - [MESSAGE][PASSED] - Object 'Object Repository/all_Objects/th_Product Name' is present

2018-05-09 02:47:59 - [TEST_STEP][PASSED] - verifyElementPresent: Object 'Object Repository/all_Objects/th_Price' is present

2018-05-09 02:47:59 - [MESSAGE][WARNING] - Timeout '0' is invalid. Using default page load timeout: '30'

2018-05-09 02:47:59 - [MESSAGE][PASSED] - Object 'Object Repository/all_Objects/th_Price' is present

2018-05-09 02:47:59 - [TEST_STEP][PASSED] - verifyElementPresent: Object 'Object Repository/all_Objects/th_amount' is present

2018-05-09 02:47:59 - [MESSAGE][WARNING] - Timeout '0' is invalid. Using default page load timeout: '30'

2018-05-09 02:47:59 - [MESSAGE][PASSED] - Object 'Object Repository/all_Objects/th_amount' is present

2018-05-09 02:47:59 - [TEST_STEP][PASSED] - verifyElementPresent: Object 'Object Repository/all_Objects/p_Total price  0 THB' is present

2018-05-09 02:47:59 - [MESSAGE][WARNING] - Timeout '0' is invalid. Using default page load timeout: '30'

2018-05-09 02:47:59 - [MESSAGE][PASSED] - Object 'Object Repository/all_Objects/p_Total price  0 THB' is present

2018-05-09 02:47:59 - [TEST_STEP][PASSED] - verifyElementPresent: Object 'Object Repository/all_Objects/div_confirm' is present

2018-05-09 02:47:59 - [MESSAGE][WARNING] - Timeout '0' is invalid. Using default page load timeout: '30'

2018-05-09 02:47:59 - [MESSAGE][PASSED] - Object 'Object Repository/all_Objects/div_confirm' is present

2018-05-09 02:47:59 - [TEST_STEP][PASSED] - closeBrowser: Browser is closed

2018-05-09 02:47:59 - [MESSAGE][PASSED] - Browser is closed]]></system-out>
         <system-err><![CDATA[]]></system-err>
      </testcase>
      <testcase name="Test Cases/Test User Login" classname="Test Cases/Test User Login" status="PASSED">
         <system-out><![CDATA[2018-05-09 02:47:59 - [TEST_CASE][PASSED] - Test Cases/Test User Login: Test Cases/Test User Login

2018-05-09 02:47:59 - [TEST_STEP][PASSED] - openBrowser: Browser is opened with url: ''

2018-05-09 02:48:01 - [MESSAGE][PASSED] - Browser is opened with url: ''

2018-05-09 02:48:01 - [TEST_STEP][PASSED] - navigateToUrl: Navigate to 'http://34.209.48.20:9089/' successfully

2018-05-09 02:48:13 - [MESSAGE][PASSED] - Navigate to 'http://34.209.48.20:9089/' successfully

2018-05-09 02:48:13 - [TEST_STEP][PASSED] - verifyElementPresent: Object 'Object Repository/all_Objects/header' is present

2018-05-09 02:48:13 - [MESSAGE][WARNING] - Timeout '0' is invalid. Using default page load timeout: '30'

2018-05-09 02:48:13 - [MESSAGE][PASSED] - Object 'Object Repository/all_Objects/header' is present

2018-05-09 02:48:13 - [TEST_STEP][PASSED] - verifyElementPresent: Object 'Object Repository/all_Objects/p_header_description' is present

2018-05-09 02:48:13 - [MESSAGE][WARNING] - Timeout '0' is invalid. Using default page load timeout: '30'

2018-05-09 02:48:13 - [MESSAGE][PASSED] - Object 'Object Repository/all_Objects/p_header_description' is present

2018-05-09 02:48:13 - [TEST_STEP][PASSED] - verifyElementPresent: Object 'Object Repository/all_Objects/h2_Login' is present

2018-05-09 02:48:13 - [MESSAGE][WARNING] - Timeout '0' is invalid. Using default page load timeout: '30'

2018-05-09 02:48:13 - [MESSAGE][PASSED] - Object 'Object Repository/all_Objects/h2_Login' is present

2018-05-09 02:48:13 - [TEST_STEP][PASSED] - verifyElementPresent: Object 'Object Repository/all_Objects/label_Username' is present

2018-05-09 02:48:13 - [MESSAGE][WARNING] - Timeout '0' is invalid. Using default page load timeout: '30'

2018-05-09 02:48:13 - [MESSAGE][PASSED] - Object 'Object Repository/all_Objects/label_Username' is present

2018-05-09 02:48:13 - [TEST_STEP][PASSED] - verifyElementPresent: Object 'Object Repository/all_Objects/label_Password' is present

2018-05-09 02:48:13 - [MESSAGE][WARNING] - Timeout '0' is invalid. Using default page load timeout: '30'

2018-05-09 02:48:13 - [MESSAGE][PASSED] - Object 'Object Repository/all_Objects/label_Password' is present

2018-05-09 02:48:13 - [TEST_STEP][PASSED] - verifyElementPresent: Object 'Object Repository/all_Objects/div_Login' is present

2018-05-09 02:48:13 - [MESSAGE][WARNING] - Timeout '0' is invalid. Using default page load timeout: '30'

2018-05-09 02:48:13 - [MESSAGE][PASSED] - Object 'Object Repository/all_Objects/div_Login' is present

2018-05-09 02:48:13 - [TEST_STEP][PASSED] - setText: Text 'hello' is set on object 'Object Repository/all_Objects/input_username'

2018-05-09 02:48:14 - [MESSAGE][PASSED] - Text 'hello' is set on object 'Object Repository/all_Objects/input_username'

2018-05-09 02:48:14 - [TEST_STEP][PASSED] - setText: Text 'hello' is set on object 'Object Repository/all_Objects/input_password'

2018-05-09 02:48:14 - [MESSAGE][PASSED] - Text 'hello' is set on object 'Object Repository/all_Objects/input_password'

2018-05-09 02:48:14 - [TEST_STEP][PASSED] - click: Object: 'Object Repository/all_Objects/button_Login' is clicked on

2018-05-09 02:48:14 - [MESSAGE][PASSED] - Object: 'Object Repository/all_Objects/button_Login' is clicked on

2018-05-09 02:48:14 - [TEST_STEP][PASSED] - verifyElementPresent: Object 'Object Repository/all_Objects/header' is present

2018-05-09 02:48:14 - [MESSAGE][WARNING] - Timeout '0' is invalid. Using default page load timeout: '30'

2018-05-09 02:48:14 - [MESSAGE][PASSED] - Object 'Object Repository/all_Objects/header' is present

2018-05-09 02:48:14 - [TEST_STEP][PASSED] - verifyElementPresent: Object 'Object Repository/all_Objects/p_header_description' is present

2018-05-09 02:48:14 - [MESSAGE][WARNING] - Timeout '0' is invalid. Using default page load timeout: '30'

2018-05-09 02:48:14 - [MESSAGE][PASSED] - Object 'Object Repository/all_Objects/p_header_description' is present

2018-05-09 02:48:14 - [TEST_STEP][PASSED] - verifyElementPresent: Object 'Object Repository/all_Objects/div_add to cart' is present

2018-05-09 02:48:14 - [MESSAGE][WARNING] - Timeout '0' is invalid. Using default page load timeout: '30'

2018-05-09 02:48:16 - [MESSAGE][PASSED] - Object 'Object Repository/all_Objects/div_add to cart' is present

2018-05-09 02:48:16 - [TEST_STEP][PASSED] - click: Object: 'Object Repository/all_Objects/button_Carts' is clicked on

2018-05-09 02:48:16 - [MESSAGE][PASSED] - Object: 'Object Repository/all_Objects/button_Carts' is clicked on

2018-05-09 02:48:16 - [TEST_STEP][PASSED] - verifyElementPresent: Object 'Object Repository/all_Objects/User_Shopping Cart_header' is present

2018-05-09 02:48:16 - [MESSAGE][WARNING] - Timeout '0' is invalid. Using default page load timeout: '30'

2018-05-09 02:48:16 - [MESSAGE][PASSED] - Object 'Object Repository/all_Objects/User_Shopping Cart_header' is present

2018-05-09 02:48:16 - [TEST_STEP][PASSED] - verifyElementPresent: Object 'Object Repository/all_Objects/th_Product Name' is present

2018-05-09 02:48:16 - [MESSAGE][WARNING] - Timeout '0' is invalid. Using default page load timeout: '30'

2018-05-09 02:48:16 - [MESSAGE][PASSED] - Object 'Object Repository/all_Objects/th_Product Name' is present

2018-05-09 02:48:16 - [TEST_STEP][PASSED] - verifyElementPresent: Object 'Object Repository/all_Objects/th_Price' is present

2018-05-09 02:48:16 - [MESSAGE][WARNING] - Timeout '0' is invalid. Using default page load timeout: '30'

2018-05-09 02:48:16 - [MESSAGE][PASSED] - Object 'Object Repository/all_Objects/th_Price' is present

2018-05-09 02:48:16 - [TEST_STEP][PASSED] - verifyElementPresent: Object 'Object Repository/all_Objects/th_amount' is present

2018-05-09 02:48:16 - [MESSAGE][WARNING] - Timeout '0' is invalid. Using default page load timeout: '30'

2018-05-09 02:48:16 - [MESSAGE][PASSED] - Object 'Object Repository/all_Objects/th_amount' is present

2018-05-09 02:48:16 - [TEST_STEP][PASSED] - verifyElementPresent: Object 'Object Repository/all_Objects/p_Total price  0 THB' is present

2018-05-09 02:48:16 - [MESSAGE][WARNING] - Timeout '0' is invalid. Using default page load timeout: '30'

2018-05-09 02:48:16 - [MESSAGE][PASSED] - Object 'Object Repository/all_Objects/p_Total price  0 THB' is present

2018-05-09 02:48:16 - [TEST_STEP][PASSED] - verifyElementPresent: Object 'Object Repository/all_Objects/div_confirm' is present

2018-05-09 02:48:16 - [MESSAGE][WARNING] - Timeout '0' is invalid. Using default page load timeout: '30'

2018-05-09 02:48:16 - [MESSAGE][PASSED] - Object 'Object Repository/all_Objects/div_confirm' is present

2018-05-09 02:48:16 - [TEST_STEP][PASSED] - closeBrowser: Browser is closed

2018-05-09 02:48:16 - [MESSAGE][PASSED] - Browser is closed]]></system-out>
         <system-err><![CDATA[]]></system-err>
      </testcase>
      <testcase name="Test Cases/Test Admin Login" classname="Test Cases/Test Admin Login" status="FAILED">
         <failure type="FAILED" message="Unable to verify object 'Object Repository/Page_ProjectBackend (3)/div_Products' is present (Root cause: com.kms.katalon.core.webui.exception.WebElementNotFoundException: Web element with id: 'Object Repository/Page_ProjectBackend (3)/div_Products' located by 'By.xpath: //div[@id = 'navbarSupportedContent' and (text() = '
      
        
          Products
          
        
        
        
          Total Transaction
        
      
      Logout
    ' or . = '
      
        
          Products
          
        
        
        
          Total Transaction
        
      
      Logout
    ')]' not found)"/>
         <system-out><![CDATA[2018-05-09 02:48:16 - [TEST_CASE][FAILED] - Test Cases/Test Admin Login: Test Cases/Test Admin Login FAILED because (of) Unable to verify object 'Object Repository/Page_ProjectBackend (3)/div_Products' is present (Root cause: com.kms.katalon.core.webui.exception.WebElementNotFoundException: Web element with id: 'Object Repository/Page_ProjectBackend (3)/div_Products' located by 'By.xpath: //div[@id = 'navbarSupportedContent' and (text() = '
      
        
          Products
          
        
        
        
          Total Transaction
        
      
      Logout
    ' or . = '
      
        
          Products
          
        
        
        
          Total Transaction
        
      
      Logout
    ')]' not found)

2018-05-09 02:48:17 - [TEST_STEP][PASSED] - openBrowser: Browser is opened with url: ''

2018-05-09 02:48:18 - [MESSAGE][PASSED] - Browser is opened with url: ''

2018-05-09 02:48:18 - [TEST_STEP][PASSED] - navigateToUrl: Navigate to 'http://34.209.48.20:9089/' successfully

2018-05-09 02:48:28 - [MESSAGE][PASSED] - Navigate to 'http://34.209.48.20:9089/' successfully

2018-05-09 02:48:28 - [TEST_STEP][PASSED] - verifyElementPresent: Object 'Object Repository/Page_ProjectBackend (3)/h1_SE 234 Project' is present

2018-05-09 02:48:28 - [MESSAGE][WARNING] - Timeout '0' is invalid. Using default page load timeout: '30'

2018-05-09 02:48:28 - [MESSAGE][PASSED] - Object 'Object Repository/Page_ProjectBackend (3)/h1_SE 234 Project' is present

2018-05-09 02:48:28 - [TEST_STEP][PASSED] - verifyElementPresent: Object 'Object Repository/Page_ProjectBackend (3)/p_This is the mock app for the' is present

2018-05-09 02:48:28 - [MESSAGE][WARNING] - Timeout '0' is invalid. Using default page load timeout: '30'

2018-05-09 02:48:28 - [MESSAGE][PASSED] - Object 'Object Repository/Page_ProjectBackend (3)/p_This is the mock app for the' is present

2018-05-09 02:48:28 - [TEST_STEP][PASSED] - verifyElementPresent: Object 'Object Repository/Page_ProjectBackend (3)/h2_Login' is present

2018-05-09 02:48:28 - [MESSAGE][WARNING] - Timeout '0' is invalid. Using default page load timeout: '30'

2018-05-09 02:48:28 - [MESSAGE][PASSED] - Object 'Object Repository/Page_ProjectBackend (3)/h2_Login' is present

2018-05-09 02:48:28 - [TEST_STEP][PASSED] - verifyElementPresent: Object 'Object Repository/Page_ProjectBackend (3)/div_Username' is present

2018-05-09 02:48:28 - [MESSAGE][WARNING] - Timeout '0' is invalid. Using default page load timeout: '30'

2018-05-09 02:48:28 - [MESSAGE][PASSED] - Object 'Object Repository/Page_ProjectBackend (3)/div_Username' is present

2018-05-09 02:48:28 - [TEST_STEP][PASSED] - verifyElementPresent: Object 'Object Repository/Page_ProjectBackend (3)/div_Password' is present

2018-05-09 02:48:28 - [MESSAGE][WARNING] - Timeout '0' is invalid. Using default page load timeout: '30'

2018-05-09 02:48:28 - [MESSAGE][PASSED] - Object 'Object Repository/Page_ProjectBackend (3)/div_Password' is present

2018-05-09 02:48:28 - [TEST_STEP][PASSED] - verifyElementPresent: Object 'Object Repository/Page_ProjectBackend (3)/div_Login' is present

2018-05-09 02:48:28 - [MESSAGE][WARNING] - Timeout '0' is invalid. Using default page load timeout: '30'

2018-05-09 02:48:28 - [MESSAGE][PASSED] - Object 'Object Repository/Page_ProjectBackend (3)/div_Login' is present

2018-05-09 02:48:28 - [TEST_STEP][PASSED] - setText: Text 'admin' is set on object 'Object Repository/all_Objects/input_username'

2018-05-09 02:48:28 - [MESSAGE][PASSED] - Text 'admin' is set on object 'Object Repository/all_Objects/input_username'

2018-05-09 02:48:28 - [TEST_STEP][PASSED] - setText: Text 'admin' is set on object 'Object Repository/all_Objects/input_password'

2018-05-09 02:48:28 - [MESSAGE][PASSED] - Text 'admin' is set on object 'Object Repository/all_Objects/input_password'

2018-05-09 02:48:28 - [TEST_STEP][PASSED] - click: Object: 'Object Repository/Page_ProjectBackend (3)/button_Login' is clicked on

2018-05-09 02:48:28 - [MESSAGE][PASSED] - Object: 'Object Repository/Page_ProjectBackend (3)/button_Login' is clicked on

2018-05-09 02:48:28 - [TEST_STEP][PASSED] - verifyElementPresent: Object 'Object Repository/Page_ProjectBackend (3)/p_This is the mock app for the' is present

2018-05-09 02:48:28 - [MESSAGE][WARNING] - Timeout '0' is invalid. Using default page load timeout: '30'

2018-05-09 02:48:28 - [MESSAGE][PASSED] - Object 'Object Repository/Page_ProjectBackend (3)/p_This is the mock app for the' is present

2018-05-09 02:48:28 - [TEST_STEP][FAILED] - verifyElementPresent: Unable to verify object 'Object Repository/Page_ProjectBackend (3)/div_Products' is present (Root cause: com.kms.katalon.core.webui.exception.WebElementNotFoundException: Web element with id: 'Object Repository/Page_ProjectBackend (3)/div_Products' located by 'By.xpath: //div[@id = 'navbarSupportedContent' and (text() = '
      
        
          Products
          
        
        
        
          Total Transaction
        
      
      Logout
    ' or . = '
      
        
          Products
          
        
        
        
          Total Transaction
        
      
      Logout
    ')]' not found)

2018-05-09 02:48:28 - [MESSAGE][WARNING] - Timeout '0' is invalid. Using default page load timeout: '30'

2018-05-09 02:49:00 - [MESSAGE][FAILED] - com.kms.katalon.core.webui.exception.WebElementNotFoundException: Web element with id: 'Object Repository/Page_ProjectBackend (3)/div_Products' located by 'By.xpath: //div[@id = 'navbarSupportedContent' and (text() = '
      
        
          Products
          
        
        
        
          Total Transaction
        
      
      Logout
    ' or . = '
      
        
          Products
          
        
        
        
          Total Transaction
        
      
      Logout
    ')]' not found
[[ATTACHMENT|/Users/snailwalker/Documents/workspace/backend/katalon/Reports/Data-Driven Test Suites/20180509_024736/1525808939739.png]]

2018-05-09 02:49:00 - [MESSAGE][FAILED] - Unable to verify object 'Object Repository/Page_ProjectBackend (3)/div_Products' is present (Root cause: com.kms.katalon.core.webui.exception.WebElementNotFoundException: Web element with id: 'Object Repository/Page_ProjectBackend (3)/div_Products' located by 'By.xpath: //div[@id = 'navbarSupportedContent' and (text() = '
      
        
          Products
          
        
        
        
          Total Transaction
        
      
      Logout
    ' or . = '
      
        
          Products
          
        
        
        
          Total Transaction
        
      
      Logout
    ')]' not found)
[[ATTACHMENT|/Users/snailwalker/Documents/workspace/backend/katalon/Reports/Data-Driven Test Suites/20180509_024736/1525808940466.png]]]]></system-out>
         <system-err><![CDATA[2018-05-09 02:48:16 - [TEST_CASE][FAILED] - Test Cases/Test Admin Login: Test Cases/Test Admin Login FAILED because (of) Unable to verify object 'Object Repository/Page_ProjectBackend (3)/div_Products' is present (Root cause: com.kms.katalon.core.webui.exception.WebElementNotFoundException: Web element with id: 'Object Repository/Page_ProjectBackend (3)/div_Products' located by 'By.xpath: //div[@id = 'navbarSupportedContent' and (text() = '
      
        
          Products
          
        
        
        
          Total Transaction
        
      
      Logout
    ' or . = '
      
        
          Products
          
        
        
        
          Total Transaction
        
      
      Logout
    ')]' not found)]]></system-err>
      </testcase>
      <testcase name="Test Cases/Test Available Products for Users - Scripted" classname="Test Cases/Test Available Products for Users - Scripted" status="PASSED">
         <system-out><![CDATA[2018-05-09 02:49:00 - [TEST_CASE][PASSED] - Test Cases/Test Available Products for Users - Scripted: Test Cases/Test Available Products for Users - Scripted

2018-05-09 02:49:01 - [TEST_STEP][PASSED] - Statement - prod = ["productId":"", "name":"", "description":"", "imageLocation":"", "price":""]: null

2018-05-09 02:49:01 - [TEST_STEP][PASSED] - Statement - data = com.kms.katalon.core.testdata.TestDataFactory.findTestData("Data Files/data.product"): Reading excel file with source file '/Users/snailwalker/Desktop/transaction.xlsx' and sheet name 'product'

2018-05-09 02:49:02 - [TEST_STEP][PASSED] - openBrowser: Browser is opened with url: ''

2018-05-09 02:49:02 - [MESSAGE][WARNING] - A browser is already opened. Closing browser and opening a new one

2018-05-09 02:49:04 - [MESSAGE][PASSED] - Browser is opened with url: ''

2018-05-09 02:49:04 - [TEST_STEP][PASSED] - navigateToUrl: Navigate to 'http://34.209.48.20:9089/' successfully

2018-05-09 02:49:13 - [MESSAGE][PASSED] - Navigate to 'http://34.209.48.20:9089/' successfully

2018-05-09 02:49:13 - [TEST_STEP][PASSED] - verifyElementPresent: Object 'Object Repository/all_Objects/header' is present

2018-05-09 02:49:13 - [MESSAGE][WARNING] - Timeout '0' is invalid. Using default page load timeout: '30'

2018-05-09 02:49:13 - [MESSAGE][PASSED] - Object 'Object Repository/all_Objects/header' is present

2018-05-09 02:49:13 - [TEST_STEP][PASSED] - verifyElementPresent: Object 'Object Repository/all_Objects/p_header_description' is present

2018-05-09 02:49:13 - [MESSAGE][WARNING] - Timeout '0' is invalid. Using default page load timeout: '30'

2018-05-09 02:49:13 - [MESSAGE][PASSED] - Object 'Object Repository/all_Objects/p_header_description' is present

2018-05-09 02:49:13 - [TEST_STEP][PASSED] - verifyElementPresent: Object 'Object Repository/all_Objects/h2_Login' is present

2018-05-09 02:49:13 - [MESSAGE][WARNING] - Timeout '0' is invalid. Using default page load timeout: '30'

2018-05-09 02:49:13 - [MESSAGE][PASSED] - Object 'Object Repository/all_Objects/h2_Login' is present

2018-05-09 02:49:13 - [TEST_STEP][PASSED] - verifyElementPresent: Object 'Object Repository/all_Objects/label_Username' is present

2018-05-09 02:49:13 - [MESSAGE][WARNING] - Timeout '0' is invalid. Using default page load timeout: '30'

2018-05-09 02:49:13 - [MESSAGE][PASSED] - Object 'Object Repository/all_Objects/label_Username' is present

2018-05-09 02:49:13 - [TEST_STEP][PASSED] - verifyElementPresent: Object 'Object Repository/all_Objects/label_Password' is present

2018-05-09 02:49:13 - [MESSAGE][WARNING] - Timeout '0' is invalid. Using default page load timeout: '30'

2018-05-09 02:49:13 - [MESSAGE][PASSED] - Object 'Object Repository/all_Objects/label_Password' is present

2018-05-09 02:49:13 - [TEST_STEP][PASSED] - click: Object: 'Object Repository/all_Objects/h2_Login' is clicked on

2018-05-09 02:49:14 - [MESSAGE][PASSED] - Object: 'Object Repository/all_Objects/h2_Login' is clicked on

2018-05-09 02:49:14 - [TEST_STEP][PASSED] - setText: Text 'user' is set on object 'Object Repository/all_Objects/input_username'

2018-05-09 02:49:14 - [MESSAGE][PASSED] - Text 'user' is set on object 'Object Repository/all_Objects/input_username'

2018-05-09 02:49:14 - [TEST_STEP][PASSED] - setText: Text 'user' is set on object 'Object Repository/all_Objects/input_password'

2018-05-09 02:49:14 - [MESSAGE][PASSED] - Text 'user' is set on object 'Object Repository/all_Objects/input_password'

2018-05-09 02:49:14 - [TEST_STEP][PASSED] - click: Object: 'Object Repository/all_Objects/button_Login' is clicked on

2018-05-09 02:49:14 - [MESSAGE][PASSED] - Object: 'Object Repository/all_Objects/button_Login' is clicked on

2018-05-09 02:49:14 - [TEST_STEP][PASSED] - verifyElementText: Actual text and expected text of test object 'Object Repository/all_Objects/h5_Garden' are matched.

2018-05-09 02:49:16 - [MESSAGE][PASSED] - Actual text and expected text of test object 'Object Repository/all_Objects/h5_Garden' are matched.

2018-05-09 02:49:16 - [TEST_STEP][PASSED] - verifyElementText: Actual text and expected text of test object 'Object Repository/all_Objects/p_The garden which you can gro' are matched.

2018-05-09 02:49:16 - [MESSAGE][PASSED] - Actual text and expected text of test object 'Object Repository/all_Objects/p_The garden which you can gro' are matched.

2018-05-09 02:49:16 - [TEST_STEP][PASSED] - verifyElementText: Actual text and expected text of test object 'Object Repository/all_Objects/h6_Price is 20000.00 THB' are matched.

2018-05-09 02:49:16 - [MESSAGE][PASSED] - Actual text and expected text of test object 'Object Repository/all_Objects/h6_Price is 20000.00 THB' are matched.

2018-05-09 02:49:16 - [TEST_STEP][PASSED] - verifyElementText: Actual text and expected text of test object 'Object Repository/all_Objects/h5_Banana' are matched.

2018-05-09 02:49:16 - [MESSAGE][PASSED] - Actual text and expected text of test object 'Object Repository/all_Objects/h5_Banana' are matched.

2018-05-09 02:49:16 - [TEST_STEP][PASSED] - verifyElementText: Actual text and expected text of test object 'Object Repository/all_Objects/p_A good fruit with very cheap' are matched.

2018-05-09 02:49:16 - [MESSAGE][PASSED] - Actual text and expected text of test object 'Object Repository/all_Objects/p_A good fruit with very cheap' are matched.

2018-05-09 02:49:16 - [TEST_STEP][PASSED] - verifyElementText: Actual text and expected text of test object 'Object Repository/all_Objects/h6_Price is 150.00 THB' are matched.

2018-05-09 02:49:16 - [MESSAGE][PASSED] - Actual text and expected text of test object 'Object Repository/all_Objects/h6_Price is 150.00 THB' are matched.

2018-05-09 02:49:16 - [TEST_STEP][PASSED] - verifyElementText: Actual text and expected text of test object 'Object Repository/all_Objects/h5_Orange' are matched.

2018-05-09 02:49:16 - [MESSAGE][PASSED] - Actual text and expected text of test object 'Object Repository/all_Objects/h5_Orange' are matched.

2018-05-09 02:49:16 - [TEST_STEP][PASSED] - verifyElementText: Actual text and expected text of test object 'Object Repository/all_Objects/p_Nothing good about it' are matched.

2018-05-09 02:49:16 - [MESSAGE][PASSED] - Actual text and expected text of test object 'Object Repository/all_Objects/p_Nothing good about it' are matched.

2018-05-09 02:49:16 - [TEST_STEP][PASSED] - verifyElementText: Actual text and expected text of test object 'Object Repository/all_Objects/h6_Price is 280.00 THB' are matched.

2018-05-09 02:49:16 - [MESSAGE][PASSED] - Actual text and expected text of test object 'Object Repository/all_Objects/h6_Price is 280.00 THB' are matched.

2018-05-09 02:49:16 - [TEST_STEP][PASSED] - verifyElementText: Actual text and expected text of test object 'Object Repository/all_Objects/h5_Papaya' are matched.

2018-05-09 02:49:16 - [MESSAGE][PASSED] - Actual text and expected text of test object 'Object Repository/all_Objects/h5_Papaya' are matched.

2018-05-09 02:49:16 - [TEST_STEP][PASSED] - verifyElementText: Actual text and expected text of test object 'Object Repository/all_Objects/p_Use for papaya salad' are matched.

2018-05-09 02:49:16 - [MESSAGE][PASSED] - Actual text and expected text of test object 'Object Repository/all_Objects/p_Use for papaya salad' are matched.

2018-05-09 02:49:16 - [TEST_STEP][PASSED] - verifyElementText: Actual text and expected text of test object 'Object Repository/all_Objects/h6_Price is 12.00 THB' are matched.

2018-05-09 02:49:16 - [MESSAGE][PASSED] - Actual text and expected text of test object 'Object Repository/all_Objects/h6_Price is 12.00 THB' are matched.

2018-05-09 02:49:16 - [TEST_STEP][PASSED] - verifyElementText: Actual text and expected text of test object 'Object Repository/all_Objects/h5_Rambutan' are matched.

2018-05-09 02:49:16 - [MESSAGE][PASSED] - Actual text and expected text of test object 'Object Repository/all_Objects/h5_Rambutan' are matched.

2018-05-09 02:49:16 - [TEST_STEP][PASSED] - verifyElementText: Actual text and expected text of test object 'Object Repository/all_Objects/p_An expensive fruit from the' are matched.

2018-05-09 02:49:17 - [MESSAGE][PASSED] - Actual text and expected text of test object 'Object Repository/all_Objects/p_An expensive fruit from the' are matched.

2018-05-09 02:49:17 - [TEST_STEP][PASSED] - verifyElementText: Actual text and expected text of test object 'Object Repository/all_Objects/h6_Price is 20.00 THB' are matched.

2018-05-09 02:49:17 - [MESSAGE][PASSED] - Actual text and expected text of test object 'Object Repository/all_Objects/h6_Price is 20.00 THB' are matched.

2018-05-09 02:49:17 - [TEST_STEP][PASSED] - closeBrowser: Browser is closed

2018-05-09 02:49:17 - [MESSAGE][PASSED] - Browser is closed]]></system-out>
         <system-err><![CDATA[]]></system-err>
      </testcase>
      <testcase name="Test Cases/Test Available Products for Users - Scripted" classname="Test Cases/Test Available Products for Users - Scripted" status="PASSED">
         <system-out><![CDATA[2018-05-09 02:49:17 - [TEST_CASE][PASSED] - Test Cases/Test Available Products for Users - Scripted: Test Cases/Test Available Products for Users - Scripted

2018-05-09 02:49:17 - [TEST_STEP][PASSED] - Statement - prod = ["productId":"", "name":"", "description":"", "imageLocation":"", "price":""]: null

2018-05-09 02:49:17 - [TEST_STEP][PASSED] - Statement - data = com.kms.katalon.core.testdata.TestDataFactory.findTestData("Data Files/data.product"): Reading excel file with source file '/Users/snailwalker/Desktop/transaction.xlsx' and sheet name 'product'

2018-05-09 02:49:17 - [TEST_STEP][PASSED] - openBrowser: Browser is opened with url: ''

2018-05-09 02:49:18 - [MESSAGE][PASSED] - Browser is opened with url: ''

2018-05-09 02:49:18 - [TEST_STEP][PASSED] - navigateToUrl: Navigate to 'http://34.209.48.20:9089/' successfully

2018-05-09 02:49:27 - [MESSAGE][PASSED] - Navigate to 'http://34.209.48.20:9089/' successfully

2018-05-09 02:49:27 - [TEST_STEP][PASSED] - verifyElementPresent: Object 'Object Repository/all_Objects/header' is present

2018-05-09 02:49:27 - [MESSAGE][WARNING] - Timeout '0' is invalid. Using default page load timeout: '30'

2018-05-09 02:49:27 - [MESSAGE][PASSED] - Object 'Object Repository/all_Objects/header' is present

2018-05-09 02:49:27 - [TEST_STEP][PASSED] - verifyElementPresent: Object 'Object Repository/all_Objects/p_header_description' is present

2018-05-09 02:49:27 - [MESSAGE][WARNING] - Timeout '0' is invalid. Using default page load timeout: '30'

2018-05-09 02:49:27 - [MESSAGE][PASSED] - Object 'Object Repository/all_Objects/p_header_description' is present

2018-05-09 02:49:27 - [TEST_STEP][PASSED] - verifyElementPresent: Object 'Object Repository/all_Objects/h2_Login' is present

2018-05-09 02:49:27 - [MESSAGE][WARNING] - Timeout '0' is invalid. Using default page load timeout: '30'

2018-05-09 02:49:27 - [MESSAGE][PASSED] - Object 'Object Repository/all_Objects/h2_Login' is present

2018-05-09 02:49:27 - [TEST_STEP][PASSED] - verifyElementPresent: Object 'Object Repository/all_Objects/label_Username' is present

2018-05-09 02:49:27 - [MESSAGE][WARNING] - Timeout '0' is invalid. Using default page load timeout: '30'

2018-05-09 02:49:27 - [MESSAGE][PASSED] - Object 'Object Repository/all_Objects/label_Username' is present

2018-05-09 02:49:27 - [TEST_STEP][PASSED] - verifyElementPresent: Object 'Object Repository/all_Objects/label_Password' is present

2018-05-09 02:49:27 - [MESSAGE][WARNING] - Timeout '0' is invalid. Using default page load timeout: '30'

2018-05-09 02:49:27 - [MESSAGE][PASSED] - Object 'Object Repository/all_Objects/label_Password' is present

2018-05-09 02:49:27 - [TEST_STEP][PASSED] - click: Object: 'Object Repository/all_Objects/h2_Login' is clicked on

2018-05-09 02:49:27 - [MESSAGE][PASSED] - Object: 'Object Repository/all_Objects/h2_Login' is clicked on

2018-05-09 02:49:27 - [TEST_STEP][PASSED] - setText: Text 'hello' is set on object 'Object Repository/all_Objects/input_username'

2018-05-09 02:49:27 - [MESSAGE][PASSED] - Text 'hello' is set on object 'Object Repository/all_Objects/input_username'

2018-05-09 02:49:27 - [TEST_STEP][PASSED] - setText: Text 'hello' is set on object 'Object Repository/all_Objects/input_password'

2018-05-09 02:49:27 - [MESSAGE][PASSED] - Text 'hello' is set on object 'Object Repository/all_Objects/input_password'

2018-05-09 02:49:27 - [TEST_STEP][PASSED] - click: Object: 'Object Repository/all_Objects/button_Login' is clicked on

2018-05-09 02:49:27 - [MESSAGE][PASSED] - Object: 'Object Repository/all_Objects/button_Login' is clicked on

2018-05-09 02:49:27 - [TEST_STEP][PASSED] - verifyElementText: Actual text and expected text of test object 'Object Repository/all_Objects/h5_Garden' are matched.

2018-05-09 02:49:29 - [MESSAGE][PASSED] - Actual text and expected text of test object 'Object Repository/all_Objects/h5_Garden' are matched.

2018-05-09 02:49:29 - [TEST_STEP][PASSED] - verifyElementText: Actual text and expected text of test object 'Object Repository/all_Objects/p_The garden which you can gro' are matched.

2018-05-09 02:49:29 - [MESSAGE][PASSED] - Actual text and expected text of test object 'Object Repository/all_Objects/p_The garden which you can gro' are matched.

2018-05-09 02:49:29 - [TEST_STEP][PASSED] - verifyElementText: Actual text and expected text of test object 'Object Repository/all_Objects/h6_Price is 20000.00 THB' are matched.

2018-05-09 02:49:29 - [MESSAGE][PASSED] - Actual text and expected text of test object 'Object Repository/all_Objects/h6_Price is 20000.00 THB' are matched.

2018-05-09 02:49:29 - [TEST_STEP][PASSED] - verifyElementText: Actual text and expected text of test object 'Object Repository/all_Objects/h5_Banana' are matched.

2018-05-09 02:49:29 - [MESSAGE][PASSED] - Actual text and expected text of test object 'Object Repository/all_Objects/h5_Banana' are matched.

2018-05-09 02:49:29 - [TEST_STEP][PASSED] - verifyElementText: Actual text and expected text of test object 'Object Repository/all_Objects/p_A good fruit with very cheap' are matched.

2018-05-09 02:49:29 - [MESSAGE][PASSED] - Actual text and expected text of test object 'Object Repository/all_Objects/p_A good fruit with very cheap' are matched.

2018-05-09 02:49:29 - [TEST_STEP][PASSED] - verifyElementText: Actual text and expected text of test object 'Object Repository/all_Objects/h6_Price is 150.00 THB' are matched.

2018-05-09 02:49:29 - [MESSAGE][PASSED] - Actual text and expected text of test object 'Object Repository/all_Objects/h6_Price is 150.00 THB' are matched.

2018-05-09 02:49:29 - [TEST_STEP][PASSED] - verifyElementText: Actual text and expected text of test object 'Object Repository/all_Objects/h5_Orange' are matched.

2018-05-09 02:49:29 - [MESSAGE][PASSED] - Actual text and expected text of test object 'Object Repository/all_Objects/h5_Orange' are matched.

2018-05-09 02:49:29 - [TEST_STEP][PASSED] - verifyElementText: Actual text and expected text of test object 'Object Repository/all_Objects/p_Nothing good about it' are matched.

2018-05-09 02:49:29 - [MESSAGE][PASSED] - Actual text and expected text of test object 'Object Repository/all_Objects/p_Nothing good about it' are matched.

2018-05-09 02:49:29 - [TEST_STEP][PASSED] - verifyElementText: Actual text and expected text of test object 'Object Repository/all_Objects/h6_Price is 280.00 THB' are matched.

2018-05-09 02:49:30 - [MESSAGE][PASSED] - Actual text and expected text of test object 'Object Repository/all_Objects/h6_Price is 280.00 THB' are matched.

2018-05-09 02:49:30 - [TEST_STEP][PASSED] - verifyElementText: Actual text and expected text of test object 'Object Repository/all_Objects/h5_Papaya' are matched.

2018-05-09 02:49:30 - [MESSAGE][PASSED] - Actual text and expected text of test object 'Object Repository/all_Objects/h5_Papaya' are matched.

2018-05-09 02:49:30 - [TEST_STEP][PASSED] - verifyElementText: Actual text and expected text of test object 'Object Repository/all_Objects/p_Use for papaya salad' are matched.

2018-05-09 02:49:30 - [MESSAGE][PASSED] - Actual text and expected text of test object 'Object Repository/all_Objects/p_Use for papaya salad' are matched.

2018-05-09 02:49:30 - [TEST_STEP][PASSED] - verifyElementText: Actual text and expected text of test object 'Object Repository/all_Objects/h6_Price is 12.00 THB' are matched.

2018-05-09 02:49:30 - [MESSAGE][PASSED] - Actual text and expected text of test object 'Object Repository/all_Objects/h6_Price is 12.00 THB' are matched.

2018-05-09 02:49:30 - [TEST_STEP][PASSED] - verifyElementText: Actual text and expected text of test object 'Object Repository/all_Objects/h5_Rambutan' are matched.

2018-05-09 02:49:30 - [MESSAGE][PASSED] - Actual text and expected text of test object 'Object Repository/all_Objects/h5_Rambutan' are matched.

2018-05-09 02:49:30 - [TEST_STEP][PASSED] - verifyElementText: Actual text and expected text of test object 'Object Repository/all_Objects/p_An expensive fruit from the' are matched.

2018-05-09 02:49:30 - [MESSAGE][PASSED] - Actual text and expected text of test object 'Object Repository/all_Objects/p_An expensive fruit from the' are matched.

2018-05-09 02:49:30 - [TEST_STEP][PASSED] - verifyElementText: Actual text and expected text of test object 'Object Repository/all_Objects/h6_Price is 20.00 THB' are matched.

2018-05-09 02:49:30 - [MESSAGE][PASSED] - Actual text and expected text of test object 'Object Repository/all_Objects/h6_Price is 20.00 THB' are matched.

2018-05-09 02:49:30 - [TEST_STEP][PASSED] - closeBrowser: Browser is closed

2018-05-09 02:49:30 - [MESSAGE][PASSED] - Browser is closed]]></system-out>
         <system-err><![CDATA[]]></system-err>
      </testcase>
      <testcase name="Test Cases/Test All Login Page elements present" classname="Test Cases/Test All Login Page elements present" status="PASSED">
         <system-out><![CDATA[2018-05-09 02:49:30 - [TEST_CASE][PASSED] - Test Cases/Test All Login Page elements present: Test Cases/Test All Login Page elements present

2018-05-09 02:49:30 - [TEST_STEP][PASSED] - openBrowser: Browser is opened with url: ''

2018-05-09 02:49:31 - [MESSAGE][PASSED] - Browser is opened with url: ''

2018-05-09 02:49:31 - [TEST_STEP][PASSED] - navigateToUrl: Navigate to 'http://34.209.48.20:9089/' successfully

2018-05-09 02:49:43 - [MESSAGE][PASSED] - Navigate to 'http://34.209.48.20:9089/' successfully

2018-05-09 02:49:43 - [TEST_STEP][PASSED] - verifyElementPresent: Object 'Object Repository/all_Objects/header' is present

2018-05-09 02:49:43 - [MESSAGE][WARNING] - Timeout '0' is invalid. Using default page load timeout: '30'

2018-05-09 02:49:43 - [MESSAGE][PASSED] - Object 'Object Repository/all_Objects/header' is present

2018-05-09 02:49:43 - [TEST_STEP][PASSED] - verifyElementPresent: Object 'Object Repository/all_Objects/p_header_description' is present

2018-05-09 02:49:43 - [MESSAGE][WARNING] - Timeout '0' is invalid. Using default page load timeout: '30'

2018-05-09 02:49:43 - [MESSAGE][PASSED] - Object 'Object Repository/all_Objects/p_header_description' is present

2018-05-09 02:49:43 - [TEST_STEP][PASSED] - verifyElementPresent: Object 'Object Repository/all_Objects/h2_Login' is present

2018-05-09 02:49:43 - [MESSAGE][WARNING] - Timeout '0' is invalid. Using default page load timeout: '30'

2018-05-09 02:49:43 - [MESSAGE][PASSED] - Object 'Object Repository/all_Objects/h2_Login' is present

2018-05-09 02:49:43 - [TEST_STEP][PASSED] - verifyElementPresent: Object 'Object Repository/all_Objects/label_Username' is present

2018-05-09 02:49:43 - [MESSAGE][WARNING] - Timeout '0' is invalid. Using default page load timeout: '30'

2018-05-09 02:49:43 - [MESSAGE][PASSED] - Object 'Object Repository/all_Objects/label_Username' is present

2018-05-09 02:49:43 - [TEST_STEP][PASSED] - verifyElementPresent: Object 'Object Repository/all_Objects/label_Password' is present

2018-05-09 02:49:43 - [MESSAGE][WARNING] - Timeout '0' is invalid. Using default page load timeout: '30'

2018-05-09 02:49:43 - [MESSAGE][PASSED] - Object 'Object Repository/all_Objects/label_Password' is present

2018-05-09 02:49:43 - [TEST_STEP][PASSED] - closeBrowser: Browser is closed

2018-05-09 02:49:43 - [MESSAGE][PASSED] - Browser is closed]]></system-out>
         <system-err><![CDATA[]]></system-err>
      </testcase>
      <testcase name="Test Cases/Test User Logout" classname="Test Cases/Test User Logout" status="PASSED">
         <system-out><![CDATA[2018-05-09 02:49:43 - [TEST_CASE][PASSED] - Test Cases/Test User Logout: Test Cases/Test User Logout

2018-05-09 02:49:43 - [TEST_STEP][PASSED] - openBrowser: Browser is opened with url: ''

2018-05-09 02:49:45 - [MESSAGE][PASSED] - Browser is opened with url: ''

2018-05-09 02:49:45 - [TEST_STEP][PASSED] - navigateToUrl: Navigate to 'http://34.209.48.20:9089/' successfully

2018-05-09 02:50:02 - [MESSAGE][PASSED] - Navigate to 'http://34.209.48.20:9089/' successfully

2018-05-09 02:50:02 - [TEST_STEP][PASSED] - verifyElementPresent: Object 'Object Repository/all_Objects/header' is present

2018-05-09 02:50:02 - [MESSAGE][WARNING] - Timeout '0' is invalid. Using default page load timeout: '30'

2018-05-09 02:50:02 - [MESSAGE][PASSED] - Object 'Object Repository/all_Objects/header' is present

2018-05-09 02:50:02 - [TEST_STEP][PASSED] - verifyElementPresent: Object 'Object Repository/all_Objects/p_header_description' is present

2018-05-09 02:50:02 - [MESSAGE][WARNING] - Timeout '0' is invalid. Using default page load timeout: '30'

2018-05-09 02:50:02 - [MESSAGE][PASSED] - Object 'Object Repository/all_Objects/p_header_description' is present

2018-05-09 02:50:02 - [TEST_STEP][PASSED] - verifyElementPresent: Object 'Object Repository/all_Objects/h2_Login' is present

2018-05-09 02:50:02 - [MESSAGE][WARNING] - Timeout '0' is invalid. Using default page load timeout: '30'

2018-05-09 02:50:02 - [MESSAGE][PASSED] - Object 'Object Repository/all_Objects/h2_Login' is present

2018-05-09 02:50:02 - [TEST_STEP][PASSED] - verifyElementPresent: Object 'Object Repository/all_Objects/label_Username' is present

2018-05-09 02:50:02 - [MESSAGE][WARNING] - Timeout '0' is invalid. Using default page load timeout: '30'

2018-05-09 02:50:02 - [MESSAGE][PASSED] - Object 'Object Repository/all_Objects/label_Username' is present

2018-05-09 02:50:02 - [TEST_STEP][PASSED] - verifyElementPresent: Object 'Object Repository/all_Objects/label_Password' is present

2018-05-09 02:50:02 - [MESSAGE][WARNING] - Timeout '0' is invalid. Using default page load timeout: '30'

2018-05-09 02:50:02 - [MESSAGE][PASSED] - Object 'Object Repository/all_Objects/label_Password' is present

2018-05-09 02:50:02 - [TEST_STEP][PASSED] - setText: Text 'user' is set on object 'Object Repository/all_Objects/input_username'

2018-05-09 02:50:02 - [MESSAGE][PASSED] - Text 'user' is set on object 'Object Repository/all_Objects/input_username'

2018-05-09 02:50:02 - [TEST_STEP][PASSED] - setText: Text 'user' is set on object 'Object Repository/all_Objects/input_password'

2018-05-09 02:50:02 - [MESSAGE][PASSED] - Text 'user' is set on object 'Object Repository/all_Objects/input_password'

2018-05-09 02:50:02 - [TEST_STEP][PASSED] - click: Object: 'Object Repository/all_Objects/button_Login' is clicked on

2018-05-09 02:50:02 - [MESSAGE][PASSED] - Object: 'Object Repository/all_Objects/button_Login' is clicked on

2018-05-09 02:50:02 - [TEST_STEP][PASSED] - verifyElementPresent: Object 'Object Repository/all_Objects/header' is present

2018-05-09 02:50:03 - [MESSAGE][WARNING] - Timeout '0' is invalid. Using default page load timeout: '30'

2018-05-09 02:50:03 - [MESSAGE][PASSED] - Object 'Object Repository/all_Objects/header' is present

2018-05-09 02:50:03 - [TEST_STEP][PASSED] - verifyElementPresent: Object 'Object Repository/all_Objects/p_header_description' is present

2018-05-09 02:50:03 - [MESSAGE][WARNING] - Timeout '0' is invalid. Using default page load timeout: '30'

2018-05-09 02:50:03 - [MESSAGE][PASSED] - Object 'Object Repository/all_Objects/p_header_description' is present

2018-05-09 02:50:03 - [TEST_STEP][PASSED] - verifyElementPresent: Object 'Object Repository/all_Objects/div_add to cart' is present

2018-05-09 02:50:03 - [MESSAGE][WARNING] - Timeout '0' is invalid. Using default page load timeout: '30'

2018-05-09 02:50:04 - [MESSAGE][PASSED] - Object 'Object Repository/all_Objects/div_add to cart' is present

2018-05-09 02:50:04 - [TEST_STEP][PASSED] - click: Object: 'Object Repository/all_Objects/button_Carts' is clicked on

2018-05-09 02:50:04 - [MESSAGE][PASSED] - Object: 'Object Repository/all_Objects/button_Carts' is clicked on

2018-05-09 02:50:04 - [TEST_STEP][PASSED] - verifyElementPresent: Object 'Object Repository/all_Objects/User_Shopping Cart_header' is present

2018-05-09 02:50:04 - [MESSAGE][WARNING] - Timeout '0' is invalid. Using default page load timeout: '30'

2018-05-09 02:50:04 - [MESSAGE][PASSED] - Object 'Object Repository/all_Objects/User_Shopping Cart_header' is present

2018-05-09 02:50:04 - [TEST_STEP][PASSED] - verifyElementPresent: Object 'Object Repository/all_Objects/th_Product Name' is present

2018-05-09 02:50:04 - [MESSAGE][WARNING] - Timeout '0' is invalid. Using default page load timeout: '30'

2018-05-09 02:50:04 - [MESSAGE][PASSED] - Object 'Object Repository/all_Objects/th_Product Name' is present

2018-05-09 02:50:04 - [TEST_STEP][PASSED] - verifyElementPresent: Object 'Object Repository/all_Objects/th_Price' is present

2018-05-09 02:50:04 - [MESSAGE][WARNING] - Timeout '0' is invalid. Using default page load timeout: '30'

2018-05-09 02:50:04 - [MESSAGE][PASSED] - Object 'Object Repository/all_Objects/th_Price' is present

2018-05-09 02:50:04 - [TEST_STEP][PASSED] - verifyElementPresent: Object 'Object Repository/all_Objects/th_amount' is present

2018-05-09 02:50:04 - [MESSAGE][WARNING] - Timeout '0' is invalid. Using default page load timeout: '30'

2018-05-09 02:50:04 - [MESSAGE][PASSED] - Object 'Object Repository/all_Objects/th_amount' is present

2018-05-09 02:50:04 - [TEST_STEP][PASSED] - verifyElementPresent: Object 'Object Repository/all_Objects/p_Total price  0 THB' is present

2018-05-09 02:50:04 - [MESSAGE][WARNING] - Timeout '0' is invalid. Using default page load timeout: '30'

2018-05-09 02:50:04 - [MESSAGE][PASSED] - Object 'Object Repository/all_Objects/p_Total price  0 THB' is present

2018-05-09 02:50:04 - [TEST_STEP][PASSED] - verifyElementPresent: Object 'Object Repository/all_Objects/div_confirm' is present

2018-05-09 02:50:04 - [MESSAGE][WARNING] - Timeout '0' is invalid. Using default page load timeout: '30'

2018-05-09 02:50:04 - [MESSAGE][PASSED] - Object 'Object Repository/all_Objects/div_confirm' is present

2018-05-09 02:50:04 - [TEST_STEP][PASSED] - click: Object: 'Object Repository/all_Objects/button_Logout' is clicked on

2018-05-09 02:50:04 - [MESSAGE][PASSED] - Object: 'Object Repository/all_Objects/button_Logout' is clicked on

2018-05-09 02:50:04 - [TEST_STEP][PASSED] - verifyElementPresent: Object 'Object Repository/all_Objects/header' is present

2018-05-09 02:50:04 - [MESSAGE][WARNING] - Timeout '0' is invalid. Using default page load timeout: '30'

2018-05-09 02:50:05 - [MESSAGE][PASSED] - Object 'Object Repository/all_Objects/header' is present

2018-05-09 02:50:05 - [TEST_STEP][PASSED] - verifyElementPresent: Object 'Object Repository/all_Objects/p_header_description' is present

2018-05-09 02:50:05 - [MESSAGE][WARNING] - Timeout '0' is invalid. Using default page load timeout: '30'

2018-05-09 02:50:05 - [MESSAGE][PASSED] - Object 'Object Repository/all_Objects/p_header_description' is present

2018-05-09 02:50:05 - [TEST_STEP][PASSED] - verifyElementPresent: Object 'Object Repository/all_Objects/h2_Login' is present

2018-05-09 02:50:05 - [MESSAGE][WARNING] - Timeout '0' is invalid. Using default page load timeout: '30'

2018-05-09 02:50:05 - [MESSAGE][PASSED] - Object 'Object Repository/all_Objects/h2_Login' is present

2018-05-09 02:50:05 - [TEST_STEP][PASSED] - verifyElementPresent: Object 'Object Repository/all_Objects/label_Username' is present

2018-05-09 02:50:05 - [MESSAGE][WARNING] - Timeout '0' is invalid. Using default page load timeout: '30'

2018-05-09 02:50:05 - [MESSAGE][PASSED] - Object 'Object Repository/all_Objects/label_Username' is present

2018-05-09 02:50:05 - [TEST_STEP][PASSED] - verifyElementPresent: Object 'Object Repository/all_Objects/label_Password' is present

2018-05-09 02:50:05 - [MESSAGE][WARNING] - Timeout '0' is invalid. Using default page load timeout: '30'

2018-05-09 02:50:05 - [MESSAGE][PASSED] - Object 'Object Repository/all_Objects/label_Password' is present

2018-05-09 02:50:05 - [TEST_STEP][PASSED] - closeBrowser: Browser is closed

2018-05-09 02:50:05 - [MESSAGE][PASSED] - Browser is closed]]></system-out>
         <system-err><![CDATA[]]></system-err>
      </testcase>
      <testcase name="Test Cases/Test User Logout" classname="Test Cases/Test User Logout" status="PASSED">
         <system-out><![CDATA[2018-05-09 02:50:05 - [TEST_CASE][PASSED] - Test Cases/Test User Logout: Test Cases/Test User Logout

2018-05-09 02:50:05 - [TEST_STEP][PASSED] - openBrowser: Browser is opened with url: ''

2018-05-09 02:50:06 - [MESSAGE][PASSED] - Browser is opened with url: ''

2018-05-09 02:50:06 - [TEST_STEP][PASSED] - navigateToUrl: Navigate to 'http://34.209.48.20:9089/' successfully

2018-05-09 02:50:16 - [MESSAGE][PASSED] - Navigate to 'http://34.209.48.20:9089/' successfully

2018-05-09 02:50:16 - [TEST_STEP][PASSED] - verifyElementPresent: Object 'Object Repository/all_Objects/header' is present

2018-05-09 02:50:16 - [MESSAGE][WARNING] - Timeout '0' is invalid. Using default page load timeout: '30'

2018-05-09 02:50:16 - [MESSAGE][PASSED] - Object 'Object Repository/all_Objects/header' is present

2018-05-09 02:50:16 - [TEST_STEP][PASSED] - verifyElementPresent: Object 'Object Repository/all_Objects/p_header_description' is present

2018-05-09 02:50:16 - [MESSAGE][WARNING] - Timeout '0' is invalid. Using default page load timeout: '30'

2018-05-09 02:50:16 - [MESSAGE][PASSED] - Object 'Object Repository/all_Objects/p_header_description' is present

2018-05-09 02:50:16 - [TEST_STEP][PASSED] - verifyElementPresent: Object 'Object Repository/all_Objects/h2_Login' is present

2018-05-09 02:50:16 - [MESSAGE][WARNING] - Timeout '0' is invalid. Using default page load timeout: '30'

2018-05-09 02:50:16 - [MESSAGE][PASSED] - Object 'Object Repository/all_Objects/h2_Login' is present

2018-05-09 02:50:16 - [TEST_STEP][PASSED] - verifyElementPresent: Object 'Object Repository/all_Objects/label_Username' is present

2018-05-09 02:50:16 - [MESSAGE][WARNING] - Timeout '0' is invalid. Using default page load timeout: '30'

2018-05-09 02:50:16 - [MESSAGE][PASSED] - Object 'Object Repository/all_Objects/label_Username' is present

2018-05-09 02:50:16 - [TEST_STEP][PASSED] - verifyElementPresent: Object 'Object Repository/all_Objects/label_Password' is present

2018-05-09 02:50:16 - [MESSAGE][WARNING] - Timeout '0' is invalid. Using default page load timeout: '30'

2018-05-09 02:50:16 - [MESSAGE][PASSED] - Object 'Object Repository/all_Objects/label_Password' is present

2018-05-09 02:50:16 - [TEST_STEP][PASSED] - setText: Text 'hello' is set on object 'Object Repository/all_Objects/input_username'

2018-05-09 02:50:16 - [MESSAGE][PASSED] - Text 'hello' is set on object 'Object Repository/all_Objects/input_username'

2018-05-09 02:50:16 - [TEST_STEP][PASSED] - setText: Text 'hello' is set on object 'Object Repository/all_Objects/input_password'

2018-05-09 02:50:17 - [MESSAGE][PASSED] - Text 'hello' is set on object 'Object Repository/all_Objects/input_password'

2018-05-09 02:50:17 - [TEST_STEP][PASSED] - click: Object: 'Object Repository/all_Objects/button_Login' is clicked on

2018-05-09 02:50:17 - [MESSAGE][PASSED] - Object: 'Object Repository/all_Objects/button_Login' is clicked on

2018-05-09 02:50:17 - [TEST_STEP][PASSED] - verifyElementPresent: Object 'Object Repository/all_Objects/header' is present

2018-05-09 02:50:17 - [MESSAGE][WARNING] - Timeout '0' is invalid. Using default page load timeout: '30'

2018-05-09 02:50:17 - [MESSAGE][PASSED] - Object 'Object Repository/all_Objects/header' is present

2018-05-09 02:50:17 - [TEST_STEP][PASSED] - verifyElementPresent: Object 'Object Repository/all_Objects/p_header_description' is present

2018-05-09 02:50:17 - [MESSAGE][WARNING] - Timeout '0' is invalid. Using default page load timeout: '30'

2018-05-09 02:50:17 - [MESSAGE][PASSED] - Object 'Object Repository/all_Objects/p_header_description' is present

2018-05-09 02:50:17 - [TEST_STEP][PASSED] - verifyElementPresent: Object 'Object Repository/all_Objects/div_add to cart' is present

2018-05-09 02:50:17 - [MESSAGE][WARNING] - Timeout '0' is invalid. Using default page load timeout: '30'

2018-05-09 02:50:18 - [MESSAGE][PASSED] - Object 'Object Repository/all_Objects/div_add to cart' is present

2018-05-09 02:50:18 - [TEST_STEP][PASSED] - click: Object: 'Object Repository/all_Objects/button_Carts' is clicked on

2018-05-09 02:50:18 - [MESSAGE][PASSED] - Object: 'Object Repository/all_Objects/button_Carts' is clicked on

2018-05-09 02:50:18 - [TEST_STEP][PASSED] - verifyElementPresent: Object 'Object Repository/all_Objects/User_Shopping Cart_header' is present

2018-05-09 02:50:18 - [MESSAGE][WARNING] - Timeout '0' is invalid. Using default page load timeout: '30'

2018-05-09 02:50:18 - [MESSAGE][PASSED] - Object 'Object Repository/all_Objects/User_Shopping Cart_header' is present

2018-05-09 02:50:18 - [TEST_STEP][PASSED] - verifyElementPresent: Object 'Object Repository/all_Objects/th_Product Name' is present

2018-05-09 02:50:18 - [MESSAGE][WARNING] - Timeout '0' is invalid. Using default page load timeout: '30'

2018-05-09 02:50:18 - [MESSAGE][PASSED] - Object 'Object Repository/all_Objects/th_Product Name' is present

2018-05-09 02:50:18 - [TEST_STEP][PASSED] - verifyElementPresent: Object 'Object Repository/all_Objects/th_Price' is present

2018-05-09 02:50:18 - [MESSAGE][WARNING] - Timeout '0' is invalid. Using default page load timeout: '30'

2018-05-09 02:50:18 - [MESSAGE][PASSED] - Object 'Object Repository/all_Objects/th_Price' is present

2018-05-09 02:50:18 - [TEST_STEP][PASSED] - verifyElementPresent: Object 'Object Repository/all_Objects/th_amount' is present

2018-05-09 02:50:18 - [MESSAGE][WARNING] - Timeout '0' is invalid. Using default page load timeout: '30'

2018-05-09 02:50:18 - [MESSAGE][PASSED] - Object 'Object Repository/all_Objects/th_amount' is present

2018-05-09 02:50:18 - [TEST_STEP][PASSED] - verifyElementPresent: Object 'Object Repository/all_Objects/p_Total price  0 THB' is present

2018-05-09 02:50:18 - [MESSAGE][WARNING] - Timeout '0' is invalid. Using default page load timeout: '30'

2018-05-09 02:50:18 - [MESSAGE][PASSED] - Object 'Object Repository/all_Objects/p_Total price  0 THB' is present

2018-05-09 02:50:18 - [TEST_STEP][PASSED] - verifyElementPresent: Object 'Object Repository/all_Objects/div_confirm' is present

2018-05-09 02:50:18 - [MESSAGE][WARNING] - Timeout '0' is invalid. Using default page load timeout: '30'

2018-05-09 02:50:18 - [MESSAGE][PASSED] - Object 'Object Repository/all_Objects/div_confirm' is present

2018-05-09 02:50:18 - [TEST_STEP][PASSED] - click: Object: 'Object Repository/all_Objects/button_Logout' is clicked on

2018-05-09 02:50:19 - [MESSAGE][PASSED] - Object: 'Object Repository/all_Objects/button_Logout' is clicked on

2018-05-09 02:50:19 - [TEST_STEP][PASSED] - verifyElementPresent: Object 'Object Repository/all_Objects/header' is present

2018-05-09 02:50:19 - [MESSAGE][WARNING] - Timeout '0' is invalid. Using default page load timeout: '30'

2018-05-09 02:50:19 - [MESSAGE][PASSED] - Object 'Object Repository/all_Objects/header' is present

2018-05-09 02:50:19 - [TEST_STEP][PASSED] - verifyElementPresent: Object 'Object Repository/all_Objects/p_header_description' is present

2018-05-09 02:50:19 - [MESSAGE][WARNING] - Timeout '0' is invalid. Using default page load timeout: '30'

2018-05-09 02:50:19 - [MESSAGE][PASSED] - Object 'Object Repository/all_Objects/p_header_description' is present

2018-05-09 02:50:19 - [TEST_STEP][PASSED] - verifyElementPresent: Object 'Object Repository/all_Objects/h2_Login' is present

2018-05-09 02:50:19 - [MESSAGE][WARNING] - Timeout '0' is invalid. Using default page load timeout: '30'

2018-05-09 02:50:19 - [MESSAGE][PASSED] - Object 'Object Repository/all_Objects/h2_Login' is present

2018-05-09 02:50:19 - [TEST_STEP][PASSED] - verifyElementPresent: Object 'Object Repository/all_Objects/label_Username' is present

2018-05-09 02:50:19 - [MESSAGE][WARNING] - Timeout '0' is invalid. Using default page load timeout: '30'

2018-05-09 02:50:19 - [MESSAGE][PASSED] - Object 'Object Repository/all_Objects/label_Username' is present

2018-05-09 02:50:19 - [TEST_STEP][PASSED] - verifyElementPresent: Object 'Object Repository/all_Objects/label_Password' is present

2018-05-09 02:50:19 - [MESSAGE][WARNING] - Timeout '0' is invalid. Using default page load timeout: '30'

2018-05-09 02:50:19 - [MESSAGE][PASSED] - Object 'Object Repository/all_Objects/label_Password' is present

2018-05-09 02:50:19 - [TEST_STEP][PASSED] - closeBrowser: Browser is closed

2018-05-09 02:50:19 - [MESSAGE][PASSED] - Browser is closed]]></system-out>
         <system-err><![CDATA[]]></system-err>
      </testcase>
      <testcase name="Test Cases/Test User Login Fail" classname="Test Cases/Test User Login Fail" status="PASSED">
         <system-out><![CDATA[2018-05-09 02:50:19 - [TEST_CASE][PASSED] - Test Cases/Test User Login Fail: Test Cases/Test User Login Fail

2018-05-09 02:50:19 - [TEST_STEP][PASSED] - openBrowser: Browser is opened with url: ''

2018-05-09 02:50:20 - [MESSAGE][PASSED] - Browser is opened with url: ''

2018-05-09 02:50:20 - [TEST_STEP][PASSED] - navigateToUrl: Navigate to 'http://34.209.48.20:9089/' successfully

2018-05-09 02:50:33 - [MESSAGE][PASSED] - Navigate to 'http://34.209.48.20:9089/' successfully

2018-05-09 02:50:33 - [TEST_STEP][PASSED] - verifyElementPresent: Object 'Object Repository/all_Objects/header' is present

2018-05-09 02:50:33 - [MESSAGE][WARNING] - Timeout '0' is invalid. Using default page load timeout: '30'

2018-05-09 02:50:33 - [MESSAGE][PASSED] - Object 'Object Repository/all_Objects/header' is present

2018-05-09 02:50:33 - [TEST_STEP][PASSED] - verifyElementPresent: Object 'Object Repository/all_Objects/p_header_description' is present

2018-05-09 02:50:33 - [MESSAGE][WARNING] - Timeout '0' is invalid. Using default page load timeout: '30'

2018-05-09 02:50:33 - [MESSAGE][PASSED] - Object 'Object Repository/all_Objects/p_header_description' is present

2018-05-09 02:50:33 - [TEST_STEP][PASSED] - verifyElementPresent: Object 'Object Repository/all_Objects/h2_Login' is present

2018-05-09 02:50:33 - [MESSAGE][WARNING] - Timeout '0' is invalid. Using default page load timeout: '30'

2018-05-09 02:50:33 - [MESSAGE][PASSED] - Object 'Object Repository/all_Objects/h2_Login' is present

2018-05-09 02:50:33 - [TEST_STEP][PASSED] - verifyElementPresent: Object 'Object Repository/all_Objects/label_Username' is present

2018-05-09 02:50:33 - [MESSAGE][WARNING] - Timeout '0' is invalid. Using default page load timeout: '30'

2018-05-09 02:50:33 - [MESSAGE][PASSED] - Object 'Object Repository/all_Objects/label_Username' is present

2018-05-09 02:50:33 - [TEST_STEP][PASSED] - verifyElementPresent: Object 'Object Repository/all_Objects/label_Password' is present

2018-05-09 02:50:33 - [MESSAGE][WARNING] - Timeout '0' is invalid. Using default page load timeout: '30'

2018-05-09 02:50:33 - [MESSAGE][PASSED] - Object 'Object Repository/all_Objects/label_Password' is present

2018-05-09 02:50:33 - [TEST_STEP][PASSED] - setText: Text 'firefly' is set on object 'Object Repository/all_Objects/input_username'

2018-05-09 02:50:33 - [MESSAGE][PASSED] - Text 'firefly' is set on object 'Object Repository/all_Objects/input_username'

2018-05-09 02:50:33 - [TEST_STEP][PASSED] - setText: Text 'wrongpass' is set on object 'Object Repository/all_Objects/input_password'

2018-05-09 02:50:34 - [MESSAGE][PASSED] - Text 'wrongpass' is set on object 'Object Repository/all_Objects/input_password'

2018-05-09 02:50:34 - [TEST_STEP][PASSED] - click: Object: 'Object Repository/all_Objects/button_Login' is clicked on

2018-05-09 02:50:34 - [MESSAGE][PASSED] - Object: 'Object Repository/all_Objects/button_Login' is clicked on

2018-05-09 02:50:34 - [TEST_STEP][PASSED] - verifyElementPresent: Object 'Object Repository/all_Objects/label_Usernamepassword is inco' is present

2018-05-09 02:50:34 - [MESSAGE][WARNING] - Timeout '0' is invalid. Using default page load timeout: '30'

2018-05-09 02:50:35 - [MESSAGE][PASSED] - Object 'Object Repository/all_Objects/label_Usernamepassword is inco' is present

2018-05-09 02:50:35 - [TEST_STEP][PASSED] - closeBrowser: Browser is closed

2018-05-09 02:50:35 - [MESSAGE][PASSED] - Browser is closed]]></system-out>
         <system-err><![CDATA[]]></system-err>
      </testcase>
      <testcase name="Test Cases/Test Empty Password Field" classname="Test Cases/Test Empty Password Field" status="PASSED">
         <system-out><![CDATA[2018-05-09 02:50:35 - [TEST_CASE][PASSED] - Test Cases/Test Empty Password Field: Test Cases/Test Empty Password Field

2018-05-09 02:50:35 - [TEST_STEP][PASSED] - openBrowser: Browser is opened with url: ''

2018-05-09 02:50:36 - [MESSAGE][PASSED] - Browser is opened with url: ''

2018-05-09 02:50:36 - [TEST_STEP][PASSED] - navigateToUrl: Navigate to 'http://34.209.48.20:9089/' successfully

2018-05-09 02:50:46 - [MESSAGE][PASSED] - Navigate to 'http://34.209.48.20:9089/' successfully

2018-05-09 02:50:46 - [TEST_STEP][PASSED] - verifyElementPresent: Object 'Object Repository/all_Objects/header' is present

2018-05-09 02:50:46 - [MESSAGE][WARNING] - Timeout '0' is invalid. Using default page load timeout: '30'

2018-05-09 02:50:46 - [MESSAGE][PASSED] - Object 'Object Repository/all_Objects/header' is present

2018-05-09 02:50:46 - [TEST_STEP][PASSED] - verifyElementPresent: Object 'Object Repository/all_Objects/p_header_description' is present

2018-05-09 02:50:46 - [MESSAGE][WARNING] - Timeout '0' is invalid. Using default page load timeout: '30'

2018-05-09 02:50:46 - [MESSAGE][PASSED] - Object 'Object Repository/all_Objects/p_header_description' is present

2018-05-09 02:50:46 - [TEST_STEP][PASSED] - verifyElementPresent: Object 'Object Repository/all_Objects/h2_Login' is present

2018-05-09 02:50:46 - [MESSAGE][WARNING] - Timeout '0' is invalid. Using default page load timeout: '30'

2018-05-09 02:50:46 - [MESSAGE][PASSED] - Object 'Object Repository/all_Objects/h2_Login' is present

2018-05-09 02:50:46 - [TEST_STEP][PASSED] - verifyElementPresent: Object 'Object Repository/all_Objects/label_Username' is present

2018-05-09 02:50:46 - [MESSAGE][WARNING] - Timeout '0' is invalid. Using default page load timeout: '30'

2018-05-09 02:50:46 - [MESSAGE][PASSED] - Object 'Object Repository/all_Objects/label_Username' is present

2018-05-09 02:50:46 - [TEST_STEP][PASSED] - verifyElementPresent: Object 'Object Repository/all_Objects/label_Password' is present

2018-05-09 02:50:46 - [MESSAGE][WARNING] - Timeout '0' is invalid. Using default page load timeout: '30'

2018-05-09 02:50:46 - [MESSAGE][PASSED] - Object 'Object Repository/all_Objects/label_Password' is present

2018-05-09 02:50:46 - [TEST_STEP][PASSED] - verifyElementPresent: Object 'Object Repository/all_Objects/div_Login' is present

2018-05-09 02:50:46 - [MESSAGE][WARNING] - Timeout '0' is invalid. Using default page load timeout: '30'

2018-05-09 02:50:46 - [MESSAGE][PASSED] - Object 'Object Repository/all_Objects/div_Login' is present

2018-05-09 02:50:46 - [TEST_STEP][PASSED] - setText: Text 'admin' is set on object 'Object Repository/all_Objects/input_username'

2018-05-09 02:50:46 - [MESSAGE][PASSED] - Text 'admin' is set on object 'Object Repository/all_Objects/input_username'

2018-05-09 02:50:46 - [TEST_STEP][PASSED] - setText: Text '' is set on object 'Object Repository/all_Objects/input_password'

2018-05-09 02:50:46 - [MESSAGE][PASSED] - Text '' is set on object 'Object Repository/all_Objects/input_password'

2018-05-09 02:50:46 - [TEST_STEP][PASSED] - click: Object: 'Object Repository/all_Objects/button_Login' is clicked on

2018-05-09 02:50:46 - [MESSAGE][PASSED] - Object: 'Object Repository/all_Objects/button_Login' is clicked on

2018-05-09 02:50:46 - [TEST_STEP][PASSED] - verifyElementPresent: Object 'Object Repository/all_Objects/label_Password is required' is present

2018-05-09 02:50:46 - [MESSAGE][WARNING] - Timeout '0' is invalid. Using default page load timeout: '30'

2018-05-09 02:50:46 - [MESSAGE][PASSED] - Object 'Object Repository/all_Objects/label_Password is required' is present

2018-05-09 02:50:46 - [TEST_STEP][PASSED] - closeBrowser: Browser is closed

2018-05-09 02:50:47 - [MESSAGE][PASSED] - Browser is closed]]></system-out>
         <system-err><![CDATA[]]></system-err>
      </testcase>
      <testcase name="Test Cases/Test Empty Password Field" classname="Test Cases/Test Empty Password Field" status="PASSED">
         <system-out><![CDATA[2018-05-09 02:50:47 - [TEST_CASE][PASSED] - Test Cases/Test Empty Password Field: Test Cases/Test Empty Password Field

2018-05-09 02:50:47 - [TEST_STEP][PASSED] - openBrowser: Browser is opened with url: ''

2018-05-09 02:50:48 - [MESSAGE][PASSED] - Browser is opened with url: ''

2018-05-09 02:50:48 - [TEST_STEP][PASSED] - navigateToUrl: Navigate to 'http://34.209.48.20:9089/' successfully

2018-05-09 02:51:01 - [MESSAGE][PASSED] - Navigate to 'http://34.209.48.20:9089/' successfully

2018-05-09 02:51:01 - [TEST_STEP][PASSED] - verifyElementPresent: Object 'Object Repository/all_Objects/header' is present

2018-05-09 02:51:01 - [MESSAGE][WARNING] - Timeout '0' is invalid. Using default page load timeout: '30'

2018-05-09 02:51:01 - [MESSAGE][PASSED] - Object 'Object Repository/all_Objects/header' is present

2018-05-09 02:51:01 - [TEST_STEP][PASSED] - verifyElementPresent: Object 'Object Repository/all_Objects/p_header_description' is present

2018-05-09 02:51:01 - [MESSAGE][WARNING] - Timeout '0' is invalid. Using default page load timeout: '30'

2018-05-09 02:51:01 - [MESSAGE][PASSED] - Object 'Object Repository/all_Objects/p_header_description' is present

2018-05-09 02:51:01 - [TEST_STEP][PASSED] - verifyElementPresent: Object 'Object Repository/all_Objects/h2_Login' is present

2018-05-09 02:51:01 - [MESSAGE][WARNING] - Timeout '0' is invalid. Using default page load timeout: '30'

2018-05-09 02:51:01 - [MESSAGE][PASSED] - Object 'Object Repository/all_Objects/h2_Login' is present

2018-05-09 02:51:01 - [TEST_STEP][PASSED] - verifyElementPresent: Object 'Object Repository/all_Objects/label_Username' is present

2018-05-09 02:51:01 - [MESSAGE][WARNING] - Timeout '0' is invalid. Using default page load timeout: '30'

2018-05-09 02:51:02 - [MESSAGE][PASSED] - Object 'Object Repository/all_Objects/label_Username' is present

2018-05-09 02:51:02 - [TEST_STEP][PASSED] - verifyElementPresent: Object 'Object Repository/all_Objects/label_Password' is present

2018-05-09 02:51:02 - [MESSAGE][WARNING] - Timeout '0' is invalid. Using default page load timeout: '30'

2018-05-09 02:51:02 - [MESSAGE][PASSED] - Object 'Object Repository/all_Objects/label_Password' is present

2018-05-09 02:51:02 - [TEST_STEP][PASSED] - verifyElementPresent: Object 'Object Repository/all_Objects/div_Login' is present

2018-05-09 02:51:02 - [MESSAGE][WARNING] - Timeout '0' is invalid. Using default page load timeout: '30'

2018-05-09 02:51:02 - [MESSAGE][PASSED] - Object 'Object Repository/all_Objects/div_Login' is present

2018-05-09 02:51:02 - [TEST_STEP][PASSED] - setText: Text 'user' is set on object 'Object Repository/all_Objects/input_username'

2018-05-09 02:51:02 - [MESSAGE][PASSED] - Text 'user' is set on object 'Object Repository/all_Objects/input_username'

2018-05-09 02:51:02 - [TEST_STEP][PASSED] - setText: Text '' is set on object 'Object Repository/all_Objects/input_password'

2018-05-09 02:51:02 - [MESSAGE][PASSED] - Text '' is set on object 'Object Repository/all_Objects/input_password'

2018-05-09 02:51:02 - [TEST_STEP][PASSED] - click: Object: 'Object Repository/all_Objects/button_Login' is clicked on

2018-05-09 02:51:02 - [MESSAGE][PASSED] - Object: 'Object Repository/all_Objects/button_Login' is clicked on

2018-05-09 02:51:02 - [TEST_STEP][PASSED] - verifyElementPresent: Object 'Object Repository/all_Objects/label_Password is required' is present

2018-05-09 02:51:02 - [MESSAGE][WARNING] - Timeout '0' is invalid. Using default page load timeout: '30'

2018-05-09 02:51:02 - [MESSAGE][PASSED] - Object 'Object Repository/all_Objects/label_Password is required' is present

2018-05-09 02:51:02 - [TEST_STEP][PASSED] - closeBrowser: Browser is closed

2018-05-09 02:51:02 - [MESSAGE][PASSED] - Browser is closed]]></system-out>
         <system-err><![CDATA[]]></system-err>
      </testcase>
      <testcase name="Test Cases/Test Empty Password Field" classname="Test Cases/Test Empty Password Field" status="PASSED">
         <system-out><![CDATA[2018-05-09 02:51:02 - [TEST_CASE][PASSED] - Test Cases/Test Empty Password Field: Test Cases/Test Empty Password Field

2018-05-09 02:51:02 - [TEST_STEP][PASSED] - openBrowser: Browser is opened with url: ''

2018-05-09 02:51:04 - [MESSAGE][PASSED] - Browser is opened with url: ''

2018-05-09 02:51:04 - [TEST_STEP][PASSED] - navigateToUrl: Navigate to 'http://34.209.48.20:9089/' successfully

2018-05-09 02:51:14 - [MESSAGE][PASSED] - Navigate to 'http://34.209.48.20:9089/' successfully

2018-05-09 02:51:14 - [TEST_STEP][PASSED] - verifyElementPresent: Object 'Object Repository/all_Objects/header' is present

2018-05-09 02:51:14 - [MESSAGE][WARNING] - Timeout '0' is invalid. Using default page load timeout: '30'

2018-05-09 02:51:14 - [MESSAGE][PASSED] - Object 'Object Repository/all_Objects/header' is present

2018-05-09 02:51:14 - [TEST_STEP][PASSED] - verifyElementPresent: Object 'Object Repository/all_Objects/p_header_description' is present

2018-05-09 02:51:14 - [MESSAGE][WARNING] - Timeout '0' is invalid. Using default page load timeout: '30'

2018-05-09 02:51:14 - [MESSAGE][PASSED] - Object 'Object Repository/all_Objects/p_header_description' is present

2018-05-09 02:51:14 - [TEST_STEP][PASSED] - verifyElementPresent: Object 'Object Repository/all_Objects/h2_Login' is present

2018-05-09 02:51:14 - [MESSAGE][WARNING] - Timeout '0' is invalid. Using default page load timeout: '30'

2018-05-09 02:51:14 - [MESSAGE][PASSED] - Object 'Object Repository/all_Objects/h2_Login' is present

2018-05-09 02:51:14 - [TEST_STEP][PASSED] - verifyElementPresent: Object 'Object Repository/all_Objects/label_Username' is present

2018-05-09 02:51:14 - [MESSAGE][WARNING] - Timeout '0' is invalid. Using default page load timeout: '30'

2018-05-09 02:51:14 - [MESSAGE][PASSED] - Object 'Object Repository/all_Objects/label_Username' is present

2018-05-09 02:51:14 - [TEST_STEP][PASSED] - verifyElementPresent: Object 'Object Repository/all_Objects/label_Password' is present

2018-05-09 02:51:14 - [MESSAGE][WARNING] - Timeout '0' is invalid. Using default page load timeout: '30'

2018-05-09 02:51:14 - [MESSAGE][PASSED] - Object 'Object Repository/all_Objects/label_Password' is present

2018-05-09 02:51:14 - [TEST_STEP][PASSED] - verifyElementPresent: Object 'Object Repository/all_Objects/div_Login' is present

2018-05-09 02:51:14 - [MESSAGE][WARNING] - Timeout '0' is invalid. Using default page load timeout: '30'

2018-05-09 02:51:14 - [MESSAGE][PASSED] - Object 'Object Repository/all_Objects/div_Login' is present

2018-05-09 02:51:14 - [TEST_STEP][PASSED] - setText: Text 'hello' is set on object 'Object Repository/all_Objects/input_username'

2018-05-09 02:51:15 - [MESSAGE][PASSED] - Text 'hello' is set on object 'Object Repository/all_Objects/input_username'

2018-05-09 02:51:15 - [TEST_STEP][PASSED] - setText: Text '' is set on object 'Object Repository/all_Objects/input_password'

2018-05-09 02:51:15 - [MESSAGE][PASSED] - Text '' is set on object 'Object Repository/all_Objects/input_password'

2018-05-09 02:51:15 - [TEST_STEP][PASSED] - click: Object: 'Object Repository/all_Objects/button_Login' is clicked on

2018-05-09 02:51:15 - [MESSAGE][PASSED] - Object: 'Object Repository/all_Objects/button_Login' is clicked on

2018-05-09 02:51:15 - [TEST_STEP][PASSED] - verifyElementPresent: Object 'Object Repository/all_Objects/label_Password is required' is present

2018-05-09 02:51:15 - [MESSAGE][WARNING] - Timeout '0' is invalid. Using default page load timeout: '30'

2018-05-09 02:51:15 - [MESSAGE][PASSED] - Object 'Object Repository/all_Objects/label_Password is required' is present

2018-05-09 02:51:15 - [TEST_STEP][PASSED] - closeBrowser: Browser is closed

2018-05-09 02:51:15 - [MESSAGE][PASSED] - Browser is closed]]></system-out>
         <system-err><![CDATA[]]></system-err>
      </testcase>
      <system-out><![CDATA[2018-05-09 02:47:38 - [TEST_SUITE][FAILED] - Data-Driven Test Suites: Test Cases/Test Admin Login FAILED because (of) Unable to verify object 'Object Repository/Page_ProjectBackend (3)/div_Products' is present (Root cause: com.kms.katalon.core.webui.exception.WebElementNotFoundException: Web element with id: 'Object Repository/Page_ProjectBackend (3)/div_Products' located by 'By.xpath: //div[@id = 'navbarSupportedContent' and (text() = '
      
        
          Products
          
        
        
        
          Total Transaction
        
      
      Logout
    ' or . = '
      
        
          Products
          
        
        
        
          Total Transaction
        
      
      Logout
    ')]' not found)]]></system-out>
      <system-err><![CDATA[2018-05-09 02:47:38 - [TEST_SUITE][FAILED] - Data-Driven Test Suites: Test Cases/Test Admin Login FAILED because (of) Unable to verify object 'Object Repository/Page_ProjectBackend (3)/div_Products' is present (Root cause: com.kms.katalon.core.webui.exception.WebElementNotFoundException: Web element with id: 'Object Repository/Page_ProjectBackend (3)/div_Products' located by 'By.xpath: //div[@id = 'navbarSupportedContent' and (text() = '
      
        
          Products
          
        
        
        
          Total Transaction
        
      
      Logout
    ' or . = '
      
        
          Products
          
        
        
        
          Total Transaction
        
      
      Logout
    ')]' not found)]]></system-err>
   </testsuite>
</testsuites>
