<?xml version="1.0" encoding="UTF-8"?>
<testsuites name="Test_Admin" time="53" tests="0" failures="1" errors="0">
   <testsuite name="Test_Admin" tests="0" failures="1" errors="0" time="53" timestamp="2018-05-08 20:38:48" hostname="snailwalker - 192.168.0.101" id="Test Suites/Test_Admin">
      <properties>
         <property name="deviceName" value=""/>
         <property name="devicePlatform" value=""/>
         <property name="logFolder" value="/Users/snailwalker/Documents/workspace/backend/katalon/Reports/Test_Admin/20180508_203846"/>
         <property name="logFiles" value="/Users/snailwalker/Documents/workspace/backend/katalon/Reports/Test_Admin/20180508_203846/execution0.log"/>
         <property name="attachments" value="/Users/snailwalker/Documents/workspace/backend/katalon/Reports/Test_Admin/20180508_203846/1525786779384.png, /Users/snailwalker/Documents/workspace/backend/katalon/Reports/Test_Admin/20180508_203846/1525786780368.png"/>
         <property name="hostName" value="snailwalker - 192.168.0.101"/>
         <property name="os" value="Mac OS X 64bit"/>
         <property name="katalonVersion" value="5.4.1.1"/>
         <property name="browser" value="Chrome 66.0.3359.139"/>
         <property name="hostAddress" value="192.168.0.101"/>
         <property name="sessionId" value="52c808b9658fcb7242e0cf9231afa378"/>
         <property name="seleniumVersion" value="3.7.1"/>
         <property name="proxyInformation" value="ProxyInformation{proxyOption=NO_PROXY, proxyServerType=HTTP, password=, proxyServerAddress=, proxyServerPort=0}"/>
         <property name="platform" value="Mac OS X"/>
      </properties>
      <testcase name="Test Cases/Test Admin Login" classname="Test Cases/Test Admin Login" status="FAILED">
         <failure type="FAILED" message="Unable to verify object 'Object Repository/Page_ProjectBackend (3)/div_Transaction List' is present (Root cause: com.kms.katalon.core.webui.exception.WebElementNotFoundException: Web element with id: 'Object Repository/Page_ProjectBackend (3)/div_Transaction List' located by 'By.xpath: //div[(text() = '
        Transaction List
        
        
      ' or . = '
        Transaction List
        
        
      ')]' not found)"/>
         <system-out><![CDATA[2018-05-08 20:38:48 - [TEST_CASE][FAILED] - Test Cases/Test Admin Login: Test Cases/Test Admin Login FAILED because (of) Unable to verify object 'Object Repository/Page_ProjectBackend (3)/div_Transaction List' is present (Root cause: com.kms.katalon.core.webui.exception.WebElementNotFoundException: Web element with id: 'Object Repository/Page_ProjectBackend (3)/div_Transaction List' located by 'By.xpath: //div[(text() = '
        Transaction List
        
        
      ' or . = '
        Transaction List
        
        
      ')]' not found)

2018-05-08 20:38:49 - [TEST_STEP][PASSED] - openBrowser: Browser is opened with url: ''

2018-05-08 20:38:52 - [MESSAGE][PASSED] - Browser is opened with url: ''

2018-05-08 20:38:52 - [TEST_STEP][PASSED] - navigateToUrl: Navigate to 'http://34.209.48.20:9089/' successfully

2018-05-08 20:39:06 - [MESSAGE][PASSED] - Navigate to 'http://34.209.48.20:9089/' successfully

2018-05-08 20:39:06 - [TEST_STEP][PASSED] - verifyElementPresent: Object 'Object Repository/Page_ProjectBackend (3)/h1_SE 234 Project' is present

2018-05-08 20:39:06 - [MESSAGE][WARNING] - Timeout '0' is invalid. Using default page load timeout: '30'

2018-05-08 20:39:06 - [MESSAGE][PASSED] - Object 'Object Repository/Page_ProjectBackend (3)/h1_SE 234 Project' is present

2018-05-08 20:39:06 - [TEST_STEP][PASSED] - verifyElementPresent: Object 'Object Repository/Page_ProjectBackend (3)/p_This is the mock app for the' is present

2018-05-08 20:39:06 - [MESSAGE][WARNING] - Timeout '0' is invalid. Using default page load timeout: '30'

2018-05-08 20:39:06 - [MESSAGE][PASSED] - Object 'Object Repository/Page_ProjectBackend (3)/p_This is the mock app for the' is present

2018-05-08 20:39:06 - [TEST_STEP][PASSED] - verifyElementPresent: Object 'Object Repository/Page_ProjectBackend (3)/h2_Login' is present

2018-05-08 20:39:06 - [MESSAGE][WARNING] - Timeout '0' is invalid. Using default page load timeout: '30'

2018-05-08 20:39:06 - [MESSAGE][PASSED] - Object 'Object Repository/Page_ProjectBackend (3)/h2_Login' is present

2018-05-08 20:39:06 - [TEST_STEP][PASSED] - verifyElementPresent: Object 'Object Repository/Page_ProjectBackend (3)/div_Username' is present

2018-05-08 20:39:06 - [MESSAGE][WARNING] - Timeout '0' is invalid. Using default page load timeout: '30'

2018-05-08 20:39:06 - [MESSAGE][PASSED] - Object 'Object Repository/Page_ProjectBackend (3)/div_Username' is present

2018-05-08 20:39:06 - [TEST_STEP][PASSED] - verifyElementPresent: Object 'Object Repository/Page_ProjectBackend (3)/div_Password' is present

2018-05-08 20:39:06 - [MESSAGE][WARNING] - Timeout '0' is invalid. Using default page load timeout: '30'

2018-05-08 20:39:06 - [MESSAGE][PASSED] - Object 'Object Repository/Page_ProjectBackend (3)/div_Password' is present

2018-05-08 20:39:06 - [TEST_STEP][PASSED] - verifyElementPresent: Object 'Object Repository/Page_ProjectBackend (3)/div_Login' is present

2018-05-08 20:39:06 - [MESSAGE][WARNING] - Timeout '0' is invalid. Using default page load timeout: '30'

2018-05-08 20:39:06 - [MESSAGE][PASSED] - Object 'Object Repository/Page_ProjectBackend (3)/div_Login' is present

2018-05-08 20:39:06 - [TEST_STEP][PASSED] - setText: Text 'admin' is set on object 'Object Repository/Page_ProjectBackend (3)/input_username'

2018-05-08 20:39:07 - [MESSAGE][PASSED] - Text 'admin' is set on object 'Object Repository/Page_ProjectBackend (3)/input_username'

2018-05-08 20:39:07 - [TEST_STEP][PASSED] - setText: Text 'admin' is set on object 'Object Repository/Page_ProjectBackend (3)/input_password'

2018-05-08 20:39:07 - [MESSAGE][PASSED] - Text 'admin' is set on object 'Object Repository/Page_ProjectBackend (3)/input_password'

2018-05-08 20:39:07 - [TEST_STEP][PASSED] - click: Object: 'Object Repository/Page_ProjectBackend (3)/button_Login' is clicked on

2018-05-08 20:39:07 - [MESSAGE][PASSED] - Object: 'Object Repository/Page_ProjectBackend (3)/button_Login' is clicked on

2018-05-08 20:39:07 - [TEST_STEP][PASSED] - verifyElementPresent: Object 'Object Repository/Page_ProjectBackend (3)/p_This is the mock app for the' is present

2018-05-08 20:39:07 - [MESSAGE][WARNING] - Timeout '0' is invalid. Using default page load timeout: '30'

2018-05-08 20:39:07 - [MESSAGE][PASSED] - Object 'Object Repository/Page_ProjectBackend (3)/p_This is the mock app for the' is present

2018-05-08 20:39:07 - [TEST_STEP][PASSED] - verifyElementPresent: Object 'Object Repository/Page_ProjectBackend (3)/div_Products' is present

2018-05-08 20:39:07 - [MESSAGE][WARNING] - Timeout '0' is invalid. Using default page load timeout: '30'

2018-05-08 20:39:08 - [MESSAGE][PASSED] - Object 'Object Repository/Page_ProjectBackend (3)/div_Products' is present

2018-05-08 20:39:08 - [TEST_STEP][PASSED] - verifyElementPresent: Object 'Object Repository/Page_ProjectBackend (3)/a_Total Transaction' is present

2018-05-08 20:39:08 - [MESSAGE][WARNING] - Timeout '0' is invalid. Using default page load timeout: '30'

2018-05-08 20:39:08 - [MESSAGE][PASSED] - Object 'Object Repository/Page_ProjectBackend (3)/a_Total Transaction' is present

2018-05-08 20:39:08 - [TEST_STEP][FAILED] - verifyElementPresent: Unable to verify object 'Object Repository/Page_ProjectBackend (3)/div_Transaction List' is present (Root cause: com.kms.katalon.core.webui.exception.WebElementNotFoundException: Web element with id: 'Object Repository/Page_ProjectBackend (3)/div_Transaction List' located by 'By.xpath: //div[(text() = '
        Transaction List
        
        
      ' or . = '
        Transaction List
        
        
      ')]' not found)

2018-05-08 20:39:08 - [MESSAGE][WARNING] - Timeout '0' is invalid. Using default page load timeout: '30'

2018-05-08 20:39:40 - [MESSAGE][FAILED] - com.kms.katalon.core.webui.exception.WebElementNotFoundException: Web element with id: 'Object Repository/Page_ProjectBackend (3)/div_Transaction List' located by 'By.xpath: //div[(text() = '
        Transaction List
        
        
      ' or . = '
        Transaction List
        
        
      ')]' not found
[[ATTACHMENT|/Users/snailwalker/Documents/workspace/backend/katalon/Reports/Test_Admin/20180508_203846/1525786779384.png]]

2018-05-08 20:39:41 - [MESSAGE][FAILED] - Unable to verify object 'Object Repository/Page_ProjectBackend (3)/div_Transaction List' is present (Root cause: com.kms.katalon.core.webui.exception.WebElementNotFoundException: Web element with id: 'Object Repository/Page_ProjectBackend (3)/div_Transaction List' located by 'By.xpath: //div[(text() = '
        Transaction List
        
        
      ' or . = '
        Transaction List
        
        
      ')]' not found)
[[ATTACHMENT|/Users/snailwalker/Documents/workspace/backend/katalon/Reports/Test_Admin/20180508_203846/1525786780368.png]]]]></system-out>
         <system-err><![CDATA[2018-05-08 20:38:48 - [TEST_CASE][FAILED] - Test Cases/Test Admin Login: Test Cases/Test Admin Login FAILED because (of) Unable to verify object 'Object Repository/Page_ProjectBackend (3)/div_Transaction List' is present (Root cause: com.kms.katalon.core.webui.exception.WebElementNotFoundException: Web element with id: 'Object Repository/Page_ProjectBackend (3)/div_Transaction List' located by 'By.xpath: //div[(text() = '
        Transaction List
        
        
      ' or . = '
        Transaction List
        
        
      ')]' not found)]]></system-err>
      </testcase>
      <system-out><![CDATA[2018-05-08 20:38:48 - [TEST_SUITE][FAILED] - Test_Admin: Test Cases/Test Admin Login FAILED because (of) Unable to verify object 'Object Repository/Page_ProjectBackend (3)/div_Transaction List' is present (Root cause: com.kms.katalon.core.webui.exception.WebElementNotFoundException: Web element with id: 'Object Repository/Page_ProjectBackend (3)/div_Transaction List' located by 'By.xpath: //div[(text() = '
        Transaction List
        
        
      ' or . = '
        Transaction List
        
        
      ')]' not found)]]></system-out>
      <system-err><![CDATA[2018-05-08 20:38:48 - [TEST_SUITE][FAILED] - Test_Admin: Test Cases/Test Admin Login FAILED because (of) Unable to verify object 'Object Repository/Page_ProjectBackend (3)/div_Transaction List' is present (Root cause: com.kms.katalon.core.webui.exception.WebElementNotFoundException: Web element with id: 'Object Repository/Page_ProjectBackend (3)/div_Transaction List' located by 'By.xpath: //div[(text() = '
        Transaction List
        
        
      ' or . = '
        Transaction List
        
        
      ')]' not found)]]></system-err>
   </testsuite>
</testsuites>
