<?xml version="1.0" encoding="UTF-8"?>
<testsuites name="All Test Cases" time="14" tests="0" failures="0" errors="1">
   <testsuite name="All Test Cases" tests="0" failures="0" errors="1" time="14" timestamp="2018-05-09 00:22:05" hostname="snailwalker - 192.168.0.101" id="Test Suites/All Test Cases">
      <properties>
         <property name="deviceName" value=""/>
         <property name="devicePlatform" value=""/>
         <property name="logFolder" value="/Users/snailwalker/Documents/workspace/backend/katalon/Reports/All Test Cases/20180509_002203"/>
         <property name="logFiles" value="/Users/snailwalker/Documents/workspace/backend/katalon/Reports/All Test Cases/20180509_002203/execution0.log"/>
         <property name="attachments" value=""/>
         <property name="hostName" value="snailwalker - 192.168.0.101"/>
         <property name="os" value="Mac OS X 64bit"/>
         <property name="katalonVersion" value="5.4.1.1"/>
         <property name="browser" value="Chrome 66.0.3359.139"/>
         <property name="hostAddress" value="192.168.0.101"/>
         <property name="sessionId" value="7b25f6932d6d43b9e4fd072d59734fc5"/>
         <property name="seleniumVersion" value="3.7.1"/>
         <property name="proxyInformation" value="ProxyInformation{proxyOption=NO_PROXY, proxyServerType=HTTP, password=, proxyServerAddress=, proxyServerPort=0}"/>
         <property name="platform" value="Mac OS X"/>
      </properties>
      <testcase name="Test Cases/Test Available Products for Users" classname="Test Cases/Test Available Products for Users" status="ERROR">
         <error type="ERROR" message="Test Cases/Test Available Products for Users FAILED because (of) java.util.IllegalFormatConversionException: f != java.lang.String"/>
         <system-out><![CDATA[2018-05-09 00:22:06 - [TEST_CASE][ERROR] - Test Cases/Test Available Products for Users: Test Cases/Test Available Products for Users FAILED because (of) java.util.IllegalFormatConversionException: f != java.lang.String

2018-05-09 00:22:06 - [TEST_STEP][PASSED] - openBrowser: Browser is opened with url: ''

2018-05-09 00:22:09 - [MESSAGE][PASSED] - Browser is opened with url: ''

2018-05-09 00:22:09 - [TEST_STEP][PASSED] - navigateToUrl: Navigate to 'http://34.209.48.20:9089/' successfully

2018-05-09 00:22:17 - [MESSAGE][PASSED] - Navigate to 'http://34.209.48.20:9089/' successfully

2018-05-09 00:22:17 - [TEST_STEP][PASSED] - verifyElementPresent: Object 'Object Repository/all_Objects/header' is present

2018-05-09 00:22:17 - [MESSAGE][WARNING] - Timeout '0' is invalid. Using default page load timeout: '30'

2018-05-09 00:22:17 - [MESSAGE][PASSED] - Object 'Object Repository/all_Objects/header' is present

2018-05-09 00:22:17 - [TEST_STEP][PASSED] - verifyElementPresent: Object 'Object Repository/all_Objects/p_header_description' is present

2018-05-09 00:22:17 - [MESSAGE][WARNING] - Timeout '0' is invalid. Using default page load timeout: '30'

2018-05-09 00:22:17 - [MESSAGE][PASSED] - Object 'Object Repository/all_Objects/p_header_description' is present

2018-05-09 00:22:17 - [TEST_STEP][PASSED] - verifyElementPresent: Object 'Object Repository/all_Objects/h2_Login' is present

2018-05-09 00:22:17 - [MESSAGE][WARNING] - Timeout '0' is invalid. Using default page load timeout: '30'

2018-05-09 00:22:17 - [MESSAGE][PASSED] - Object 'Object Repository/all_Objects/h2_Login' is present

2018-05-09 00:22:17 - [TEST_STEP][PASSED] - verifyElementPresent: Object 'Object Repository/all_Objects/label_Username' is present

2018-05-09 00:22:17 - [MESSAGE][WARNING] - Timeout '0' is invalid. Using default page load timeout: '30'

2018-05-09 00:22:17 - [MESSAGE][PASSED] - Object 'Object Repository/all_Objects/label_Username' is present

2018-05-09 00:22:17 - [TEST_STEP][PASSED] - verifyElementPresent: Object 'Object Repository/all_Objects/label_Password' is present

2018-05-09 00:22:17 - [MESSAGE][WARNING] - Timeout '0' is invalid. Using default page load timeout: '30'

2018-05-09 00:22:17 - [MESSAGE][PASSED] - Object 'Object Repository/all_Objects/label_Password' is present

2018-05-09 00:22:17 - [TEST_STEP][PASSED] - click: Object: 'Object Repository/all_Objects/h2_Login' is clicked on

2018-05-09 00:22:17 - [MESSAGE][PASSED] - Object: 'Object Repository/all_Objects/h2_Login' is clicked on

2018-05-09 00:22:17 - [TEST_STEP][PASSED] - setText: Text 'user' is set on object 'Object Repository/all_Objects/input_username'

2018-05-09 00:22:18 - [MESSAGE][PASSED] - Text 'user' is set on object 'Object Repository/all_Objects/input_username'

2018-05-09 00:22:18 - [TEST_STEP][PASSED] - setText: Text 'user' is set on object 'Object Repository/all_Objects/input_password'

2018-05-09 00:22:18 - [MESSAGE][PASSED] - Text 'user' is set on object 'Object Repository/all_Objects/input_password'

2018-05-09 00:22:18 - [TEST_STEP][PASSED] - click: Object: 'Object Repository/all_Objects/button_Login' is clicked on

2018-05-09 00:22:18 - [MESSAGE][PASSED] - Object: 'Object Repository/all_Objects/button_Login' is clicked on

2018-05-09 00:22:18 - [TEST_STEP][PASSED] - verifyElementText: Actual text and expected text of test object 'Object Repository/all_Objects/h5_Garden' are matched.

2018-05-09 00:22:20 - [MESSAGE][PASSED] - Actual text and expected text of test object 'Object Repository/all_Objects/h5_Garden' are matched.

2018-05-09 00:22:20 - [TEST_STEP][PASSED] - verifyElementText: Actual text and expected text of test object 'Object Repository/all_Objects/p_The garden which you can gro' are matched.

2018-05-09 00:22:20 - [MESSAGE][PASSED] - Actual text and expected text of test object 'Object Repository/all_Objects/p_The garden which you can gro' are matched.

2018-05-09 00:22:20 - [TEST_STEP][PASSED] - verifyElementText: Finding Test Object with id 'Object Repository/all_Objects/h6_Price is 20000.00 THB']]></system-out>
         <system-err><![CDATA[2018-05-09 00:22:06 - [TEST_CASE][ERROR] - Test Cases/Test Available Products for Users: Test Cases/Test Available Products for Users FAILED because (of) java.util.IllegalFormatConversionException: f != java.lang.String]]></system-err>
      </testcase>
      <system-out><![CDATA[2018-05-09 00:22:05 - [TEST_SUITE][ERROR] - All Test Cases: Test Cases/Test Available Products for Users FAILED because (of) java.util.IllegalFormatConversionException: f != java.lang.String]]></system-out>
      <system-err><![CDATA[2018-05-09 00:22:05 - [TEST_SUITE][ERROR] - All Test Cases: Test Cases/Test Available Products for Users FAILED because (of) java.util.IllegalFormatConversionException: f != java.lang.String]]></system-err>
   </testsuite>
</testsuites>
