<?xml version="1.0" encoding="UTF-8"?>
<testsuites name="Test_User_Login" time="84" tests="0" failures="2" errors="0">
   <testsuite name="Test_User_Login" tests="0" failures="2" errors="0" time="84" timestamp="2018-05-08 22:08:49" hostname="snailwalker - 192.168.0.101" id="Test Suites/Test_User_Login">
      <properties>
         <property name="deviceName" value=""/>
         <property name="devicePlatform" value=""/>
         <property name="logFolder" value="/Users/snailwalker/Documents/workspace/backend/katalon/Reports/Test_User_Login/20180508_220847"/>
         <property name="logFiles" value="/Users/snailwalker/Documents/workspace/backend/katalon/Reports/Test_User_Login/20180508_220847/execution0.log"/>
         <property name="attachments" value="/Users/snailwalker/Documents/workspace/backend/katalon/Reports/Test_User_Login/20180508_220847/1525792178324.png, /Users/snailwalker/Documents/workspace/backend/katalon/Reports/Test_User_Login/20180508_220847/1525792178850.png"/>
         <property name="hostName" value="snailwalker - 192.168.0.101"/>
         <property name="os" value="Mac OS X 64bit"/>
         <property name="katalonVersion" value="5.4.1.1"/>
         <property name="browser" value="Chrome 66.0.3359.139"/>
         <property name="hostAddress" value="192.168.0.101"/>
         <property name="sessionId" value="8c88db7dc22e88245110141fd6bb0a0c"/>
         <property name="seleniumVersion" value="3.7.1"/>
         <property name="proxyInformation" value="ProxyInformation{proxyOption=NO_PROXY, proxyServerType=HTTP, password=, proxyServerAddress=, proxyServerPort=0}"/>
         <property name="platform" value="Mac OS X"/>
      </properties>
      <testcase name="Test Cases/Test User Login" classname="Test Cases/Test User Login" status="FAILED">
         <failure type="FAILED" message="Unable to verify object 'Object Repository/all_Objects/div_confirm' is present (Root cause: com.kms.katalon.core.webui.exception.WebElementNotFoundException: Web element with id: 'Object Repository/all_Objects/div_confirm' located by 'By.xpath: id(&quot;add-row&quot;)/div[@class=&quot;col-12 col-md-9 col-xl-8 py-md-3 pl-md-5 bd-content&quot;]/div[@class=&quot;row&quot;]/div[@class=&quot;offset-9 col-3&quot;][count(. | //div[(text() = '
             confirm
        ' or . = '
             confirm
        ')]) = count(//div[(text() = '
             confirm
        ' or . = '
             confirm
        ')])]' not found)"/>
         <system-out><![CDATA[2018-05-08 22:08:49 - [TEST_CASE][FAILED] - Test Cases/Test User Login: Test Cases/Test User Login FAILED because (of) Unable to verify object 'Object Repository/all_Objects/div_confirm' is present (Root cause: com.kms.katalon.core.webui.exception.WebElementNotFoundException: Web element with id: 'Object Repository/all_Objects/div_confirm' located by 'By.xpath: id("add-row")/div[@class="col-12 col-md-9 col-xl-8 py-md-3 pl-md-5 bd-content"]/div[@class="row"]/div[@class="offset-9 col-3"][count(. | //div[(text() = '
             confirm
        ' or . = '
             confirm
        ')]) = count(//div[(text() = '
             confirm
        ' or . = '
             confirm
        ')])]' not found)

2018-05-08 22:08:50 - [TEST_STEP][PASSED] - openBrowser: Browser is opened with url: ''

2018-05-08 22:08:52 - [MESSAGE][PASSED] - Browser is opened with url: ''

2018-05-08 22:08:52 - [TEST_STEP][PASSED] - navigateToUrl: Navigate to 'http://34.209.48.20:9089/' successfully

2018-05-08 22:09:04 - [MESSAGE][PASSED] - Navigate to 'http://34.209.48.20:9089/' successfully

2018-05-08 22:09:04 - [TEST_STEP][PASSED] - verifyElementPresent: Object 'Object Repository/all_Objects/header' is present

2018-05-08 22:09:04 - [MESSAGE][WARNING] - Timeout '0' is invalid. Using default page load timeout: '30'

2018-05-08 22:09:04 - [MESSAGE][PASSED] - Object 'Object Repository/all_Objects/header' is present

2018-05-08 22:09:04 - [TEST_STEP][PASSED] - verifyElementPresent: Object 'Object Repository/all_Objects/p_header_description' is present

2018-05-08 22:09:04 - [MESSAGE][WARNING] - Timeout '0' is invalid. Using default page load timeout: '30'

2018-05-08 22:09:04 - [MESSAGE][PASSED] - Object 'Object Repository/all_Objects/p_header_description' is present

2018-05-08 22:09:04 - [TEST_STEP][PASSED] - verifyElementPresent: Object 'Object Repository/all_Objects/h2_Login' is present

2018-05-08 22:09:04 - [MESSAGE][WARNING] - Timeout '0' is invalid. Using default page load timeout: '30'

2018-05-08 22:09:04 - [MESSAGE][PASSED] - Object 'Object Repository/all_Objects/h2_Login' is present

2018-05-08 22:09:04 - [TEST_STEP][PASSED] - verifyElementPresent: Object 'Object Repository/all_Objects/label_Username' is present

2018-05-08 22:09:04 - [MESSAGE][WARNING] - Timeout '0' is invalid. Using default page load timeout: '30'

2018-05-08 22:09:04 - [MESSAGE][PASSED] - Object 'Object Repository/all_Objects/label_Username' is present

2018-05-08 22:09:04 - [TEST_STEP][PASSED] - verifyElementPresent: Object 'Object Repository/all_Objects/label_Password' is present

2018-05-08 22:09:04 - [MESSAGE][WARNING] - Timeout '0' is invalid. Using default page load timeout: '30'

2018-05-08 22:09:04 - [MESSAGE][PASSED] - Object 'Object Repository/all_Objects/label_Password' is present

2018-05-08 22:09:04 - [TEST_STEP][PASSED] - verifyElementPresent: Object 'Object Repository/all_Objects/div_Login' is present

2018-05-08 22:09:04 - [MESSAGE][WARNING] - Timeout '0' is invalid. Using default page load timeout: '30'

2018-05-08 22:09:04 - [MESSAGE][PASSED] - Object 'Object Repository/all_Objects/div_Login' is present

2018-05-08 22:09:04 - [TEST_STEP][PASSED] - setText: Text 'user' is set on object 'Object Repository/all_Objects/input_username'

2018-05-08 22:09:05 - [MESSAGE][PASSED] - Text 'user' is set on object 'Object Repository/all_Objects/input_username'

2018-05-08 22:09:05 - [TEST_STEP][PASSED] - setText: Text 'user' is set on object 'Object Repository/all_Objects/input_password'

2018-05-08 22:09:05 - [MESSAGE][PASSED] - Text 'user' is set on object 'Object Repository/all_Objects/input_password'

2018-05-08 22:09:05 - [TEST_STEP][PASSED] - click: Object: 'Object Repository/all_Objects/button_Login' is clicked on

2018-05-08 22:09:05 - [MESSAGE][PASSED] - Object: 'Object Repository/all_Objects/button_Login' is clicked on

2018-05-08 22:09:05 - [TEST_STEP][PASSED] - verifyElementPresent: Object 'Object Repository/all_Objects/header' is present

2018-05-08 22:09:05 - [MESSAGE][WARNING] - Timeout '0' is invalid. Using default page load timeout: '30'

2018-05-08 22:09:05 - [MESSAGE][PASSED] - Object 'Object Repository/all_Objects/header' is present

2018-05-08 22:09:05 - [TEST_STEP][PASSED] - verifyElementPresent: Object 'Object Repository/all_Objects/p_header_description' is present

2018-05-08 22:09:05 - [MESSAGE][WARNING] - Timeout '0' is invalid. Using default page load timeout: '30'

2018-05-08 22:09:05 - [MESSAGE][PASSED] - Object 'Object Repository/all_Objects/p_header_description' is present

2018-05-08 22:09:05 - [TEST_STEP][PASSED] - verifyElementPresent: Object 'Object Repository/all_Objects/div_add to cart' is present

2018-05-08 22:09:05 - [MESSAGE][WARNING] - Timeout '0' is invalid. Using default page load timeout: '30'

2018-05-08 22:09:07 - [MESSAGE][PASSED] - Object 'Object Repository/all_Objects/div_add to cart' is present

2018-05-08 22:09:07 - [TEST_STEP][PASSED] - click: Object: 'Object Repository/all_Objects/button_Carts' is clicked on

2018-05-08 22:09:07 - [MESSAGE][PASSED] - Object: 'Object Repository/all_Objects/button_Carts' is clicked on

2018-05-08 22:09:07 - [TEST_STEP][PASSED] - verifyElementPresent: Object 'Object Repository/all_Objects/User_Shopping Cart_header' is present

2018-05-08 22:09:07 - [MESSAGE][WARNING] - Timeout '0' is invalid. Using default page load timeout: '30'

2018-05-08 22:09:07 - [MESSAGE][PASSED] - Object 'Object Repository/all_Objects/User_Shopping Cart_header' is present

2018-05-08 22:09:07 - [TEST_STEP][PASSED] - verifyElementPresent: Object 'Object Repository/all_Objects/th_Product Name' is present

2018-05-08 22:09:07 - [MESSAGE][WARNING] - Timeout '0' is invalid. Using default page load timeout: '30'

2018-05-08 22:09:07 - [MESSAGE][PASSED] - Object 'Object Repository/all_Objects/th_Product Name' is present

2018-05-08 22:09:07 - [TEST_STEP][PASSED] - verifyElementPresent: Object 'Object Repository/all_Objects/th_Price' is present

2018-05-08 22:09:07 - [MESSAGE][WARNING] - Timeout '0' is invalid. Using default page load timeout: '30'

2018-05-08 22:09:07 - [MESSAGE][PASSED] - Object 'Object Repository/all_Objects/th_Price' is present

2018-05-08 22:09:07 - [TEST_STEP][PASSED] - verifyElementPresent: Object 'Object Repository/all_Objects/th_amount' is present

2018-05-08 22:09:07 - [MESSAGE][WARNING] - Timeout '0' is invalid. Using default page load timeout: '30'

2018-05-08 22:09:07 - [MESSAGE][PASSED] - Object 'Object Repository/all_Objects/th_amount' is present

2018-05-08 22:09:07 - [TEST_STEP][PASSED] - verifyElementPresent: Object 'Object Repository/all_Objects/p_Total price  0 THB' is present

2018-05-08 22:09:07 - [MESSAGE][WARNING] - Timeout '0' is invalid. Using default page load timeout: '30'

2018-05-08 22:09:07 - [MESSAGE][PASSED] - Object 'Object Repository/all_Objects/p_Total price  0 THB' is present

2018-05-08 22:09:07 - [TEST_STEP][FAILED] - verifyElementPresent: Unable to verify object 'Object Repository/all_Objects/div_confirm' is present (Root cause: com.kms.katalon.core.webui.exception.WebElementNotFoundException: Web element with id: 'Object Repository/all_Objects/div_confirm' located by 'By.xpath: id("add-row")/div[@class="col-12 col-md-9 col-xl-8 py-md-3 pl-md-5 bd-content"]/div[@class="row"]/div[@class="offset-9 col-3"][count(. | //div[(text() = '
             confirm
        ' or . = '
             confirm
        ')]) = count(//div[(text() = '
             confirm
        ' or . = '
             confirm
        ')])]' not found)

2018-05-08 22:09:07 - [MESSAGE][WARNING] - Timeout '0' is invalid. Using default page load timeout: '30'

2018-05-08 22:09:38 - [MESSAGE][FAILED] - com.kms.katalon.core.webui.exception.WebElementNotFoundException: Web element with id: 'Object Repository/all_Objects/div_confirm' located by 'By.xpath: id("add-row")/div[@class="col-12 col-md-9 col-xl-8 py-md-3 pl-md-5 bd-content"]/div[@class="row"]/div[@class="offset-9 col-3"][count(. | //div[(text() = '
             confirm
        ' or . = '
             confirm
        ')]) = count(//div[(text() = '
             confirm
        ' or . = '
             confirm
        ')])]' not found
[[ATTACHMENT|/Users/snailwalker/Documents/workspace/backend/katalon/Reports/Test_User_Login/20180508_220847/1525792178324.png]]

2018-05-08 22:09:39 - [MESSAGE][FAILED] - Unable to verify object 'Object Repository/all_Objects/div_confirm' is present (Root cause: com.kms.katalon.core.webui.exception.WebElementNotFoundException: Web element with id: 'Object Repository/all_Objects/div_confirm' located by 'By.xpath: id("add-row")/div[@class="col-12 col-md-9 col-xl-8 py-md-3 pl-md-5 bd-content"]/div[@class="row"]/div[@class="offset-9 col-3"][count(. | //div[(text() = '
             confirm
        ' or . = '
             confirm
        ')]) = count(//div[(text() = '
             confirm
        ' or . = '
             confirm
        ')])]' not found)
[[ATTACHMENT|/Users/snailwalker/Documents/workspace/backend/katalon/Reports/Test_User_Login/20180508_220847/1525792178850.png]]]]></system-out>
         <system-err><![CDATA[2018-05-08 22:08:49 - [TEST_CASE][FAILED] - Test Cases/Test User Login: Test Cases/Test User Login FAILED because (of) Unable to verify object 'Object Repository/all_Objects/div_confirm' is present (Root cause: com.kms.katalon.core.webui.exception.WebElementNotFoundException: Web element with id: 'Object Repository/all_Objects/div_confirm' located by 'By.xpath: id("add-row")/div[@class="col-12 col-md-9 col-xl-8 py-md-3 pl-md-5 bd-content"]/div[@class="row"]/div[@class="offset-9 col-3"][count(. | //div[(text() = '
             confirm
        ' or . = '
             confirm
        ')]) = count(//div[(text() = '
             confirm
        ' or . = '
             confirm
        ')])]' not found)]]></system-err>
      </testcase>
      <testcase name="Test Cases/Test User Login" classname="Test Cases/Test User Login" status="FAILED">
         <failure type="FAILED" message="Unable to verify object 'Object Repository/all_Objects/div_confirm' is present (Root cause: org.openqa.selenium.WebDriverException: chrome not reachable
  (Session info: chrome=66.0.3359.139)
  (Driver info: chromedriver=2.35.528157 (4429ca2590d6988c0745c24c8858745aaaec01ef),platform=Mac OS X 10.13.4 x86_64) (WARNING: The server did not provide any stacktrace information)
Command duration or timeout: 0 milliseconds
Build info: version: '3.7.1', revision: '8a0099a', time: '2017-11-06T21:07:36.161Z'
System info: host: 'Snailwalkers-MacBook-Pro.local', ip: 'fe80:0:0:0:c3a:333:74e7:b8c0%en0', os.name: 'Mac OS X', os.arch: 'x86_64', os.version: '10.13.4', java.version: '1.8.0_102'
Driver info: com.kms.katalon.selenium.driver.CChromeDriver
Capabilities {acceptInsecureCerts: false, acceptSslCerts: false, applicationCacheEnabled: false, browserConnectionEnabled: false, browserName: chrome, chrome: {chromedriverVersion: 2.35.528157 (4429ca2590d698..., userDataDir: /var/folders/hk/nwr1mc4d5rq...}, cssSelectorsEnabled: true, databaseEnabled: false, handlesAlerts: true, hasTouchScreen: false, javascriptEnabled: true, locationContextEnabled: true, mobileEmulationEnabled: false, nativeEvents: true, networkConnectionEnabled: false, pageLoadStrategy: normal, platform: MAC, platformName: MAC, rotatable: false, setWindowRect: true, takesHeapSnapshot: true, takesScreenshot: true, unexpectedAlertBehaviour: , unhandledPromptBehavior: , version: 66.0.3359.139, webStorageEnabled: true}
Session ID: 8c88db7dc22e88245110141fd6bb0a0c
*** Element info: {Using=xpath, value=id(&quot;add-row&quot;)/div[@class=&quot;col-12 col-md-9 col-xl-8 py-md-3 pl-md-5 bd-content&quot;]/div[@class=&quot;row&quot;]/div[@class=&quot;offset-9 col-3&quot;][count(. | //div[(text() = '
             confirm
        ' or . = '
             confirm
        ')]) = count(//div[(text() = '
             confirm
        ' or . = '
             confirm
        ')])]})"/>
         <system-out><![CDATA[2018-05-08 22:09:39 - [TEST_CASE][FAILED] - Test Cases/Test User Login: Test Cases/Test User Login FAILED because (of) Unable to verify object 'Object Repository/all_Objects/div_confirm' is present (Root cause: org.openqa.selenium.WebDriverException: chrome not reachable
  (Session info: chrome=66.0.3359.139)
  (Driver info: chromedriver=2.35.528157 (4429ca2590d6988c0745c24c8858745aaaec01ef),platform=Mac OS X 10.13.4 x86_64) (WARNING: The server did not provide any stacktrace information)
Command duration or timeout: 0 milliseconds
Build info: version: '3.7.1', revision: '8a0099a', time: '2017-11-06T21:07:36.161Z'
System info: host: 'Snailwalkers-MacBook-Pro.local', ip: 'fe80:0:0:0:c3a:333:74e7:b8c0%en0', os.name: 'Mac OS X', os.arch: 'x86_64', os.version: '10.13.4', java.version: '1.8.0_102'
Driver info: com.kms.katalon.selenium.driver.CChromeDriver
Capabilities {acceptInsecureCerts: false, acceptSslCerts: false, applicationCacheEnabled: false, browserConnectionEnabled: false, browserName: chrome, chrome: {chromedriverVersion: 2.35.528157 (4429ca2590d698..., userDataDir: /var/folders/hk/nwr1mc4d5rq...}, cssSelectorsEnabled: true, databaseEnabled: false, handlesAlerts: true, hasTouchScreen: false, javascriptEnabled: true, locationContextEnabled: true, mobileEmulationEnabled: false, nativeEvents: true, networkConnectionEnabled: false, pageLoadStrategy: normal, platform: MAC, platformName: MAC, rotatable: false, setWindowRect: true, takesHeapSnapshot: true, takesScreenshot: true, unexpectedAlertBehaviour: , unhandledPromptBehavior: , version: 66.0.3359.139, webStorageEnabled: true}
Session ID: 8c88db7dc22e88245110141fd6bb0a0c
*** Element info: {Using=xpath, value=id("add-row")/div[@class="col-12 col-md-9 col-xl-8 py-md-3 pl-md-5 bd-content"]/div[@class="row"]/div[@class="offset-9 col-3"][count(. | //div[(text() = '
             confirm
        ' or . = '
             confirm
        ')]) = count(//div[(text() = '
             confirm
        ' or . = '
             confirm
        ')])]})

2018-05-08 22:09:39 - [TEST_STEP][PASSED] - openBrowser: Browser is opened with url: ''

2018-05-08 22:09:39 - [MESSAGE][WARNING] - A browser is already opened. Closing browser and opening a new one

2018-05-08 22:09:40 - [MESSAGE][PASSED] - Browser is opened with url: ''

2018-05-08 22:09:40 - [TEST_STEP][PASSED] - navigateToUrl: Navigate to 'http://34.209.48.20:9089/' successfully

2018-05-08 22:09:50 - [MESSAGE][PASSED] - Navigate to 'http://34.209.48.20:9089/' successfully

2018-05-08 22:09:50 - [TEST_STEP][PASSED] - verifyElementPresent: Object 'Object Repository/all_Objects/header' is present

2018-05-08 22:09:50 - [MESSAGE][WARNING] - Timeout '0' is invalid. Using default page load timeout: '30'

2018-05-08 22:09:50 - [MESSAGE][PASSED] - Object 'Object Repository/all_Objects/header' is present

2018-05-08 22:09:50 - [TEST_STEP][PASSED] - verifyElementPresent: Object 'Object Repository/all_Objects/p_header_description' is present

2018-05-08 22:09:50 - [MESSAGE][WARNING] - Timeout '0' is invalid. Using default page load timeout: '30'

2018-05-08 22:09:50 - [MESSAGE][PASSED] - Object 'Object Repository/all_Objects/p_header_description' is present

2018-05-08 22:09:50 - [TEST_STEP][PASSED] - verifyElementPresent: Object 'Object Repository/all_Objects/h2_Login' is present

2018-05-08 22:09:50 - [MESSAGE][WARNING] - Timeout '0' is invalid. Using default page load timeout: '30'

2018-05-08 22:09:50 - [MESSAGE][PASSED] - Object 'Object Repository/all_Objects/h2_Login' is present

2018-05-08 22:09:50 - [TEST_STEP][PASSED] - verifyElementPresent: Object 'Object Repository/all_Objects/label_Username' is present

2018-05-08 22:09:50 - [MESSAGE][WARNING] - Timeout '0' is invalid. Using default page load timeout: '30'

2018-05-08 22:09:50 - [MESSAGE][PASSED] - Object 'Object Repository/all_Objects/label_Username' is present

2018-05-08 22:09:50 - [TEST_STEP][PASSED] - verifyElementPresent: Object 'Object Repository/all_Objects/label_Password' is present

2018-05-08 22:09:50 - [MESSAGE][WARNING] - Timeout '0' is invalid. Using default page load timeout: '30'

2018-05-08 22:09:50 - [MESSAGE][PASSED] - Object 'Object Repository/all_Objects/label_Password' is present

2018-05-08 22:09:50 - [TEST_STEP][PASSED] - verifyElementPresent: Object 'Object Repository/all_Objects/div_Login' is present

2018-05-08 22:09:50 - [MESSAGE][WARNING] - Timeout '0' is invalid. Using default page load timeout: '30'

2018-05-08 22:09:50 - [MESSAGE][PASSED] - Object 'Object Repository/all_Objects/div_Login' is present

2018-05-08 22:09:50 - [TEST_STEP][PASSED] - setText: Text 'hello' is set on object 'Object Repository/all_Objects/input_username'

2018-05-08 22:09:50 - [MESSAGE][PASSED] - Text 'hello' is set on object 'Object Repository/all_Objects/input_username'

2018-05-08 22:09:50 - [TEST_STEP][PASSED] - setText: Text 'hello' is set on object 'Object Repository/all_Objects/input_password'

2018-05-08 22:09:50 - [MESSAGE][PASSED] - Text 'hello' is set on object 'Object Repository/all_Objects/input_password'

2018-05-08 22:09:50 - [TEST_STEP][PASSED] - click: Object: 'Object Repository/all_Objects/button_Login' is clicked on

2018-05-08 22:09:50 - [MESSAGE][PASSED] - Object: 'Object Repository/all_Objects/button_Login' is clicked on

2018-05-08 22:09:50 - [TEST_STEP][PASSED] - verifyElementPresent: Object 'Object Repository/all_Objects/header' is present

2018-05-08 22:09:50 - [MESSAGE][WARNING] - Timeout '0' is invalid. Using default page load timeout: '30'

2018-05-08 22:09:50 - [MESSAGE][PASSED] - Object 'Object Repository/all_Objects/header' is present

2018-05-08 22:09:50 - [TEST_STEP][PASSED] - verifyElementPresent: Object 'Object Repository/all_Objects/p_header_description' is present

2018-05-08 22:09:50 - [MESSAGE][WARNING] - Timeout '0' is invalid. Using default page load timeout: '30'

2018-05-08 22:09:50 - [MESSAGE][PASSED] - Object 'Object Repository/all_Objects/p_header_description' is present

2018-05-08 22:09:50 - [TEST_STEP][PASSED] - verifyElementPresent: Object 'Object Repository/all_Objects/div_add to cart' is present

2018-05-08 22:09:50 - [MESSAGE][WARNING] - Timeout '0' is invalid. Using default page load timeout: '30'

2018-05-08 22:09:52 - [MESSAGE][PASSED] - Object 'Object Repository/all_Objects/div_add to cart' is present

2018-05-08 22:09:52 - [TEST_STEP][PASSED] - click: Object: 'Object Repository/all_Objects/button_Carts' is clicked on

2018-05-08 22:09:52 - [MESSAGE][PASSED] - Object: 'Object Repository/all_Objects/button_Carts' is clicked on

2018-05-08 22:09:52 - [TEST_STEP][PASSED] - verifyElementPresent: Object 'Object Repository/all_Objects/User_Shopping Cart_header' is present

2018-05-08 22:09:52 - [MESSAGE][WARNING] - Timeout '0' is invalid. Using default page load timeout: '30'

2018-05-08 22:09:52 - [MESSAGE][PASSED] - Object 'Object Repository/all_Objects/User_Shopping Cart_header' is present

2018-05-08 22:09:52 - [TEST_STEP][PASSED] - verifyElementPresent: Object 'Object Repository/all_Objects/th_Product Name' is present

2018-05-08 22:09:52 - [MESSAGE][WARNING] - Timeout '0' is invalid. Using default page load timeout: '30'

2018-05-08 22:09:52 - [MESSAGE][PASSED] - Object 'Object Repository/all_Objects/th_Product Name' is present

2018-05-08 22:09:52 - [TEST_STEP][PASSED] - verifyElementPresent: Object 'Object Repository/all_Objects/th_Price' is present

2018-05-08 22:09:52 - [MESSAGE][WARNING] - Timeout '0' is invalid. Using default page load timeout: '30'

2018-05-08 22:09:52 - [MESSAGE][PASSED] - Object 'Object Repository/all_Objects/th_Price' is present

2018-05-08 22:09:52 - [TEST_STEP][PASSED] - verifyElementPresent: Object 'Object Repository/all_Objects/th_amount' is present

2018-05-08 22:09:52 - [MESSAGE][WARNING] - Timeout '0' is invalid. Using default page load timeout: '30'

2018-05-08 22:09:52 - [MESSAGE][PASSED] - Object 'Object Repository/all_Objects/th_amount' is present

2018-05-08 22:09:52 - [TEST_STEP][PASSED] - verifyElementPresent: Object 'Object Repository/all_Objects/p_Total price  0 THB' is present

2018-05-08 22:09:52 - [MESSAGE][WARNING] - Timeout '0' is invalid. Using default page load timeout: '30'

2018-05-08 22:09:52 - [MESSAGE][PASSED] - Object 'Object Repository/all_Objects/p_Total price  0 THB' is present

2018-05-08 22:09:52 - [TEST_STEP][FAILED] - verifyElementPresent: Unable to verify object 'Object Repository/all_Objects/div_confirm' is present (Root cause: org.openqa.selenium.WebDriverException: chrome not reachable
  (Session info: chrome=66.0.3359.139)
  (Driver info: chromedriver=2.35.528157 (4429ca2590d6988c0745c24c8858745aaaec01ef),platform=Mac OS X 10.13.4 x86_64) (WARNING: The server did not provide any stacktrace information)
Command duration or timeout: 0 milliseconds
Build info: version: '3.7.1', revision: '8a0099a', time: '2017-11-06T21:07:36.161Z'
System info: host: 'Snailwalkers-MacBook-Pro.local', ip: 'fe80:0:0:0:c3a:333:74e7:b8c0%en0', os.name: 'Mac OS X', os.arch: 'x86_64', os.version: '10.13.4', java.version: '1.8.0_102'
Driver info: com.kms.katalon.selenium.driver.CChromeDriver
Capabilities {acceptInsecureCerts: false, acceptSslCerts: false, applicationCacheEnabled: false, browserConnectionEnabled: false, browserName: chrome, chrome: {chromedriverVersion: 2.35.528157 (4429ca2590d698..., userDataDir: /var/folders/hk/nwr1mc4d5rq...}, cssSelectorsEnabled: true, databaseEnabled: false, handlesAlerts: true, hasTouchScreen: false, javascriptEnabled: true, locationContextEnabled: true, mobileEmulationEnabled: false, nativeEvents: true, networkConnectionEnabled: false, pageLoadStrategy: normal, platform: MAC, platformName: MAC, rotatable: false, setWindowRect: true, takesHeapSnapshot: true, takesScreenshot: true, unexpectedAlertBehaviour: , unhandledPromptBehavior: , version: 66.0.3359.139, webStorageEnabled: true}
Session ID: 8c88db7dc22e88245110141fd6bb0a0c
*** Element info: {Using=xpath, value=id("add-row")/div[@class="col-12 col-md-9 col-xl-8 py-md-3 pl-md-5 bd-content"]/div[@class="row"]/div[@class="offset-9 col-3"][count(. | //div[(text() = '
             confirm
        ' or . = '
             confirm
        ')]) = count(//div[(text() = '
             confirm
        ' or . = '
             confirm
        ')])]})

2018-05-08 22:09:52 - [MESSAGE][WARNING] - Timeout '0' is invalid. Using default page load timeout: '30'

2018-05-08 22:10:13 - [MESSAGE][WARNING] - Cannot take screenshot

2018-05-08 22:10:13 - [MESSAGE][FAILED] - Unable to verify object 'Object Repository/all_Objects/div_confirm' is present (Root cause: org.openqa.selenium.WebDriverException: chrome not reachable
  (Session info: chrome=66.0.3359.139)
  (Driver info: chromedriver=2.35.528157 (4429ca2590d6988c0745c24c8858745aaaec01ef),platform=Mac OS X 10.13.4 x86_64) (WARNING: The server did not provide any stacktrace information)
Command duration or timeout: 0 milliseconds
Build info: version: '3.7.1', revision: '8a0099a', time: '2017-11-06T21:07:36.161Z'
System info: host: 'Snailwalkers-MacBook-Pro.local', ip: 'fe80:0:0:0:c3a:333:74e7:b8c0%en0', os.name: 'Mac OS X', os.arch: 'x86_64', os.version: '10.13.4', java.version: '1.8.0_102'
Driver info: com.kms.katalon.selenium.driver.CChromeDriver
Capabilities {acceptInsecureCerts: false, acceptSslCerts: false, applicationCacheEnabled: false, browserConnectionEnabled: false, browserName: chrome, chrome: {chromedriverVersion: 2.35.528157 (4429ca2590d698..., userDataDir: /var/folders/hk/nwr1mc4d5rq...}, cssSelectorsEnabled: true, databaseEnabled: false, handlesAlerts: true, hasTouchScreen: false, javascriptEnabled: true, locationContextEnabled: true, mobileEmulationEnabled: false, nativeEvents: true, networkConnectionEnabled: false, pageLoadStrategy: normal, platform: MAC, platformName: MAC, rotatable: false, setWindowRect: true, takesHeapSnapshot: true, takesScreenshot: true, unexpectedAlertBehaviour: , unhandledPromptBehavior: , version: 66.0.3359.139, webStorageEnabled: true}
Session ID: 8c88db7dc22e88245110141fd6bb0a0c
*** Element info: {Using=xpath, value=id("add-row")/div[@class="col-12 col-md-9 col-xl-8 py-md-3 pl-md-5 bd-content"]/div[@class="row"]/div[@class="offset-9 col-3"][count(. | //div[(text() = '
             confirm
        ' or . = '
             confirm
        ')]) = count(//div[(text() = '
             confirm
        ' or . = '
             confirm
        ')])]})]]></system-out>
         <system-err><![CDATA[2018-05-08 22:09:39 - [TEST_CASE][FAILED] - Test Cases/Test User Login: Test Cases/Test User Login FAILED because (of) Unable to verify object 'Object Repository/all_Objects/div_confirm' is present (Root cause: org.openqa.selenium.WebDriverException: chrome not reachable
  (Session info: chrome=66.0.3359.139)
  (Driver info: chromedriver=2.35.528157 (4429ca2590d6988c0745c24c8858745aaaec01ef),platform=Mac OS X 10.13.4 x86_64) (WARNING: The server did not provide any stacktrace information)
Command duration or timeout: 0 milliseconds
Build info: version: '3.7.1', revision: '8a0099a', time: '2017-11-06T21:07:36.161Z'
System info: host: 'Snailwalkers-MacBook-Pro.local', ip: 'fe80:0:0:0:c3a:333:74e7:b8c0%en0', os.name: 'Mac OS X', os.arch: 'x86_64', os.version: '10.13.4', java.version: '1.8.0_102'
Driver info: com.kms.katalon.selenium.driver.CChromeDriver
Capabilities {acceptInsecureCerts: false, acceptSslCerts: false, applicationCacheEnabled: false, browserConnectionEnabled: false, browserName: chrome, chrome: {chromedriverVersion: 2.35.528157 (4429ca2590d698..., userDataDir: /var/folders/hk/nwr1mc4d5rq...}, cssSelectorsEnabled: true, databaseEnabled: false, handlesAlerts: true, hasTouchScreen: false, javascriptEnabled: true, locationContextEnabled: true, mobileEmulationEnabled: false, nativeEvents: true, networkConnectionEnabled: false, pageLoadStrategy: normal, platform: MAC, platformName: MAC, rotatable: false, setWindowRect: true, takesHeapSnapshot: true, takesScreenshot: true, unexpectedAlertBehaviour: , unhandledPromptBehavior: , version: 66.0.3359.139, webStorageEnabled: true}
Session ID: 8c88db7dc22e88245110141fd6bb0a0c
*** Element info: {Using=xpath, value=id("add-row")/div[@class="col-12 col-md-9 col-xl-8 py-md-3 pl-md-5 bd-content"]/div[@class="row"]/div[@class="offset-9 col-3"][count(. | //div[(text() = '
             confirm
        ' or . = '
             confirm
        ')]) = count(//div[(text() = '
             confirm
        ' or . = '
             confirm
        ')])]})]]></system-err>
      </testcase>
      <system-out><![CDATA[2018-05-08 22:08:49 - [TEST_SUITE][FAILED] - Test_User_Login: Test Cases/Test User Login FAILED because (of) Unable to verify object 'Object Repository/all_Objects/div_confirm' is present (Root cause: com.kms.katalon.core.webui.exception.WebElementNotFoundException: Web element with id: 'Object Repository/all_Objects/div_confirm' located by 'By.xpath: id("add-row")/div[@class="col-12 col-md-9 col-xl-8 py-md-3 pl-md-5 bd-content"]/div[@class="row"]/div[@class="offset-9 col-3"][count(. | //div[(text() = '
             confirm
        ' or . = '
             confirm
        ')]) = count(//div[(text() = '
             confirm
        ' or . = '
             confirm
        ')])]' not found)]]></system-out>
      <system-err><![CDATA[2018-05-08 22:08:49 - [TEST_SUITE][FAILED] - Test_User_Login: Test Cases/Test User Login FAILED because (of) Unable to verify object 'Object Repository/all_Objects/div_confirm' is present (Root cause: com.kms.katalon.core.webui.exception.WebElementNotFoundException: Web element with id: 'Object Repository/all_Objects/div_confirm' located by 'By.xpath: id("add-row")/div[@class="col-12 col-md-9 col-xl-8 py-md-3 pl-md-5 bd-content"]/div[@class="row"]/div[@class="offset-9 col-3"][count(. | //div[(text() = '
             confirm
        ' or . = '
             confirm
        ')]) = count(//div[(text() = '
             confirm
        ' or . = '
             confirm
        ')])]' not found)]]></system-err>
   </testsuite>
</testsuites>
