<?xml version="1.0" encoding="UTF-8"?>
<testsuites name="All Test Cases" time="22" tests="0" failures="1" errors="0">
   <testsuite name="All Test Cases" tests="0" failures="1" errors="0" time="22" timestamp="2018-05-09 00:26:49" hostname="snailwalker - 192.168.0.101" id="Test Suites/All Test Cases">
      <properties>
         <property name="deviceName" value=""/>
         <property name="devicePlatform" value=""/>
         <property name="logFolder" value="/Users/snailwalker/Documents/workspace/backend/katalon/Reports/All Test Cases/20180509_002647"/>
         <property name="logFiles" value="/Users/snailwalker/Documents/workspace/backend/katalon/Reports/All Test Cases/20180509_002647/execution0.log"/>
         <property name="attachments" value="/Users/snailwalker/Documents/workspace/backend/katalon/Reports/All Test Cases/20180509_002647/1525800429438.png, /Users/snailwalker/Documents/workspace/backend/katalon/Reports/All Test Cases/20180509_002647/1525800430273.png"/>
         <property name="hostName" value="snailwalker - 192.168.0.101"/>
         <property name="os" value="Mac OS X 64bit"/>
         <property name="katalonVersion" value="5.4.1.1"/>
         <property name="browser" value="Chrome 66.0.3359.139"/>
         <property name="hostAddress" value="192.168.0.101"/>
         <property name="sessionId" value="125017b01eadcd1d522b2d869a5655b0"/>
         <property name="seleniumVersion" value="3.7.1"/>
         <property name="proxyInformation" value="ProxyInformation{proxyOption=NO_PROXY, proxyServerType=HTTP, password=, proxyServerAddress=, proxyServerPort=0}"/>
         <property name="platform" value="Mac OS X"/>
      </properties>
      <testcase name="Test Cases/Test Available Products for Users" classname="Test Cases/Test Available Products for Users" status="FAILED">
         <failure type="FAILED" message="Verify element text of test object 'Object Repository/all_Objects/h5_Banana' FAILED. (Root cause: Actual text 'Banana' and expected text 'Garden' of test object 'Object Repository/all_Objects/h5_Banana' are NOT matched.)"/>
         <system-out><![CDATA[2018-05-09 00:26:49 - [TEST_CASE][FAILED] - Test Cases/Test Available Products for Users: Test Cases/Test Available Products for Users FAILED because (of) Verify element text of test object 'Object Repository/all_Objects/h5_Banana' FAILED. (Root cause: Actual text 'Banana' and expected text 'Garden' of test object 'Object Repository/all_Objects/h5_Banana' are NOT matched.)

2018-05-09 00:26:50 - [TEST_STEP][PASSED] - openBrowser: Browser is opened with url: ''

2018-05-09 00:26:53 - [MESSAGE][PASSED] - Browser is opened with url: ''

2018-05-09 00:26:53 - [TEST_STEP][PASSED] - navigateToUrl: Navigate to 'http://34.209.48.20:9089/' successfully

2018-05-09 00:27:06 - [MESSAGE][PASSED] - Navigate to 'http://34.209.48.20:9089/' successfully

2018-05-09 00:27:06 - [TEST_STEP][PASSED] - verifyElementPresent: Object 'Object Repository/all_Objects/header' is present

2018-05-09 00:27:06 - [MESSAGE][WARNING] - Timeout '0' is invalid. Using default page load timeout: '30'

2018-05-09 00:27:06 - [MESSAGE][PASSED] - Object 'Object Repository/all_Objects/header' is present

2018-05-09 00:27:06 - [TEST_STEP][PASSED] - verifyElementPresent: Object 'Object Repository/all_Objects/p_header_description' is present

2018-05-09 00:27:06 - [MESSAGE][WARNING] - Timeout '0' is invalid. Using default page load timeout: '30'

2018-05-09 00:27:06 - [MESSAGE][PASSED] - Object 'Object Repository/all_Objects/p_header_description' is present

2018-05-09 00:27:06 - [TEST_STEP][PASSED] - verifyElementPresent: Object 'Object Repository/all_Objects/h2_Login' is present

2018-05-09 00:27:06 - [MESSAGE][WARNING] - Timeout '0' is invalid. Using default page load timeout: '30'

2018-05-09 00:27:06 - [MESSAGE][PASSED] - Object 'Object Repository/all_Objects/h2_Login' is present

2018-05-09 00:27:06 - [TEST_STEP][PASSED] - verifyElementPresent: Object 'Object Repository/all_Objects/label_Username' is present

2018-05-09 00:27:06 - [MESSAGE][WARNING] - Timeout '0' is invalid. Using default page load timeout: '30'

2018-05-09 00:27:06 - [MESSAGE][PASSED] - Object 'Object Repository/all_Objects/label_Username' is present

2018-05-09 00:27:06 - [TEST_STEP][PASSED] - verifyElementPresent: Object 'Object Repository/all_Objects/label_Password' is present

2018-05-09 00:27:06 - [MESSAGE][WARNING] - Timeout '0' is invalid. Using default page load timeout: '30'

2018-05-09 00:27:06 - [MESSAGE][PASSED] - Object 'Object Repository/all_Objects/label_Password' is present

2018-05-09 00:27:06 - [TEST_STEP][PASSED] - click: Object: 'Object Repository/all_Objects/h2_Login' is clicked on

2018-05-09 00:27:07 - [MESSAGE][PASSED] - Object: 'Object Repository/all_Objects/h2_Login' is clicked on

2018-05-09 00:27:07 - [TEST_STEP][PASSED] - setText: Text 'user' is set on object 'Object Repository/all_Objects/input_username'

2018-05-09 00:27:07 - [MESSAGE][PASSED] - Text 'user' is set on object 'Object Repository/all_Objects/input_username'

2018-05-09 00:27:07 - [TEST_STEP][PASSED] - setText: Text 'user' is set on object 'Object Repository/all_Objects/input_password'

2018-05-09 00:27:07 - [MESSAGE][PASSED] - Text 'user' is set on object 'Object Repository/all_Objects/input_password'

2018-05-09 00:27:07 - [TEST_STEP][PASSED] - click: Object: 'Object Repository/all_Objects/button_Login' is clicked on

2018-05-09 00:27:07 - [MESSAGE][PASSED] - Object: 'Object Repository/all_Objects/button_Login' is clicked on

2018-05-09 00:27:07 - [TEST_STEP][PASSED] - verifyElementText: Actual text and expected text of test object 'Object Repository/all_Objects/h5_Garden' are matched.

2018-05-09 00:27:09 - [MESSAGE][PASSED] - Actual text and expected text of test object 'Object Repository/all_Objects/h5_Garden' are matched.

2018-05-09 00:27:09 - [TEST_STEP][PASSED] - verifyElementText: Actual text and expected text of test object 'Object Repository/all_Objects/p_The garden which you can gro' are matched.

2018-05-09 00:27:09 - [MESSAGE][PASSED] - Actual text and expected text of test object 'Object Repository/all_Objects/p_The garden which you can gro' are matched.

2018-05-09 00:27:09 - [TEST_STEP][PASSED] - verifyElementText: Actual text and expected text of test object 'Object Repository/all_Objects/h6_Price is 20000.00 THB' are matched.

2018-05-09 00:27:09 - [MESSAGE][PASSED] - Actual text and expected text of test object 'Object Repository/all_Objects/h6_Price is 20000.00 THB' are matched.

2018-05-09 00:27:09 - [TEST_STEP][FAILED] - verifyElementText: Verify element text of test object 'Object Repository/all_Objects/h5_Banana' FAILED. (Root cause: Actual text 'Banana' and expected text 'Garden' of test object 'Object Repository/all_Objects/h5_Banana' are NOT matched.)

2018-05-09 00:27:10 - [MESSAGE][FAILED] - Actual text 'Banana' and expected text 'Garden' of test object 'Object Repository/all_Objects/h5_Banana' are NOT matched.
[[ATTACHMENT|/Users/snailwalker/Documents/workspace/backend/katalon/Reports/All Test Cases/20180509_002647/1525800429438.png]]

2018-05-09 00:27:11 - [MESSAGE][FAILED] - Verify element text of test object 'Object Repository/all_Objects/h5_Banana' FAILED. (Root cause: Actual text 'Banana' and expected text 'Garden' of test object 'Object Repository/all_Objects/h5_Banana' are NOT matched.)
[[ATTACHMENT|/Users/snailwalker/Documents/workspace/backend/katalon/Reports/All Test Cases/20180509_002647/1525800430273.png]]]]></system-out>
         <system-err><![CDATA[2018-05-09 00:26:49 - [TEST_CASE][FAILED] - Test Cases/Test Available Products for Users: Test Cases/Test Available Products for Users FAILED because (of) Verify element text of test object 'Object Repository/all_Objects/h5_Banana' FAILED. (Root cause: Actual text 'Banana' and expected text 'Garden' of test object 'Object Repository/all_Objects/h5_Banana' are NOT matched.)]]></system-err>
      </testcase>
      <system-out><![CDATA[2018-05-09 00:26:49 - [TEST_SUITE][FAILED] - All Test Cases: Test Cases/Test Available Products for Users FAILED because (of) Verify element text of test object 'Object Repository/all_Objects/h5_Banana' FAILED. (Root cause: Actual text 'Banana' and expected text 'Garden' of test object 'Object Repository/all_Objects/h5_Banana' are NOT matched.)]]></system-out>
      <system-err><![CDATA[2018-05-09 00:26:49 - [TEST_SUITE][FAILED] - All Test Cases: Test Cases/Test Available Products for Users FAILED because (of) Verify element text of test object 'Object Repository/all_Objects/h5_Banana' FAILED. (Root cause: Actual text 'Banana' and expected text 'Garden' of test object 'Object Repository/all_Objects/h5_Banana' are NOT matched.)]]></system-err>
   </testsuite>
</testsuites>
