<?xml version="1.0" encoding="UTF-8"?>
<testsuites name="Test_Admin" time="104" tests="1" failures="2" errors="0">
   <testsuite name="Test_Admin" tests="1" failures="2" errors="0" time="104" timestamp="2018-05-08 20:25:40" hostname="snailwalker - 192.168.0.101" id="Test Suites/Test_Admin">
      <properties>
         <property name="deviceName" value=""/>
         <property name="devicePlatform" value=""/>
         <property name="logFolder" value="/Users/snailwalker/Documents/workspace/backend/katalon/Reports/Test_Admin/20180508_202537"/>
         <property name="logFiles" value="/Users/snailwalker/Documents/workspace/backend/katalon/Reports/Test_Admin/20180508_202537/execution0.log"/>
         <property name="attachments" value="/Users/snailwalker/Documents/workspace/backend/katalon/Reports/Test_Admin/20180508_202537/1525785999706.png, /Users/snailwalker/Documents/workspace/backend/katalon/Reports/Test_Admin/20180508_202537/1525786044191.png"/>
         <property name="hostName" value="snailwalker - 192.168.0.101"/>
         <property name="os" value="Mac OS X 64bit"/>
         <property name="katalonVersion" value="5.4.1.1"/>
         <property name="browser" value="Chrome 66.0.3359.139"/>
         <property name="hostAddress" value="192.168.0.101"/>
         <property name="sessionId" value="be1d06fe9fb00059e108acc0e72e0d77"/>
         <property name="seleniumVersion" value="3.7.1"/>
         <property name="proxyInformation" value="ProxyInformation{proxyOption=NO_PROXY, proxyServerType=HTTP, password=, proxyServerAddress=, proxyServerPort=0}"/>
         <property name="platform" value="Mac OS X"/>
      </properties>
      <testcase name="Test Cases/Test Admin Login" classname="Test Cases/Test Admin Login" status="PASSED">
         <system-out><![CDATA[2018-05-08 20:25:41 - [TEST_CASE][PASSED] - Test Cases/Test Admin Login: Test Cases/Test Admin Login

2018-05-08 20:25:42 - [TEST_STEP][PASSED] - openBrowser: Browser is opened with url: ''

2018-05-08 20:25:46 - [MESSAGE][PASSED] - Browser is opened with url: ''

2018-05-08 20:25:46 - [TEST_STEP][PASSED] - navigateToUrl: Navigate to 'http://34.209.48.20:9089/' successfully

2018-05-08 20:25:55 - [MESSAGE][PASSED] - Navigate to 'http://34.209.48.20:9089/' successfully

2018-05-08 20:25:55 - [TEST_STEP][PASSED] - click: Object: 'Object Repository/Page_ProjectBackend (3)/h1_SE 234 Project' is clicked on

2018-05-08 20:25:55 - [MESSAGE][PASSED] - Object: 'Object Repository/Page_ProjectBackend (3)/h1_SE 234 Project' is clicked on

2018-05-08 20:25:55 - [TEST_STEP][PASSED] - click: Object: 'Object Repository/Page_ProjectBackend (3)/p_This is the mock app for the' is clicked on

2018-05-08 20:25:55 - [MESSAGE][PASSED] - Object: 'Object Repository/Page_ProjectBackend (3)/p_This is the mock app for the' is clicked on

2018-05-08 20:25:55 - [TEST_STEP][PASSED] - click: Object: 'Object Repository/Page_ProjectBackend (3)/h2_Login' is clicked on

2018-05-08 20:25:55 - [MESSAGE][PASSED] - Object: 'Object Repository/Page_ProjectBackend (3)/h2_Login' is clicked on

2018-05-08 20:25:55 - [TEST_STEP][PASSED] - click: Object: 'Object Repository/Page_ProjectBackend (3)/div_Username' is clicked on

2018-05-08 20:25:55 - [MESSAGE][PASSED] - Object: 'Object Repository/Page_ProjectBackend (3)/div_Username' is clicked on

2018-05-08 20:25:55 - [TEST_STEP][PASSED] - click: Object: 'Object Repository/Page_ProjectBackend (3)/div_Password' is clicked on

2018-05-08 20:25:55 - [MESSAGE][PASSED] - Object: 'Object Repository/Page_ProjectBackend (3)/div_Password' is clicked on

2018-05-08 20:25:55 - [TEST_STEP][PASSED] - click: Object: 'Object Repository/Page_ProjectBackend (3)/div_Login' is clicked on

2018-05-08 20:25:55 - [MESSAGE][PASSED] - Object: 'Object Repository/Page_ProjectBackend (3)/div_Login' is clicked on

2018-05-08 20:25:55 - [TEST_STEP][PASSED] - setText: Text 'admin' is set on object 'Object Repository/Page_ProjectBackend (3)/input_username'

2018-05-08 20:25:56 - [MESSAGE][PASSED] - Text 'admin' is set on object 'Object Repository/Page_ProjectBackend (3)/input_username'

2018-05-08 20:25:56 - [TEST_STEP][PASSED] - setText: Text 'admin' is set on object 'Object Repository/Page_ProjectBackend (3)/input_password'

2018-05-08 20:25:56 - [MESSAGE][PASSED] - Text 'admin' is set on object 'Object Repository/Page_ProjectBackend (3)/input_password'

2018-05-08 20:25:56 - [TEST_STEP][PASSED] - click: Object: 'Object Repository/Page_ProjectBackend (3)/button_Login' is clicked on

2018-05-08 20:25:56 - [MESSAGE][PASSED] - Object: 'Object Repository/Page_ProjectBackend (3)/button_Login' is clicked on

2018-05-08 20:25:56 - [TEST_STEP][PASSED] - click: Object: 'Object Repository/Page_ProjectBackend (3)/p_This is the mock app for the' is clicked on

2018-05-08 20:25:56 - [MESSAGE][PASSED] - Object: 'Object Repository/Page_ProjectBackend (3)/p_This is the mock app for the' is clicked on

2018-05-08 20:25:56 - [TEST_STEP][PASSED] - click: Object: 'Object Repository/Page_ProjectBackend (3)/div_Products' is clicked on

2018-05-08 20:25:57 - [MESSAGE][PASSED] - Object: 'Object Repository/Page_ProjectBackend (3)/div_Products' is clicked on

2018-05-08 20:25:57 - [TEST_STEP][PASSED] - click: Object: 'Object Repository/Page_ProjectBackend (3)/a_Total Transaction' is clicked on

2018-05-08 20:25:57 - [MESSAGE][PASSED] - Object: 'Object Repository/Page_ProjectBackend (3)/a_Total Transaction' is clicked on

2018-05-08 20:25:57 - [TEST_STEP][PASSED] - click: Object: 'Object Repository/Page_ProjectBackend (3)/div_Transaction List' is clicked on

2018-05-08 20:25:57 - [MESSAGE][PASSED] - Object: 'Object Repository/Page_ProjectBackend (3)/div_Transaction List' is clicked on

2018-05-08 20:25:58 - [TEST_STEP][PASSED] - closeBrowser: Browser is closed

2018-05-08 20:25:58 - [MESSAGE][PASSED] - Browser is closed]]></system-out>
         <system-err><![CDATA[]]></system-err>
      </testcase>
      <testcase name="Test Cases/Test Admin Login" classname="Test Cases/Test Admin Login" status="FAILED">
         <failure type="FAILED" message="Unable to click on object 'Object Repository/Page_ProjectBackend (3)/div_Products' (Root cause: com.kms.katalon.core.webui.exception.WebElementNotFoundException: Web element with id: 'Object Repository/Page_ProjectBackend (3)/div_Products' located by 'By.xpath: //div[@id = 'navbarSupportedContent' and (text() = '
      
        
          Products
          
        
        
        
          Total Transaction
        
      
      Logout
    ' or . = '
      
        
          Products
          
        
        
        
          Total Transaction
        
      
      Logout
    ')]' not found)"/>
         <system-out><![CDATA[2018-05-08 20:25:58 - [TEST_CASE][FAILED] - Test Cases/Test Admin Login: Test Cases/Test Admin Login FAILED because (of) Unable to click on object 'Object Repository/Page_ProjectBackend (3)/div_Products' (Root cause: com.kms.katalon.core.webui.exception.WebElementNotFoundException: Web element with id: 'Object Repository/Page_ProjectBackend (3)/div_Products' located by 'By.xpath: //div[@id = 'navbarSupportedContent' and (text() = '
      
        
          Products
          
        
        
        
          Total Transaction
        
      
      Logout
    ' or . = '
      
        
          Products
          
        
        
        
          Total Transaction
        
      
      Logout
    ')]' not found)

2018-05-08 20:25:58 - [TEST_STEP][PASSED] - openBrowser: Browser is opened with url: ''

2018-05-08 20:25:59 - [MESSAGE][PASSED] - Browser is opened with url: ''

2018-05-08 20:25:59 - [TEST_STEP][PASSED] - navigateToUrl: Navigate to 'http://34.209.48.20:9089/' successfully

2018-05-08 20:26:06 - [MESSAGE][PASSED] - Navigate to 'http://34.209.48.20:9089/' successfully

2018-05-08 20:26:06 - [TEST_STEP][PASSED] - click: Object: 'Object Repository/Page_ProjectBackend (3)/h1_SE 234 Project' is clicked on

2018-05-08 20:26:07 - [MESSAGE][PASSED] - Object: 'Object Repository/Page_ProjectBackend (3)/h1_SE 234 Project' is clicked on

2018-05-08 20:26:07 - [TEST_STEP][PASSED] - click: Object: 'Object Repository/Page_ProjectBackend (3)/p_This is the mock app for the' is clicked on

2018-05-08 20:26:07 - [MESSAGE][PASSED] - Object: 'Object Repository/Page_ProjectBackend (3)/p_This is the mock app for the' is clicked on

2018-05-08 20:26:07 - [TEST_STEP][PASSED] - click: Object: 'Object Repository/Page_ProjectBackend (3)/h2_Login' is clicked on

2018-05-08 20:26:07 - [MESSAGE][PASSED] - Object: 'Object Repository/Page_ProjectBackend (3)/h2_Login' is clicked on

2018-05-08 20:26:07 - [TEST_STEP][PASSED] - click: Object: 'Object Repository/Page_ProjectBackend (3)/div_Username' is clicked on

2018-05-08 20:26:07 - [MESSAGE][PASSED] - Object: 'Object Repository/Page_ProjectBackend (3)/div_Username' is clicked on

2018-05-08 20:26:07 - [TEST_STEP][PASSED] - click: Object: 'Object Repository/Page_ProjectBackend (3)/div_Password' is clicked on

2018-05-08 20:26:07 - [MESSAGE][PASSED] - Object: 'Object Repository/Page_ProjectBackend (3)/div_Password' is clicked on

2018-05-08 20:26:07 - [TEST_STEP][PASSED] - click: Object: 'Object Repository/Page_ProjectBackend (3)/div_Login' is clicked on

2018-05-08 20:26:07 - [MESSAGE][PASSED] - Object: 'Object Repository/Page_ProjectBackend (3)/div_Login' is clicked on

2018-05-08 20:26:07 - [TEST_STEP][PASSED] - setText: Text 'user' is set on object 'Object Repository/Page_ProjectBackend (3)/input_username'

2018-05-08 20:26:07 - [MESSAGE][PASSED] - Text 'user' is set on object 'Object Repository/Page_ProjectBackend (3)/input_username'

2018-05-08 20:26:07 - [TEST_STEP][PASSED] - setText: Text 'user' is set on object 'Object Repository/Page_ProjectBackend (3)/input_password'

2018-05-08 20:26:07 - [MESSAGE][PASSED] - Text 'user' is set on object 'Object Repository/Page_ProjectBackend (3)/input_password'

2018-05-08 20:26:07 - [TEST_STEP][PASSED] - click: Object: 'Object Repository/Page_ProjectBackend (3)/button_Login' is clicked on

2018-05-08 20:26:08 - [MESSAGE][PASSED] - Object: 'Object Repository/Page_ProjectBackend (3)/button_Login' is clicked on

2018-05-08 20:26:08 - [TEST_STEP][PASSED] - click: Object: 'Object Repository/Page_ProjectBackend (3)/p_This is the mock app for the' is clicked on

2018-05-08 20:26:08 - [MESSAGE][PASSED] - Object: 'Object Repository/Page_ProjectBackend (3)/p_This is the mock app for the' is clicked on

2018-05-08 20:26:08 - [TEST_STEP][FAILED] - click: Unable to click on object 'Object Repository/Page_ProjectBackend (3)/div_Products' (Root cause: com.kms.katalon.core.webui.exception.WebElementNotFoundException: Web element with id: 'Object Repository/Page_ProjectBackend (3)/div_Products' located by 'By.xpath: //div[@id = 'navbarSupportedContent' and (text() = '
      
        
          Products
          
        
        
        
          Total Transaction
        
      
      Logout
    ' or . = '
      
        
          Products
          
        
        
        
          Total Transaction
        
      
      Logout
    ')]' not found)

2018-05-08 20:26:41 - [MESSAGE][FAILED] - Unable to click on object 'Object Repository/Page_ProjectBackend (3)/div_Products' (Root cause: com.kms.katalon.core.webui.exception.WebElementNotFoundException: Web element with id: 'Object Repository/Page_ProjectBackend (3)/div_Products' located by 'By.xpath: //div[@id = 'navbarSupportedContent' and (text() = '
      
        
          Products
          
        
        
        
          Total Transaction
        
      
      Logout
    ' or . = '
      
        
          Products
          
        
        
        
          Total Transaction
        
      
      Logout
    ')]' not found)
[[ATTACHMENT|/Users/snailwalker/Documents/workspace/backend/katalon/Reports/Test_Admin/20180508_202537/1525785999706.png]]]]></system-out>
         <system-err><![CDATA[2018-05-08 20:25:58 - [TEST_CASE][FAILED] - Test Cases/Test Admin Login: Test Cases/Test Admin Login FAILED because (of) Unable to click on object 'Object Repository/Page_ProjectBackend (3)/div_Products' (Root cause: com.kms.katalon.core.webui.exception.WebElementNotFoundException: Web element with id: 'Object Repository/Page_ProjectBackend (3)/div_Products' located by 'By.xpath: //div[@id = 'navbarSupportedContent' and (text() = '
      
        
          Products
          
        
        
        
          Total Transaction
        
      
      Logout
    ' or . = '
      
        
          Products
          
        
        
        
          Total Transaction
        
      
      Logout
    ')]' not found)]]></system-err>
      </testcase>
      <testcase name="Test Cases/Test Admin Login" classname="Test Cases/Test Admin Login" status="FAILED">
         <failure type="FAILED" message="Unable to click on object 'Object Repository/Page_ProjectBackend (3)/div_Products' (Root cause: com.kms.katalon.core.webui.exception.WebElementNotFoundException: Web element with id: 'Object Repository/Page_ProjectBackend (3)/div_Products' located by 'By.xpath: //div[@id = 'navbarSupportedContent' and (text() = '
      
        
          Products
          
        
        
        
          Total Transaction
        
      
      Logout
    ' or . = '
      
        
          Products
          
        
        
        
          Total Transaction
        
      
      Logout
    ')]' not found)"/>
         <system-out><![CDATA[2018-05-08 20:26:41 - [TEST_CASE][FAILED] - Test Cases/Test Admin Login: Test Cases/Test Admin Login FAILED because (of) Unable to click on object 'Object Repository/Page_ProjectBackend (3)/div_Products' (Root cause: com.kms.katalon.core.webui.exception.WebElementNotFoundException: Web element with id: 'Object Repository/Page_ProjectBackend (3)/div_Products' located by 'By.xpath: //div[@id = 'navbarSupportedContent' and (text() = '
      
        
          Products
          
        
        
        
          Total Transaction
        
      
      Logout
    ' or . = '
      
        
          Products
          
        
        
        
          Total Transaction
        
      
      Logout
    ')]' not found)

2018-05-08 20:26:41 - [TEST_STEP][PASSED] - openBrowser: Browser is opened with url: ''

2018-05-08 20:26:41 - [MESSAGE][WARNING] - A browser is already opened. Closing browser and opening a new one

2018-05-08 20:26:43 - [MESSAGE][PASSED] - Browser is opened with url: ''

2018-05-08 20:26:43 - [TEST_STEP][PASSED] - navigateToUrl: Navigate to 'http://34.209.48.20:9089/' successfully

2018-05-08 20:26:52 - [MESSAGE][PASSED] - Navigate to 'http://34.209.48.20:9089/' successfully

2018-05-08 20:26:52 - [TEST_STEP][PASSED] - click: Object: 'Object Repository/Page_ProjectBackend (3)/h1_SE 234 Project' is clicked on

2018-05-08 20:26:52 - [MESSAGE][PASSED] - Object: 'Object Repository/Page_ProjectBackend (3)/h1_SE 234 Project' is clicked on

2018-05-08 20:26:52 - [TEST_STEP][PASSED] - click: Object: 'Object Repository/Page_ProjectBackend (3)/p_This is the mock app for the' is clicked on

2018-05-08 20:26:52 - [MESSAGE][PASSED] - Object: 'Object Repository/Page_ProjectBackend (3)/p_This is the mock app for the' is clicked on

2018-05-08 20:26:52 - [TEST_STEP][PASSED] - click: Object: 'Object Repository/Page_ProjectBackend (3)/h2_Login' is clicked on

2018-05-08 20:26:52 - [MESSAGE][PASSED] - Object: 'Object Repository/Page_ProjectBackend (3)/h2_Login' is clicked on

2018-05-08 20:26:52 - [TEST_STEP][PASSED] - click: Object: 'Object Repository/Page_ProjectBackend (3)/div_Username' is clicked on

2018-05-08 20:26:52 - [MESSAGE][PASSED] - Object: 'Object Repository/Page_ProjectBackend (3)/div_Username' is clicked on

2018-05-08 20:26:52 - [TEST_STEP][PASSED] - click: Object: 'Object Repository/Page_ProjectBackend (3)/div_Password' is clicked on

2018-05-08 20:26:52 - [MESSAGE][PASSED] - Object: 'Object Repository/Page_ProjectBackend (3)/div_Password' is clicked on

2018-05-08 20:26:52 - [TEST_STEP][PASSED] - click: Object: 'Object Repository/Page_ProjectBackend (3)/div_Login' is clicked on

2018-05-08 20:26:52 - [MESSAGE][PASSED] - Object: 'Object Repository/Page_ProjectBackend (3)/div_Login' is clicked on

2018-05-08 20:26:52 - [TEST_STEP][PASSED] - setText: Text 'hello' is set on object 'Object Repository/Page_ProjectBackend (3)/input_username'

2018-05-08 20:26:52 - [MESSAGE][PASSED] - Text 'hello' is set on object 'Object Repository/Page_ProjectBackend (3)/input_username'

2018-05-08 20:26:52 - [TEST_STEP][PASSED] - setText: Text 'hello' is set on object 'Object Repository/Page_ProjectBackend (3)/input_password'

2018-05-08 20:26:53 - [MESSAGE][PASSED] - Text 'hello' is set on object 'Object Repository/Page_ProjectBackend (3)/input_password'

2018-05-08 20:26:53 - [TEST_STEP][PASSED] - click: Object: 'Object Repository/Page_ProjectBackend (3)/button_Login' is clicked on

2018-05-08 20:26:53 - [MESSAGE][PASSED] - Object: 'Object Repository/Page_ProjectBackend (3)/button_Login' is clicked on

2018-05-08 20:26:53 - [TEST_STEP][PASSED] - click: Object: 'Object Repository/Page_ProjectBackend (3)/p_This is the mock app for the' is clicked on

2018-05-08 20:26:53 - [MESSAGE][PASSED] - Object: 'Object Repository/Page_ProjectBackend (3)/p_This is the mock app for the' is clicked on

2018-05-08 20:26:53 - [TEST_STEP][FAILED] - click: Unable to click on object 'Object Repository/Page_ProjectBackend (3)/div_Products' (Root cause: com.kms.katalon.core.webui.exception.WebElementNotFoundException: Web element with id: 'Object Repository/Page_ProjectBackend (3)/div_Products' located by 'By.xpath: //div[@id = 'navbarSupportedContent' and (text() = '
      
        
          Products
          
        
        
        
          Total Transaction
        
      
      Logout
    ' or . = '
      
        
          Products
          
        
        
        
          Total Transaction
        
      
      Logout
    ')]' not found)

2018-05-08 20:27:25 - [MESSAGE][FAILED] - Unable to click on object 'Object Repository/Page_ProjectBackend (3)/div_Products' (Root cause: com.kms.katalon.core.webui.exception.WebElementNotFoundException: Web element with id: 'Object Repository/Page_ProjectBackend (3)/div_Products' located by 'By.xpath: //div[@id = 'navbarSupportedContent' and (text() = '
      
        
          Products
          
        
        
        
          Total Transaction
        
      
      Logout
    ' or . = '
      
        
          Products
          
        
        
        
          Total Transaction
        
      
      Logout
    ')]' not found)
[[ATTACHMENT|/Users/snailwalker/Documents/workspace/backend/katalon/Reports/Test_Admin/20180508_202537/1525786044191.png]]]]></system-out>
         <system-err><![CDATA[2018-05-08 20:26:41 - [TEST_CASE][FAILED] - Test Cases/Test Admin Login: Test Cases/Test Admin Login FAILED because (of) Unable to click on object 'Object Repository/Page_ProjectBackend (3)/div_Products' (Root cause: com.kms.katalon.core.webui.exception.WebElementNotFoundException: Web element with id: 'Object Repository/Page_ProjectBackend (3)/div_Products' located by 'By.xpath: //div[@id = 'navbarSupportedContent' and (text() = '
      
        
          Products
          
        
        
        
          Total Transaction
        
      
      Logout
    ' or . = '
      
        
          Products
          
        
        
        
          Total Transaction
        
      
      Logout
    ')]' not found)]]></system-err>
      </testcase>
      <system-out><![CDATA[2018-05-08 20:25:40 - [TEST_SUITE][FAILED] - Test_Admin: Test Cases/Test Admin Login FAILED because (of) Unable to click on object 'Object Repository/Page_ProjectBackend (3)/div_Products' (Root cause: com.kms.katalon.core.webui.exception.WebElementNotFoundException: Web element with id: 'Object Repository/Page_ProjectBackend (3)/div_Products' located by 'By.xpath: //div[@id = 'navbarSupportedContent' and (text() = '
      
        
          Products
          
        
        
        
          Total Transaction
        
      
      Logout
    ' or . = '
      
        
          Products
          
        
        
        
          Total Transaction
        
      
      Logout
    ')]' not found)]]></system-out>
      <system-err><![CDATA[2018-05-08 20:25:40 - [TEST_SUITE][FAILED] - Test_Admin: Test Cases/Test Admin Login FAILED because (of) Unable to click on object 'Object Repository/Page_ProjectBackend (3)/div_Products' (Root cause: com.kms.katalon.core.webui.exception.WebElementNotFoundException: Web element with id: 'Object Repository/Page_ProjectBackend (3)/div_Products' located by 'By.xpath: //div[@id = 'navbarSupportedContent' and (text() = '
      
        
          Products
          
        
        
        
          Total Transaction
        
      
      Logout
    ' or . = '
      
        
          Products
          
        
        
        
          Total Transaction
        
      
      Logout
    ')]' not found)]]></system-err>
   </testsuite>
</testsuites>
