<?xml version="1.0" encoding="UTF-8"?>
<testsuites name="Test_User_Login" time="97" tests="0" failures="2" errors="0">
   <testsuite name="Test_User_Login" tests="0" failures="2" errors="0" time="97" timestamp="2018-05-08 21:37:40" hostname="snailwalker - 192.168.0.101" id="Test Suites/Test_User_Login">
      <properties>
         <property name="deviceName" value=""/>
         <property name="devicePlatform" value=""/>
         <property name="logFolder" value="/Users/snailwalker/Documents/workspace/backend/katalon/Reports/Test_User_Login/20180508_213738"/>
         <property name="logFiles" value="/Users/snailwalker/Documents/workspace/backend/katalon/Reports/Test_User_Login/20180508_213738/execution0.log"/>
         <property name="attachments" value="/Users/snailwalker/Documents/workspace/backend/katalon/Reports/Test_User_Login/20180508_213738/1525790307348.png, /Users/snailwalker/Documents/workspace/backend/katalon/Reports/Test_User_Login/20180508_213738/1525790308525.png, /Users/snailwalker/Documents/workspace/backend/katalon/Reports/Test_User_Login/20180508_213738/1525790355565.png, /Users/snailwalker/Documents/workspace/backend/katalon/Reports/Test_User_Login/20180508_213738/1525790356510.png"/>
         <property name="hostName" value="snailwalker - 192.168.0.101"/>
         <property name="os" value="Mac OS X 64bit"/>
         <property name="katalonVersion" value="5.4.1.1"/>
         <property name="browser" value="Chrome 66.0.3359.139"/>
         <property name="hostAddress" value="192.168.0.101"/>
         <property name="sessionId" value="df03fc2cdfb0f8b1ed9259bdddf35678"/>
         <property name="seleniumVersion" value="3.7.1"/>
         <property name="proxyInformation" value="ProxyInformation{proxyOption=NO_PROXY, proxyServerType=HTTP, password=, proxyServerAddress=, proxyServerPort=0}"/>
         <property name="platform" value="Mac OS X"/>
      </properties>
      <testcase name="Test Cases/Test User Login" classname="Test Cases/Test User Login" status="FAILED">
         <failure type="FAILED" message="Unable to verify object 'Object Repository/all_Objects/div_Products' is present (Root cause: com.kms.katalon.core.webui.exception.WebElementNotFoundException: Web element with id: 'Object Repository/all_Objects/div_Products' located by 'By.xpath: id(&quot;navbarSupportedContent&quot;)[count(. | //div[@id = 'navbarSupportedContent' and (text() = '
      
        
          Products
          
        
        
        
          Total Transaction
        
      
      Logout
    ' or . = '
      
        
          Products
          
        
        
        
          Total Transaction
        
      
      Logout
    ')]) = count(//div[@id = 'navbarSupportedContent' and (text() = '
      
        
          Products
          
        
        
        
          Total Transaction
        
      
      Logout
    ' or . = '
      
        
          Products
          
        
        
        
          Total Transaction
        
      
      Logout
    ')])]' not found)"/>
         <system-out><![CDATA[2018-05-08 21:37:41 - [TEST_CASE][FAILED] - Test Cases/Test User Login: Test Cases/Test User Login FAILED because (of) Unable to verify object 'Object Repository/all_Objects/div_Products' is present (Root cause: com.kms.katalon.core.webui.exception.WebElementNotFoundException: Web element with id: 'Object Repository/all_Objects/div_Products' located by 'By.xpath: id("navbarSupportedContent")[count(. | //div[@id = 'navbarSupportedContent' and (text() = '
      
        
          Products
          
        
        
        
          Total Transaction
        
      
      Logout
    ' or . = '
      
        
          Products
          
        
        
        
          Total Transaction
        
      
      Logout
    ')]) = count(//div[@id = 'navbarSupportedContent' and (text() = '
      
        
          Products
          
        
        
        
          Total Transaction
        
      
      Logout
    ' or . = '
      
        
          Products
          
        
        
        
          Total Transaction
        
      
      Logout
    ')])]' not found)

2018-05-08 21:37:41 - [TEST_STEP][PASSED] - openBrowser: Browser is opened with url: ''

2018-05-08 21:37:44 - [MESSAGE][PASSED] - Browser is opened with url: ''

2018-05-08 21:37:44 - [TEST_STEP][PASSED] - navigateToUrl: Navigate to 'http://34.209.48.20:9089/' successfully

2018-05-08 21:37:55 - [MESSAGE][PASSED] - Navigate to 'http://34.209.48.20:9089/' successfully

2018-05-08 21:37:55 - [TEST_STEP][PASSED] - verifyElementPresent: Object 'Object Repository/all_Objects/header' is present

2018-05-08 21:37:55 - [MESSAGE][WARNING] - Timeout '0' is invalid. Using default page load timeout: '30'

2018-05-08 21:37:55 - [MESSAGE][PASSED] - Object 'Object Repository/all_Objects/header' is present

2018-05-08 21:37:55 - [TEST_STEP][PASSED] - verifyElementPresent: Object 'Object Repository/all_Objects/p_header_description' is present

2018-05-08 21:37:55 - [MESSAGE][WARNING] - Timeout '0' is invalid. Using default page load timeout: '30'

2018-05-08 21:37:55 - [MESSAGE][PASSED] - Object 'Object Repository/all_Objects/p_header_description' is present

2018-05-08 21:37:55 - [TEST_STEP][PASSED] - verifyElementPresent: Object 'Object Repository/all_Objects/h2_Login' is present

2018-05-08 21:37:55 - [MESSAGE][WARNING] - Timeout '0' is invalid. Using default page load timeout: '30'

2018-05-08 21:37:55 - [MESSAGE][PASSED] - Object 'Object Repository/all_Objects/h2_Login' is present

2018-05-08 21:37:55 - [TEST_STEP][PASSED] - verifyElementPresent: Object 'Object Repository/all_Objects/label_Username' is present

2018-05-08 21:37:55 - [MESSAGE][WARNING] - Timeout '0' is invalid. Using default page load timeout: '30'

2018-05-08 21:37:55 - [MESSAGE][PASSED] - Object 'Object Repository/all_Objects/label_Username' is present

2018-05-08 21:37:55 - [TEST_STEP][PASSED] - verifyElementPresent: Object 'Object Repository/all_Objects/label_Password' is present

2018-05-08 21:37:55 - [MESSAGE][WARNING] - Timeout '0' is invalid. Using default page load timeout: '30'

2018-05-08 21:37:55 - [MESSAGE][PASSED] - Object 'Object Repository/all_Objects/label_Password' is present

2018-05-08 21:37:55 - [TEST_STEP][PASSED] - verifyElementPresent: Object 'Object Repository/all_Objects/div_Login' is present

2018-05-08 21:37:55 - [MESSAGE][WARNING] - Timeout '0' is invalid. Using default page load timeout: '30'

2018-05-08 21:37:55 - [MESSAGE][PASSED] - Object 'Object Repository/all_Objects/div_Login' is present

2018-05-08 21:37:55 - [TEST_STEP][PASSED] - setText: Text 'user' is set on object 'Object Repository/all_Objects/input_username'

2018-05-08 21:37:56 - [MESSAGE][PASSED] - Text 'user' is set on object 'Object Repository/all_Objects/input_username'

2018-05-08 21:37:56 - [TEST_STEP][PASSED] - setText: Text 'user' is set on object 'Object Repository/all_Objects/input_password'

2018-05-08 21:37:56 - [MESSAGE][PASSED] - Text 'user' is set on object 'Object Repository/all_Objects/input_password'

2018-05-08 21:37:56 - [TEST_STEP][PASSED] - click: Object: 'Object Repository/all_Objects/button_Login' is clicked on

2018-05-08 21:37:56 - [MESSAGE][PASSED] - Object: 'Object Repository/all_Objects/button_Login' is clicked on

2018-05-08 21:37:56 - [TEST_STEP][PASSED] - verifyElementPresent: Object 'Object Repository/all_Objects/header' is present

2018-05-08 21:37:56 - [MESSAGE][WARNING] - Timeout '0' is invalid. Using default page load timeout: '30'

2018-05-08 21:37:56 - [MESSAGE][PASSED] - Object 'Object Repository/all_Objects/header' is present

2018-05-08 21:37:56 - [TEST_STEP][PASSED] - verifyElementPresent: Object 'Object Repository/all_Objects/p_header_description' is present

2018-05-08 21:37:56 - [MESSAGE][WARNING] - Timeout '0' is invalid. Using default page load timeout: '30'

2018-05-08 21:37:56 - [MESSAGE][PASSED] - Object 'Object Repository/all_Objects/p_header_description' is present

2018-05-08 21:37:56 - [TEST_STEP][FAILED] - verifyElementPresent: Unable to verify object 'Object Repository/all_Objects/div_Products' is present (Root cause: com.kms.katalon.core.webui.exception.WebElementNotFoundException: Web element with id: 'Object Repository/all_Objects/div_Products' located by 'By.xpath: id("navbarSupportedContent")[count(. | //div[@id = 'navbarSupportedContent' and (text() = '
      
        
          Products
          
        
        
        
          Total Transaction
        
      
      Logout
    ' or . = '
      
        
          Products
          
        
        
        
          Total Transaction
        
      
      Logout
    ')]) = count(//div[@id = 'navbarSupportedContent' and (text() = '
      
        
          Products
          
        
        
        
          Total Transaction
        
      
      Logout
    ' or . = '
      
        
          Products
          
        
        
        
          Total Transaction
        
      
      Logout
    ')])]' not found)

2018-05-08 21:37:56 - [MESSAGE][WARNING] - Timeout '0' is invalid. Using default page load timeout: '30'

2018-05-08 21:38:28 - [MESSAGE][FAILED] - com.kms.katalon.core.webui.exception.WebElementNotFoundException: Web element with id: 'Object Repository/all_Objects/div_Products' located by 'By.xpath: id("navbarSupportedContent")[count(. | //div[@id = 'navbarSupportedContent' and (text() = '
      
        
          Products
          
        
        
        
          Total Transaction
        
      
      Logout
    ' or . = '
      
        
          Products
          
        
        
        
          Total Transaction
        
      
      Logout
    ')]) = count(//div[@id = 'navbarSupportedContent' and (text() = '
      
        
          Products
          
        
        
        
          Total Transaction
        
      
      Logout
    ' or . = '
      
        
          Products
          
        
        
        
          Total Transaction
        
      
      Logout
    ')])]' not found
[[ATTACHMENT|/Users/snailwalker/Documents/workspace/backend/katalon/Reports/Test_User_Login/20180508_213738/1525790307348.png]]

2018-05-08 21:38:29 - [MESSAGE][FAILED] - Unable to verify object 'Object Repository/all_Objects/div_Products' is present (Root cause: com.kms.katalon.core.webui.exception.WebElementNotFoundException: Web element with id: 'Object Repository/all_Objects/div_Products' located by 'By.xpath: id("navbarSupportedContent")[count(. | //div[@id = 'navbarSupportedContent' and (text() = '
      
        
          Products
          
        
        
        
          Total Transaction
        
      
      Logout
    ' or . = '
      
        
          Products
          
        
        
        
          Total Transaction
        
      
      Logout
    ')]) = count(//div[@id = 'navbarSupportedContent' and (text() = '
      
        
          Products
          
        
        
        
          Total Transaction
        
      
      Logout
    ' or . = '
      
        
          Products
          
        
        
        
          Total Transaction
        
      
      Logout
    ')])]' not found)
[[ATTACHMENT|/Users/snailwalker/Documents/workspace/backend/katalon/Reports/Test_User_Login/20180508_213738/1525790308525.png]]]]></system-out>
         <system-err><![CDATA[2018-05-08 21:37:41 - [TEST_CASE][FAILED] - Test Cases/Test User Login: Test Cases/Test User Login FAILED because (of) Unable to verify object 'Object Repository/all_Objects/div_Products' is present (Root cause: com.kms.katalon.core.webui.exception.WebElementNotFoundException: Web element with id: 'Object Repository/all_Objects/div_Products' located by 'By.xpath: id("navbarSupportedContent")[count(. | //div[@id = 'navbarSupportedContent' and (text() = '
      
        
          Products
          
        
        
        
          Total Transaction
        
      
      Logout
    ' or . = '
      
        
          Products
          
        
        
        
          Total Transaction
        
      
      Logout
    ')]) = count(//div[@id = 'navbarSupportedContent' and (text() = '
      
        
          Products
          
        
        
        
          Total Transaction
        
      
      Logout
    ' or . = '
      
        
          Products
          
        
        
        
          Total Transaction
        
      
      Logout
    ')])]' not found)]]></system-err>
      </testcase>
      <testcase name="Test Cases/Test User Login" classname="Test Cases/Test User Login" status="FAILED">
         <failure type="FAILED" message="Unable to verify object 'Object Repository/all_Objects/div_Products' is present (Root cause: com.kms.katalon.core.webui.exception.WebElementNotFoundException: Web element with id: 'Object Repository/all_Objects/div_Products' located by 'By.xpath: id(&quot;navbarSupportedContent&quot;)[count(. | //div[@id = 'navbarSupportedContent' and (text() = '
      
        
          Products
          
        
        
        
          Total Transaction
        
      
      Logout
    ' or . = '
      
        
          Products
          
        
        
        
          Total Transaction
        
      
      Logout
    ')]) = count(//div[@id = 'navbarSupportedContent' and (text() = '
      
        
          Products
          
        
        
        
          Total Transaction
        
      
      Logout
    ' or . = '
      
        
          Products
          
        
        
        
          Total Transaction
        
      
      Logout
    ')])]' not found)"/>
         <system-out><![CDATA[2018-05-08 21:38:29 - [TEST_CASE][FAILED] - Test Cases/Test User Login: Test Cases/Test User Login FAILED because (of) Unable to verify object 'Object Repository/all_Objects/div_Products' is present (Root cause: com.kms.katalon.core.webui.exception.WebElementNotFoundException: Web element with id: 'Object Repository/all_Objects/div_Products' located by 'By.xpath: id("navbarSupportedContent")[count(. | //div[@id = 'navbarSupportedContent' and (text() = '
      
        
          Products
          
        
        
        
          Total Transaction
        
      
      Logout
    ' or . = '
      
        
          Products
          
        
        
        
          Total Transaction
        
      
      Logout
    ')]) = count(//div[@id = 'navbarSupportedContent' and (text() = '
      
        
          Products
          
        
        
        
          Total Transaction
        
      
      Logout
    ' or . = '
      
        
          Products
          
        
        
        
          Total Transaction
        
      
      Logout
    ')])]' not found)

2018-05-08 21:38:29 - [TEST_STEP][PASSED] - openBrowser: Browser is opened with url: ''

2018-05-08 21:38:29 - [MESSAGE][WARNING] - A browser is already opened. Closing browser and opening a new one

2018-05-08 21:38:30 - [MESSAGE][PASSED] - Browser is opened with url: ''

2018-05-08 21:38:30 - [TEST_STEP][PASSED] - navigateToUrl: Navigate to 'http://34.209.48.20:9089/' successfully

2018-05-08 21:38:43 - [MESSAGE][PASSED] - Navigate to 'http://34.209.48.20:9089/' successfully

2018-05-08 21:38:43 - [TEST_STEP][PASSED] - verifyElementPresent: Object 'Object Repository/all_Objects/header' is present

2018-05-08 21:38:43 - [MESSAGE][WARNING] - Timeout '0' is invalid. Using default page load timeout: '30'

2018-05-08 21:38:43 - [MESSAGE][PASSED] - Object 'Object Repository/all_Objects/header' is present

2018-05-08 21:38:43 - [TEST_STEP][PASSED] - verifyElementPresent: Object 'Object Repository/all_Objects/p_header_description' is present

2018-05-08 21:38:43 - [MESSAGE][WARNING] - Timeout '0' is invalid. Using default page load timeout: '30'

2018-05-08 21:38:43 - [MESSAGE][PASSED] - Object 'Object Repository/all_Objects/p_header_description' is present

2018-05-08 21:38:43 - [TEST_STEP][PASSED] - verifyElementPresent: Object 'Object Repository/all_Objects/h2_Login' is present

2018-05-08 21:38:43 - [MESSAGE][WARNING] - Timeout '0' is invalid. Using default page load timeout: '30'

2018-05-08 21:38:43 - [MESSAGE][PASSED] - Object 'Object Repository/all_Objects/h2_Login' is present

2018-05-08 21:38:43 - [TEST_STEP][PASSED] - verifyElementPresent: Object 'Object Repository/all_Objects/label_Username' is present

2018-05-08 21:38:43 - [MESSAGE][WARNING] - Timeout '0' is invalid. Using default page load timeout: '30'

2018-05-08 21:38:44 - [MESSAGE][PASSED] - Object 'Object Repository/all_Objects/label_Username' is present

2018-05-08 21:38:44 - [TEST_STEP][PASSED] - verifyElementPresent: Object 'Object Repository/all_Objects/label_Password' is present

2018-05-08 21:38:44 - [MESSAGE][WARNING] - Timeout '0' is invalid. Using default page load timeout: '30'

2018-05-08 21:38:44 - [MESSAGE][PASSED] - Object 'Object Repository/all_Objects/label_Password' is present

2018-05-08 21:38:44 - [TEST_STEP][PASSED] - verifyElementPresent: Object 'Object Repository/all_Objects/div_Login' is present

2018-05-08 21:38:44 - [MESSAGE][WARNING] - Timeout '0' is invalid. Using default page load timeout: '30'

2018-05-08 21:38:44 - [MESSAGE][PASSED] - Object 'Object Repository/all_Objects/div_Login' is present

2018-05-08 21:38:44 - [TEST_STEP][PASSED] - setText: Text 'hello' is set on object 'Object Repository/all_Objects/input_username'

2018-05-08 21:38:44 - [MESSAGE][PASSED] - Text 'hello' is set on object 'Object Repository/all_Objects/input_username'

2018-05-08 21:38:44 - [TEST_STEP][PASSED] - setText: Text 'hello' is set on object 'Object Repository/all_Objects/input_password'

2018-05-08 21:38:44 - [MESSAGE][PASSED] - Text 'hello' is set on object 'Object Repository/all_Objects/input_password'

2018-05-08 21:38:44 - [TEST_STEP][PASSED] - click: Object: 'Object Repository/all_Objects/button_Login' is clicked on

2018-05-08 21:38:44 - [MESSAGE][PASSED] - Object: 'Object Repository/all_Objects/button_Login' is clicked on

2018-05-08 21:38:44 - [TEST_STEP][PASSED] - verifyElementPresent: Object 'Object Repository/all_Objects/header' is present

2018-05-08 21:38:44 - [MESSAGE][WARNING] - Timeout '0' is invalid. Using default page load timeout: '30'

2018-05-08 21:38:44 - [MESSAGE][PASSED] - Object 'Object Repository/all_Objects/header' is present

2018-05-08 21:38:44 - [TEST_STEP][PASSED] - verifyElementPresent: Object 'Object Repository/all_Objects/p_header_description' is present

2018-05-08 21:38:44 - [MESSAGE][WARNING] - Timeout '0' is invalid. Using default page load timeout: '30'

2018-05-08 21:38:44 - [MESSAGE][PASSED] - Object 'Object Repository/all_Objects/p_header_description' is present

2018-05-08 21:38:44 - [TEST_STEP][FAILED] - verifyElementPresent: Unable to verify object 'Object Repository/all_Objects/div_Products' is present (Root cause: com.kms.katalon.core.webui.exception.WebElementNotFoundException: Web element with id: 'Object Repository/all_Objects/div_Products' located by 'By.xpath: id("navbarSupportedContent")[count(. | //div[@id = 'navbarSupportedContent' and (text() = '
      
        
          Products
          
        
        
        
          Total Transaction
        
      
      Logout
    ' or . = '
      
        
          Products
          
        
        
        
          Total Transaction
        
      
      Logout
    ')]) = count(//div[@id = 'navbarSupportedContent' and (text() = '
      
        
          Products
          
        
        
        
          Total Transaction
        
      
      Logout
    ' or . = '
      
        
          Products
          
        
        
        
          Total Transaction
        
      
      Logout
    ')])]' not found)

2018-05-08 21:38:44 - [MESSAGE][WARNING] - Timeout '0' is invalid. Using default page load timeout: '30'

2018-05-08 21:39:16 - [MESSAGE][FAILED] - com.kms.katalon.core.webui.exception.WebElementNotFoundException: Web element with id: 'Object Repository/all_Objects/div_Products' located by 'By.xpath: id("navbarSupportedContent")[count(. | //div[@id = 'navbarSupportedContent' and (text() = '
      
        
          Products
          
        
        
        
          Total Transaction
        
      
      Logout
    ' or . = '
      
        
          Products
          
        
        
        
          Total Transaction
        
      
      Logout
    ')]) = count(//div[@id = 'navbarSupportedContent' and (text() = '
      
        
          Products
          
        
        
        
          Total Transaction
        
      
      Logout
    ' or . = '
      
        
          Products
          
        
        
        
          Total Transaction
        
      
      Logout
    ')])]' not found
[[ATTACHMENT|/Users/snailwalker/Documents/workspace/backend/katalon/Reports/Test_User_Login/20180508_213738/1525790355565.png]]

2018-05-08 21:39:17 - [MESSAGE][FAILED] - Unable to verify object 'Object Repository/all_Objects/div_Products' is present (Root cause: com.kms.katalon.core.webui.exception.WebElementNotFoundException: Web element with id: 'Object Repository/all_Objects/div_Products' located by 'By.xpath: id("navbarSupportedContent")[count(. | //div[@id = 'navbarSupportedContent' and (text() = '
      
        
          Products
          
        
        
        
          Total Transaction
        
      
      Logout
    ' or . = '
      
        
          Products
          
        
        
        
          Total Transaction
        
      
      Logout
    ')]) = count(//div[@id = 'navbarSupportedContent' and (text() = '
      
        
          Products
          
        
        
        
          Total Transaction
        
      
      Logout
    ' or . = '
      
        
          Products
          
        
        
        
          Total Transaction
        
      
      Logout
    ')])]' not found)
[[ATTACHMENT|/Users/snailwalker/Documents/workspace/backend/katalon/Reports/Test_User_Login/20180508_213738/1525790356510.png]]]]></system-out>
         <system-err><![CDATA[2018-05-08 21:38:29 - [TEST_CASE][FAILED] - Test Cases/Test User Login: Test Cases/Test User Login FAILED because (of) Unable to verify object 'Object Repository/all_Objects/div_Products' is present (Root cause: com.kms.katalon.core.webui.exception.WebElementNotFoundException: Web element with id: 'Object Repository/all_Objects/div_Products' located by 'By.xpath: id("navbarSupportedContent")[count(. | //div[@id = 'navbarSupportedContent' and (text() = '
      
        
          Products
          
        
        
        
          Total Transaction
        
      
      Logout
    ' or . = '
      
        
          Products
          
        
        
        
          Total Transaction
        
      
      Logout
    ')]) = count(//div[@id = 'navbarSupportedContent' and (text() = '
      
        
          Products
          
        
        
        
          Total Transaction
        
      
      Logout
    ' or . = '
      
        
          Products
          
        
        
        
          Total Transaction
        
      
      Logout
    ')])]' not found)]]></system-err>
      </testcase>
      <system-out><![CDATA[2018-05-08 21:37:40 - [TEST_SUITE][FAILED] - Test_User_Login: Test Cases/Test User Login FAILED because (of) Unable to verify object 'Object Repository/all_Objects/div_Products' is present (Root cause: com.kms.katalon.core.webui.exception.WebElementNotFoundException: Web element with id: 'Object Repository/all_Objects/div_Products' located by 'By.xpath: id("navbarSupportedContent")[count(. | //div[@id = 'navbarSupportedContent' and (text() = '
      
        
          Products
          
        
        
        
          Total Transaction
        
      
      Logout
    ' or . = '
      
        
          Products
          
        
        
        
          Total Transaction
        
      
      Logout
    ')]) = count(//div[@id = 'navbarSupportedContent' and (text() = '
      
        
          Products
          
        
        
        
          Total Transaction
        
      
      Logout
    ' or . = '
      
        
          Products
          
        
        
        
          Total Transaction
        
      
      Logout
    ')])]' not found)]]></system-out>
      <system-err><![CDATA[2018-05-08 21:37:40 - [TEST_SUITE][FAILED] - Test_User_Login: Test Cases/Test User Login FAILED because (of) Unable to verify object 'Object Repository/all_Objects/div_Products' is present (Root cause: com.kms.katalon.core.webui.exception.WebElementNotFoundException: Web element with id: 'Object Repository/all_Objects/div_Products' located by 'By.xpath: id("navbarSupportedContent")[count(. | //div[@id = 'navbarSupportedContent' and (text() = '
      
        
          Products
          
        
        
        
          Total Transaction
        
      
      Logout
    ' or . = '
      
        
          Products
          
        
        
        
          Total Transaction
        
      
      Logout
    ')]) = count(//div[@id = 'navbarSupportedContent' and (text() = '
      
        
          Products
          
        
        
        
          Total Transaction
        
      
      Logout
    ' or . = '
      
        
          Products
          
        
        
        
          Total Transaction
        
      
      Logout
    ')])]' not found)]]></system-err>
   </testsuite>
</testsuites>
