<?xml version="1.0" encoding="UTF-8"?>
<testsuites name="Data-Driven Test Suites" time="14" tests="0" failures="0" errors="1">
   <testsuite name="Data-Driven Test Suites" tests="0" failures="0" errors="1" time="14" timestamp="2018-05-09 01:54:48" hostname="snailwalker - 192.168.0.101" id="Test Suites/Data-Driven Test Suites">
      <properties>
         <property name="deviceName" value=""/>
         <property name="devicePlatform" value=""/>
         <property name="logFolder" value="/Users/snailwalker/Documents/workspace/backend/katalon/Reports/Data-Driven Test Suites/20180509_015445"/>
         <property name="logFiles" value="/Users/snailwalker/Documents/workspace/backend/katalon/Reports/Data-Driven Test Suites/20180509_015445/execution0.log"/>
         <property name="attachments" value=""/>
         <property name="hostName" value="snailwalker - 192.168.0.101"/>
         <property name="os" value="Mac OS X 64bit"/>
         <property name="katalonVersion" value="5.4.1.1"/>
         <property name="browser" value="Chrome 66.0.3359.139"/>
         <property name="hostAddress" value="192.168.0.101"/>
         <property name="sessionId" value="2b573a03d1ee4531e8076104c08b608e"/>
         <property name="seleniumVersion" value="3.7.1"/>
         <property name="proxyInformation" value="ProxyInformation{proxyOption=NO_PROXY, proxyServerType=HTTP, password=, proxyServerAddress=, proxyServerPort=0}"/>
         <property name="platform" value="Mac OS X"/>
      </properties>
      <testcase name="Test Cases/Test User Logout" classname="Test Cases/Test User Logout" status="ERROR">
         <error type="ERROR" message="Test Cases/Test User Logout FAILED because (of) Variable 'username' is not defined for test case."/>
         <system-out><![CDATA[2018-05-09 01:54:48 - [TEST_CASE][ERROR] - Test Cases/Test User Logout: Test Cases/Test User Logout FAILED because (of) Variable 'username' is not defined for test case.

2018-05-09 01:54:49 - [TEST_STEP][PASSED] - openBrowser: Browser is opened with url: ''

2018-05-09 01:54:51 - [MESSAGE][PASSED] - Browser is opened with url: ''

2018-05-09 01:54:51 - [TEST_STEP][PASSED] - navigateToUrl: Navigate to 'http://34.209.48.20:9089/' successfully

2018-05-09 01:55:01 - [MESSAGE][PASSED] - Navigate to 'http://34.209.48.20:9089/' successfully

2018-05-09 01:55:01 - [TEST_STEP][PASSED] - verifyElementPresent: Object 'Object Repository/all_Objects/header' is present

2018-05-09 01:55:02 - [MESSAGE][WARNING] - Timeout '0' is invalid. Using default page load timeout: '30'

2018-05-09 01:55:02 - [MESSAGE][PASSED] - Object 'Object Repository/all_Objects/header' is present

2018-05-09 01:55:02 - [TEST_STEP][PASSED] - verifyElementPresent: Object 'Object Repository/all_Objects/p_header_description' is present

2018-05-09 01:55:02 - [MESSAGE][WARNING] - Timeout '0' is invalid. Using default page load timeout: '30'

2018-05-09 01:55:02 - [MESSAGE][PASSED] - Object 'Object Repository/all_Objects/p_header_description' is present

2018-05-09 01:55:02 - [TEST_STEP][PASSED] - verifyElementPresent: Object 'Object Repository/all_Objects/h2_Login' is present

2018-05-09 01:55:02 - [MESSAGE][WARNING] - Timeout '0' is invalid. Using default page load timeout: '30'

2018-05-09 01:55:02 - [MESSAGE][PASSED] - Object 'Object Repository/all_Objects/h2_Login' is present

2018-05-09 01:55:02 - [TEST_STEP][PASSED] - verifyElementPresent: Object 'Object Repository/all_Objects/label_Username' is present

2018-05-09 01:55:02 - [MESSAGE][WARNING] - Timeout '0' is invalid. Using default page load timeout: '30'

2018-05-09 01:55:02 - [MESSAGE][PASSED] - Object 'Object Repository/all_Objects/label_Username' is present

2018-05-09 01:55:02 - [TEST_STEP][PASSED] - verifyElementPresent: Object 'Object Repository/all_Objects/label_Password' is present

2018-05-09 01:55:02 - [MESSAGE][WARNING] - Timeout '0' is invalid. Using default page load timeout: '30'

2018-05-09 01:55:02 - [MESSAGE][PASSED] - Object 'Object Repository/all_Objects/label_Password' is present

2018-05-09 01:55:02 - [TEST_STEP][PASSED] - setText: Finding Test Object with id 'Object Repository/all_Objects/input_username']]></system-out>
         <system-err><![CDATA[2018-05-09 01:54:48 - [TEST_CASE][ERROR] - Test Cases/Test User Logout: Test Cases/Test User Logout FAILED because (of) Variable 'username' is not defined for test case.]]></system-err>
      </testcase>
      <system-out><![CDATA[2018-05-09 01:54:48 - [TEST_SUITE][ERROR] - Data-Driven Test Suites: Test Cases/Test User Logout FAILED because (of) Variable 'username' is not defined for test case.]]></system-out>
      <system-err><![CDATA[2018-05-09 01:54:48 - [TEST_SUITE][ERROR] - Data-Driven Test Suites: Test Cases/Test User Logout FAILED because (of) Variable 'username' is not defined for test case.]]></system-err>
   </testsuite>
</testsuites>
