<?xml version="1.0" encoding="UTF-8"?>
<testsuites name="Test_User_Login" time="96" tests="0" failures="2" errors="0">
   <testsuite name="Test_User_Login" tests="0" failures="2" errors="0" time="96" timestamp="2018-05-08 22:04:03" hostname="snailwalker - 192.168.0.101" id="Test Suites/Test_User_Login">
      <properties>
         <property name="deviceName" value=""/>
         <property name="devicePlatform" value=""/>
         <property name="logFolder" value="/Users/snailwalker/Documents/workspace/backend/katalon/Reports/Test_User_Login/20180508_220358"/>
         <property name="logFiles" value="/Users/snailwalker/Documents/workspace/backend/katalon/Reports/Test_User_Login/20180508_220358/execution0.log"/>
         <property name="attachments" value="/Users/snailwalker/Documents/workspace/backend/katalon/Reports/Test_User_Login/20180508_220358/1525791892886.png, /Users/snailwalker/Documents/workspace/backend/katalon/Reports/Test_User_Login/20180508_220358/1525791893508.png, /Users/snailwalker/Documents/workspace/backend/katalon/Reports/Test_User_Login/20180508_220358/1525791938792.png, /Users/snailwalker/Documents/workspace/backend/katalon/Reports/Test_User_Login/20180508_220358/1525791939293.png"/>
         <property name="hostName" value="snailwalker - 192.168.0.101"/>
         <property name="os" value="Mac OS X 64bit"/>
         <property name="katalonVersion" value="5.4.1.1"/>
         <property name="browser" value="Chrome 66.0.3359.139"/>
         <property name="hostAddress" value="192.168.0.101"/>
         <property name="sessionId" value="d0b81bdf43a4befcc21bfcf16e926d9c"/>
         <property name="seleniumVersion" value="3.7.1"/>
         <property name="proxyInformation" value="ProxyInformation{proxyOption=NO_PROXY, proxyServerType=HTTP, password=, proxyServerAddress=, proxyServerPort=0}"/>
         <property name="platform" value="Mac OS X"/>
      </properties>
      <testcase name="Test Cases/Test User Login" classname="Test Cases/Test User Login" status="FAILED">
         <failure type="FAILED" message="Unable to verify object 'Object Repository/all_Objects/p_Total price  0 THB' is present (Root cause: com.kms.katalon.core.webui.exception.WebElementNotFoundException: Web element with id: 'Object Repository/all_Objects/p_Total price  0 THB' located by 'By.xpath: id(&quot;add-row&quot;)/div[@class=&quot;col-12 col-md-9 col-xl-8 py-md-3 pl-md-5 bd-content&quot;]/div[@class=&quot;row&quot;]/div[@class=&quot;offset-8 col-4&quot;]/p[1][count(. | //p[(text() = 'Total price:  0 THB' or . = 'Total price:  0 THB')]) = count(//p[(text() = 'Total price:  0 THB' or . = 'Total price:  0 THB')])]' not found)"/>
         <system-out><![CDATA[2018-05-08 22:04:04 - [TEST_CASE][FAILED] - Test Cases/Test User Login: Test Cases/Test User Login FAILED because (of) Unable to verify object 'Object Repository/all_Objects/p_Total price  0 THB' is present (Root cause: com.kms.katalon.core.webui.exception.WebElementNotFoundException: Web element with id: 'Object Repository/all_Objects/p_Total price  0 THB' located by 'By.xpath: id("add-row")/div[@class="col-12 col-md-9 col-xl-8 py-md-3 pl-md-5 bd-content"]/div[@class="row"]/div[@class="offset-8 col-4"]/p[1][count(. | //p[(text() = 'Total price:  0 THB' or . = 'Total price:  0 THB')]) = count(//p[(text() = 'Total price:  0 THB' or . = 'Total price:  0 THB')])]' not found)

2018-05-08 22:04:04 - [TEST_STEP][PASSED] - openBrowser: Browser is opened with url: ''

2018-05-08 22:04:07 - [MESSAGE][PASSED] - Browser is opened with url: ''

2018-05-08 22:04:07 - [TEST_STEP][PASSED] - navigateToUrl: Navigate to 'http://34.209.48.20:9089/' successfully

2018-05-08 22:04:18 - [MESSAGE][PASSED] - Navigate to 'http://34.209.48.20:9089/' successfully

2018-05-08 22:04:18 - [TEST_STEP][PASSED] - verifyElementPresent: Object 'Object Repository/all_Objects/header' is present

2018-05-08 22:04:18 - [MESSAGE][WARNING] - Timeout '0' is invalid. Using default page load timeout: '30'

2018-05-08 22:04:19 - [MESSAGE][PASSED] - Object 'Object Repository/all_Objects/header' is present

2018-05-08 22:04:19 - [TEST_STEP][PASSED] - verifyElementPresent: Object 'Object Repository/all_Objects/p_header_description' is present

2018-05-08 22:04:19 - [MESSAGE][WARNING] - Timeout '0' is invalid. Using default page load timeout: '30'

2018-05-08 22:04:19 - [MESSAGE][PASSED] - Object 'Object Repository/all_Objects/p_header_description' is present

2018-05-08 22:04:19 - [TEST_STEP][PASSED] - verifyElementPresent: Object 'Object Repository/all_Objects/h2_Login' is present

2018-05-08 22:04:19 - [MESSAGE][WARNING] - Timeout '0' is invalid. Using default page load timeout: '30'

2018-05-08 22:04:19 - [MESSAGE][PASSED] - Object 'Object Repository/all_Objects/h2_Login' is present

2018-05-08 22:04:19 - [TEST_STEP][PASSED] - verifyElementPresent: Object 'Object Repository/all_Objects/label_Username' is present

2018-05-08 22:04:19 - [MESSAGE][WARNING] - Timeout '0' is invalid. Using default page load timeout: '30'

2018-05-08 22:04:19 - [MESSAGE][PASSED] - Object 'Object Repository/all_Objects/label_Username' is present

2018-05-08 22:04:19 - [TEST_STEP][PASSED] - verifyElementPresent: Object 'Object Repository/all_Objects/label_Password' is present

2018-05-08 22:04:19 - [MESSAGE][WARNING] - Timeout '0' is invalid. Using default page load timeout: '30'

2018-05-08 22:04:19 - [MESSAGE][PASSED] - Object 'Object Repository/all_Objects/label_Password' is present

2018-05-08 22:04:19 - [TEST_STEP][PASSED] - verifyElementPresent: Object 'Object Repository/all_Objects/div_Login' is present

2018-05-08 22:04:19 - [MESSAGE][WARNING] - Timeout '0' is invalid. Using default page load timeout: '30'

2018-05-08 22:04:19 - [MESSAGE][PASSED] - Object 'Object Repository/all_Objects/div_Login' is present

2018-05-08 22:04:19 - [TEST_STEP][PASSED] - setText: Text 'user' is set on object 'Object Repository/all_Objects/input_username'

2018-05-08 22:04:19 - [MESSAGE][PASSED] - Text 'user' is set on object 'Object Repository/all_Objects/input_username'

2018-05-08 22:04:19 - [TEST_STEP][PASSED] - setText: Text 'user' is set on object 'Object Repository/all_Objects/input_password'

2018-05-08 22:04:19 - [MESSAGE][PASSED] - Text 'user' is set on object 'Object Repository/all_Objects/input_password'

2018-05-08 22:04:19 - [TEST_STEP][PASSED] - click: Object: 'Object Repository/all_Objects/button_Login' is clicked on

2018-05-08 22:04:19 - [MESSAGE][PASSED] - Object: 'Object Repository/all_Objects/button_Login' is clicked on

2018-05-08 22:04:19 - [TEST_STEP][PASSED] - verifyElementPresent: Object 'Object Repository/all_Objects/header' is present

2018-05-08 22:04:19 - [MESSAGE][WARNING] - Timeout '0' is invalid. Using default page load timeout: '30'

2018-05-08 22:04:19 - [MESSAGE][PASSED] - Object 'Object Repository/all_Objects/header' is present

2018-05-08 22:04:19 - [TEST_STEP][PASSED] - verifyElementPresent: Object 'Object Repository/all_Objects/p_header_description' is present

2018-05-08 22:04:19 - [MESSAGE][WARNING] - Timeout '0' is invalid. Using default page load timeout: '30'

2018-05-08 22:04:19 - [MESSAGE][PASSED] - Object 'Object Repository/all_Objects/p_header_description' is present

2018-05-08 22:04:19 - [TEST_STEP][PASSED] - verifyElementPresent: Object 'Object Repository/all_Objects/div_add to cart' is present

2018-05-08 22:04:20 - [MESSAGE][WARNING] - Timeout '0' is invalid. Using default page load timeout: '30'

2018-05-08 22:04:21 - [MESSAGE][PASSED] - Object 'Object Repository/all_Objects/div_add to cart' is present

2018-05-08 22:04:21 - [TEST_STEP][PASSED] - click: Object: 'Object Repository/all_Objects/button_Carts' is clicked on

2018-05-08 22:04:21 - [MESSAGE][PASSED] - Object: 'Object Repository/all_Objects/button_Carts' is clicked on

2018-05-08 22:04:21 - [TEST_STEP][PASSED] - verifyElementPresent: Object 'Object Repository/all_Objects/User_Shopping Cart_header' is present

2018-05-08 22:04:21 - [MESSAGE][WARNING] - Timeout '0' is invalid. Using default page load timeout: '30'

2018-05-08 22:04:21 - [MESSAGE][PASSED] - Object 'Object Repository/all_Objects/User_Shopping Cart_header' is present

2018-05-08 22:04:21 - [TEST_STEP][PASSED] - verifyElementPresent: Object 'Object Repository/all_Objects/th_Product Name' is present

2018-05-08 22:04:21 - [MESSAGE][WARNING] - Timeout '0' is invalid. Using default page load timeout: '30'

2018-05-08 22:04:21 - [MESSAGE][PASSED] - Object 'Object Repository/all_Objects/th_Product Name' is present

2018-05-08 22:04:21 - [TEST_STEP][PASSED] - verifyElementPresent: Object 'Object Repository/all_Objects/th_Price' is present

2018-05-08 22:04:21 - [MESSAGE][WARNING] - Timeout '0' is invalid. Using default page load timeout: '30'

2018-05-08 22:04:22 - [MESSAGE][PASSED] - Object 'Object Repository/all_Objects/th_Price' is present

2018-05-08 22:04:22 - [TEST_STEP][PASSED] - verifyElementPresent: Object 'Object Repository/all_Objects/th_amount' is present

2018-05-08 22:04:22 - [MESSAGE][WARNING] - Timeout '0' is invalid. Using default page load timeout: '30'

2018-05-08 22:04:22 - [MESSAGE][PASSED] - Object 'Object Repository/all_Objects/th_amount' is present

2018-05-08 22:04:22 - [TEST_STEP][FAILED] - verifyElementPresent: Unable to verify object 'Object Repository/all_Objects/p_Total price  0 THB' is present (Root cause: com.kms.katalon.core.webui.exception.WebElementNotFoundException: Web element with id: 'Object Repository/all_Objects/p_Total price  0 THB' located by 'By.xpath: id("add-row")/div[@class="col-12 col-md-9 col-xl-8 py-md-3 pl-md-5 bd-content"]/div[@class="row"]/div[@class="offset-8 col-4"]/p[1][count(. | //p[(text() = 'Total price:  0 THB' or . = 'Total price:  0 THB')]) = count(//p[(text() = 'Total price:  0 THB' or . = 'Total price:  0 THB')])]' not found)

2018-05-08 22:04:22 - [MESSAGE][WARNING] - Timeout '0' is invalid. Using default page load timeout: '30'

2018-05-08 22:04:53 - [MESSAGE][FAILED] - com.kms.katalon.core.webui.exception.WebElementNotFoundException: Web element with id: 'Object Repository/all_Objects/p_Total price  0 THB' located by 'By.xpath: id("add-row")/div[@class="col-12 col-md-9 col-xl-8 py-md-3 pl-md-5 bd-content"]/div[@class="row"]/div[@class="offset-8 col-4"]/p[1][count(. | //p[(text() = 'Total price:  0 THB' or . = 'Total price:  0 THB')]) = count(//p[(text() = 'Total price:  0 THB' or . = 'Total price:  0 THB')])]' not found
[[ATTACHMENT|/Users/snailwalker/Documents/workspace/backend/katalon/Reports/Test_User_Login/20180508_220358/1525791892886.png]]

2018-05-08 22:04:53 - [MESSAGE][FAILED] - Unable to verify object 'Object Repository/all_Objects/p_Total price  0 THB' is present (Root cause: com.kms.katalon.core.webui.exception.WebElementNotFoundException: Web element with id: 'Object Repository/all_Objects/p_Total price  0 THB' located by 'By.xpath: id("add-row")/div[@class="col-12 col-md-9 col-xl-8 py-md-3 pl-md-5 bd-content"]/div[@class="row"]/div[@class="offset-8 col-4"]/p[1][count(. | //p[(text() = 'Total price:  0 THB' or . = 'Total price:  0 THB')]) = count(//p[(text() = 'Total price:  0 THB' or . = 'Total price:  0 THB')])]' not found)
[[ATTACHMENT|/Users/snailwalker/Documents/workspace/backend/katalon/Reports/Test_User_Login/20180508_220358/1525791893508.png]]]]></system-out>
         <system-err><![CDATA[2018-05-08 22:04:04 - [TEST_CASE][FAILED] - Test Cases/Test User Login: Test Cases/Test User Login FAILED because (of) Unable to verify object 'Object Repository/all_Objects/p_Total price  0 THB' is present (Root cause: com.kms.katalon.core.webui.exception.WebElementNotFoundException: Web element with id: 'Object Repository/all_Objects/p_Total price  0 THB' located by 'By.xpath: id("add-row")/div[@class="col-12 col-md-9 col-xl-8 py-md-3 pl-md-5 bd-content"]/div[@class="row"]/div[@class="offset-8 col-4"]/p[1][count(. | //p[(text() = 'Total price:  0 THB' or . = 'Total price:  0 THB')]) = count(//p[(text() = 'Total price:  0 THB' or . = 'Total price:  0 THB')])]' not found)]]></system-err>
      </testcase>
      <testcase name="Test Cases/Test User Login" classname="Test Cases/Test User Login" status="FAILED">
         <failure type="FAILED" message="Unable to verify object 'Object Repository/all_Objects/p_Total price  0 THB' is present (Root cause: com.kms.katalon.core.webui.exception.WebElementNotFoundException: Web element with id: 'Object Repository/all_Objects/p_Total price  0 THB' located by 'By.xpath: id(&quot;add-row&quot;)/div[@class=&quot;col-12 col-md-9 col-xl-8 py-md-3 pl-md-5 bd-content&quot;]/div[@class=&quot;row&quot;]/div[@class=&quot;offset-8 col-4&quot;]/p[1][count(. | //p[(text() = 'Total price:  0 THB' or . = 'Total price:  0 THB')]) = count(//p[(text() = 'Total price:  0 THB' or . = 'Total price:  0 THB')])]' not found)"/>
         <system-out><![CDATA[2018-05-08 22:04:53 - [TEST_CASE][FAILED] - Test Cases/Test User Login: Test Cases/Test User Login FAILED because (of) Unable to verify object 'Object Repository/all_Objects/p_Total price  0 THB' is present (Root cause: com.kms.katalon.core.webui.exception.WebElementNotFoundException: Web element with id: 'Object Repository/all_Objects/p_Total price  0 THB' located by 'By.xpath: id("add-row")/div[@class="col-12 col-md-9 col-xl-8 py-md-3 pl-md-5 bd-content"]/div[@class="row"]/div[@class="offset-8 col-4"]/p[1][count(. | //p[(text() = 'Total price:  0 THB' or . = 'Total price:  0 THB')]) = count(//p[(text() = 'Total price:  0 THB' or . = 'Total price:  0 THB')])]' not found)

2018-05-08 22:04:53 - [TEST_STEP][PASSED] - openBrowser: Browser is opened with url: ''

2018-05-08 22:04:53 - [MESSAGE][WARNING] - A browser is already opened. Closing browser and opening a new one

2018-05-08 22:04:55 - [MESSAGE][PASSED] - Browser is opened with url: ''

2018-05-08 22:04:55 - [TEST_STEP][PASSED] - navigateToUrl: Navigate to 'http://34.209.48.20:9089/' successfully

2018-05-08 22:05:05 - [MESSAGE][PASSED] - Navigate to 'http://34.209.48.20:9089/' successfully

2018-05-08 22:05:05 - [TEST_STEP][PASSED] - verifyElementPresent: Object 'Object Repository/all_Objects/header' is present

2018-05-08 22:05:05 - [MESSAGE][WARNING] - Timeout '0' is invalid. Using default page load timeout: '30'

2018-05-08 22:05:05 - [MESSAGE][PASSED] - Object 'Object Repository/all_Objects/header' is present

2018-05-08 22:05:05 - [TEST_STEP][PASSED] - verifyElementPresent: Object 'Object Repository/all_Objects/p_header_description' is present

2018-05-08 22:05:05 - [MESSAGE][WARNING] - Timeout '0' is invalid. Using default page load timeout: '30'

2018-05-08 22:05:05 - [MESSAGE][PASSED] - Object 'Object Repository/all_Objects/p_header_description' is present

2018-05-08 22:05:05 - [TEST_STEP][PASSED] - verifyElementPresent: Object 'Object Repository/all_Objects/h2_Login' is present

2018-05-08 22:05:05 - [MESSAGE][WARNING] - Timeout '0' is invalid. Using default page load timeout: '30'

2018-05-08 22:05:05 - [MESSAGE][PASSED] - Object 'Object Repository/all_Objects/h2_Login' is present

2018-05-08 22:05:05 - [TEST_STEP][PASSED] - verifyElementPresent: Object 'Object Repository/all_Objects/label_Username' is present

2018-05-08 22:05:05 - [MESSAGE][WARNING] - Timeout '0' is invalid. Using default page load timeout: '30'

2018-05-08 22:05:05 - [MESSAGE][PASSED] - Object 'Object Repository/all_Objects/label_Username' is present

2018-05-08 22:05:05 - [TEST_STEP][PASSED] - verifyElementPresent: Object 'Object Repository/all_Objects/label_Password' is present

2018-05-08 22:05:05 - [MESSAGE][WARNING] - Timeout '0' is invalid. Using default page load timeout: '30'

2018-05-08 22:05:05 - [MESSAGE][PASSED] - Object 'Object Repository/all_Objects/label_Password' is present

2018-05-08 22:05:05 - [TEST_STEP][PASSED] - verifyElementPresent: Object 'Object Repository/all_Objects/div_Login' is present

2018-05-08 22:05:05 - [MESSAGE][WARNING] - Timeout '0' is invalid. Using default page load timeout: '30'

2018-05-08 22:05:05 - [MESSAGE][PASSED] - Object 'Object Repository/all_Objects/div_Login' is present

2018-05-08 22:05:05 - [TEST_STEP][PASSED] - setText: Text 'hello' is set on object 'Object Repository/all_Objects/input_username'

2018-05-08 22:05:05 - [MESSAGE][PASSED] - Text 'hello' is set on object 'Object Repository/all_Objects/input_username'

2018-05-08 22:05:05 - [TEST_STEP][PASSED] - setText: Text 'hello' is set on object 'Object Repository/all_Objects/input_password'

2018-05-08 22:05:06 - [MESSAGE][PASSED] - Text 'hello' is set on object 'Object Repository/all_Objects/input_password'

2018-05-08 22:05:06 - [TEST_STEP][PASSED] - click: Object: 'Object Repository/all_Objects/button_Login' is clicked on

2018-05-08 22:05:06 - [MESSAGE][PASSED] - Object: 'Object Repository/all_Objects/button_Login' is clicked on

2018-05-08 22:05:06 - [TEST_STEP][PASSED] - verifyElementPresent: Object 'Object Repository/all_Objects/header' is present

2018-05-08 22:05:06 - [MESSAGE][WARNING] - Timeout '0' is invalid. Using default page load timeout: '30'

2018-05-08 22:05:06 - [MESSAGE][PASSED] - Object 'Object Repository/all_Objects/header' is present

2018-05-08 22:05:06 - [TEST_STEP][PASSED] - verifyElementPresent: Object 'Object Repository/all_Objects/p_header_description' is present

2018-05-08 22:05:06 - [MESSAGE][WARNING] - Timeout '0' is invalid. Using default page load timeout: '30'

2018-05-08 22:05:06 - [MESSAGE][PASSED] - Object 'Object Repository/all_Objects/p_header_description' is present

2018-05-08 22:05:06 - [TEST_STEP][PASSED] - verifyElementPresent: Object 'Object Repository/all_Objects/div_add to cart' is present

2018-05-08 22:05:06 - [MESSAGE][WARNING] - Timeout '0' is invalid. Using default page load timeout: '30'

2018-05-08 22:05:07 - [MESSAGE][PASSED] - Object 'Object Repository/all_Objects/div_add to cart' is present

2018-05-08 22:05:07 - [TEST_STEP][PASSED] - click: Object: 'Object Repository/all_Objects/button_Carts' is clicked on

2018-05-08 22:05:07 - [MESSAGE][PASSED] - Object: 'Object Repository/all_Objects/button_Carts' is clicked on

2018-05-08 22:05:07 - [TEST_STEP][PASSED] - verifyElementPresent: Object 'Object Repository/all_Objects/User_Shopping Cart_header' is present

2018-05-08 22:05:07 - [MESSAGE][WARNING] - Timeout '0' is invalid. Using default page load timeout: '30'

2018-05-08 22:05:07 - [MESSAGE][PASSED] - Object 'Object Repository/all_Objects/User_Shopping Cart_header' is present

2018-05-08 22:05:07 - [TEST_STEP][PASSED] - verifyElementPresent: Object 'Object Repository/all_Objects/th_Product Name' is present

2018-05-08 22:05:07 - [MESSAGE][WARNING] - Timeout '0' is invalid. Using default page load timeout: '30'

2018-05-08 22:05:07 - [MESSAGE][PASSED] - Object 'Object Repository/all_Objects/th_Product Name' is present

2018-05-08 22:05:07 - [TEST_STEP][PASSED] - verifyElementPresent: Object 'Object Repository/all_Objects/th_Price' is present

2018-05-08 22:05:07 - [MESSAGE][WARNING] - Timeout '0' is invalid. Using default page load timeout: '30'

2018-05-08 22:05:07 - [MESSAGE][PASSED] - Object 'Object Repository/all_Objects/th_Price' is present

2018-05-08 22:05:07 - [TEST_STEP][PASSED] - verifyElementPresent: Object 'Object Repository/all_Objects/th_amount' is present

2018-05-08 22:05:07 - [MESSAGE][WARNING] - Timeout '0' is invalid. Using default page load timeout: '30'

2018-05-08 22:05:07 - [MESSAGE][PASSED] - Object 'Object Repository/all_Objects/th_amount' is present

2018-05-08 22:05:07 - [TEST_STEP][FAILED] - verifyElementPresent: Unable to verify object 'Object Repository/all_Objects/p_Total price  0 THB' is present (Root cause: com.kms.katalon.core.webui.exception.WebElementNotFoundException: Web element with id: 'Object Repository/all_Objects/p_Total price  0 THB' located by 'By.xpath: id("add-row")/div[@class="col-12 col-md-9 col-xl-8 py-md-3 pl-md-5 bd-content"]/div[@class="row"]/div[@class="offset-8 col-4"]/p[1][count(. | //p[(text() = 'Total price:  0 THB' or . = 'Total price:  0 THB')]) = count(//p[(text() = 'Total price:  0 THB' or . = 'Total price:  0 THB')])]' not found)

2018-05-08 22:05:07 - [MESSAGE][WARNING] - Timeout '0' is invalid. Using default page load timeout: '30'

2018-05-08 22:05:39 - [MESSAGE][FAILED] - com.kms.katalon.core.webui.exception.WebElementNotFoundException: Web element with id: 'Object Repository/all_Objects/p_Total price  0 THB' located by 'By.xpath: id("add-row")/div[@class="col-12 col-md-9 col-xl-8 py-md-3 pl-md-5 bd-content"]/div[@class="row"]/div[@class="offset-8 col-4"]/p[1][count(. | //p[(text() = 'Total price:  0 THB' or . = 'Total price:  0 THB')]) = count(//p[(text() = 'Total price:  0 THB' or . = 'Total price:  0 THB')])]' not found
[[ATTACHMENT|/Users/snailwalker/Documents/workspace/backend/katalon/Reports/Test_User_Login/20180508_220358/1525791938792.png]]

2018-05-08 22:05:39 - [MESSAGE][FAILED] - Unable to verify object 'Object Repository/all_Objects/p_Total price  0 THB' is present (Root cause: com.kms.katalon.core.webui.exception.WebElementNotFoundException: Web element with id: 'Object Repository/all_Objects/p_Total price  0 THB' located by 'By.xpath: id("add-row")/div[@class="col-12 col-md-9 col-xl-8 py-md-3 pl-md-5 bd-content"]/div[@class="row"]/div[@class="offset-8 col-4"]/p[1][count(. | //p[(text() = 'Total price:  0 THB' or . = 'Total price:  0 THB')]) = count(//p[(text() = 'Total price:  0 THB' or . = 'Total price:  0 THB')])]' not found)
[[ATTACHMENT|/Users/snailwalker/Documents/workspace/backend/katalon/Reports/Test_User_Login/20180508_220358/1525791939293.png]]]]></system-out>
         <system-err><![CDATA[2018-05-08 22:04:53 - [TEST_CASE][FAILED] - Test Cases/Test User Login: Test Cases/Test User Login FAILED because (of) Unable to verify object 'Object Repository/all_Objects/p_Total price  0 THB' is present (Root cause: com.kms.katalon.core.webui.exception.WebElementNotFoundException: Web element with id: 'Object Repository/all_Objects/p_Total price  0 THB' located by 'By.xpath: id("add-row")/div[@class="col-12 col-md-9 col-xl-8 py-md-3 pl-md-5 bd-content"]/div[@class="row"]/div[@class="offset-8 col-4"]/p[1][count(. | //p[(text() = 'Total price:  0 THB' or . = 'Total price:  0 THB')]) = count(//p[(text() = 'Total price:  0 THB' or . = 'Total price:  0 THB')])]' not found)]]></system-err>
      </testcase>
      <system-out><![CDATA[2018-05-08 22:04:03 - [TEST_SUITE][FAILED] - Test_User_Login: Test Cases/Test User Login FAILED because (of) Unable to verify object 'Object Repository/all_Objects/p_Total price  0 THB' is present (Root cause: com.kms.katalon.core.webui.exception.WebElementNotFoundException: Web element with id: 'Object Repository/all_Objects/p_Total price  0 THB' located by 'By.xpath: id("add-row")/div[@class="col-12 col-md-9 col-xl-8 py-md-3 pl-md-5 bd-content"]/div[@class="row"]/div[@class="offset-8 col-4"]/p[1][count(. | //p[(text() = 'Total price:  0 THB' or . = 'Total price:  0 THB')]) = count(//p[(text() = 'Total price:  0 THB' or . = 'Total price:  0 THB')])]' not found)]]></system-out>
      <system-err><![CDATA[2018-05-08 22:04:03 - [TEST_SUITE][FAILED] - Test_User_Login: Test Cases/Test User Login FAILED because (of) Unable to verify object 'Object Repository/all_Objects/p_Total price  0 THB' is present (Root cause: com.kms.katalon.core.webui.exception.WebElementNotFoundException: Web element with id: 'Object Repository/all_Objects/p_Total price  0 THB' located by 'By.xpath: id("add-row")/div[@class="col-12 col-md-9 col-xl-8 py-md-3 pl-md-5 bd-content"]/div[@class="row"]/div[@class="offset-8 col-4"]/p[1][count(. | //p[(text() = 'Total price:  0 THB' or . = 'Total price:  0 THB')]) = count(//p[(text() = 'Total price:  0 THB' or . = 'Total price:  0 THB')])]' not found)]]></system-err>
   </testsuite>
</testsuites>
