<?xml version="1.0" encoding="UTF-8"?>
<testsuites name="Data-Driven Tests Suite" time="62" tests="1" failures="1" errors="0">
   <testsuite name="Data-Driven Tests Suite" tests="1" failures="1" errors="0" time="62" timestamp="2018-05-09 12:15:32" hostname="snailwalker - 192.168.0.101" id="Test Suites/Data-Driven Tests Suite">
      <properties>
         <property name="deviceName" value=""/>
         <property name="devicePlatform" value=""/>
         <property name="logFolder" value="/Users/snailwalker/Documents/workspace/backend/katalon/Reports/Data-Driven Tests Suite/20180509_121530"/>
         <property name="logFiles" value="/Users/snailwalker/Documents/workspace/backend/katalon/Reports/Data-Driven Tests Suite/20180509_121530/execution0.log"/>
         <property name="attachments" value="/Users/snailwalker/Documents/workspace/backend/katalon/Reports/Data-Driven Tests Suite/20180509_121530/1525842994003.png, /Users/snailwalker/Documents/workspace/backend/katalon/Reports/Data-Driven Tests Suite/20180509_121530/1525842994548.png"/>
         <property name="hostName" value="snailwalker - 192.168.0.101"/>
         <property name="os" value="Mac OS X 64bit"/>
         <property name="katalonVersion" value="5.4.1.1"/>
         <property name="browser" value="Chrome 66.0.3359.139"/>
         <property name="hostAddress" value="192.168.0.101"/>
         <property name="sessionId" value="448d6d0eec14143b856f06ae7011ee6c"/>
         <property name="seleniumVersion" value="3.7.1"/>
         <property name="proxyInformation" value="ProxyInformation{proxyOption=NO_PROXY, proxyServerType=HTTP, password=, proxyServerAddress=, proxyServerPort=0}"/>
         <property name="platform" value="Mac OS X"/>
      </properties>
      <testcase name="Test Cases/User login fail " classname="Test Cases/User login fail " status="PASSED">
         <system-out><![CDATA[2018-05-09 12:15:33 - [TEST_CASE][PASSED] - Test Cases/User login fail : Test Cases/User login fail 

2018-05-09 12:15:33 - [TEST_STEP][PASSED] - openBrowser: Browser is opened with url: ''

2018-05-09 12:15:36 - [MESSAGE][PASSED] - Browser is opened with url: ''

2018-05-09 12:15:36 - [TEST_STEP][PASSED] - navigateToUrl: Navigate to 'http://34.209.48.20:9089/' successfully

2018-05-09 12:15:51 - [MESSAGE][PASSED] - Navigate to 'http://34.209.48.20:9089/' successfully

2018-05-09 12:15:51 - [TEST_STEP][PASSED] - verifyElementPresent: Object 'Object Repository/Front Page Objects/header' is present

2018-05-09 12:15:51 - [MESSAGE][WARNING] - Timeout '0' is invalid. Using default page load timeout: '30'

2018-05-09 12:15:51 - [MESSAGE][PASSED] - Object 'Object Repository/Front Page Objects/header' is present

2018-05-09 12:15:51 - [TEST_STEP][PASSED] - verifyElementPresent: Object 'Object Repository/Front Page Objects/p_header_description' is present

2018-05-09 12:15:51 - [MESSAGE][WARNING] - Timeout '0' is invalid. Using default page load timeout: '30'

2018-05-09 12:15:51 - [MESSAGE][PASSED] - Object 'Object Repository/Front Page Objects/p_header_description' is present

2018-05-09 12:15:51 - [TEST_STEP][PASSED] - verifyElementPresent: Object 'Object Repository/Front Page Objects/h2_Login' is present

2018-05-09 12:15:51 - [MESSAGE][WARNING] - Timeout '0' is invalid. Using default page load timeout: '30'

2018-05-09 12:15:51 - [MESSAGE][PASSED] - Object 'Object Repository/Front Page Objects/h2_Login' is present

2018-05-09 12:15:51 - [TEST_STEP][PASSED] - verifyElementPresent: Object 'Object Repository/Login Objects /label_Username' is present

2018-05-09 12:15:51 - [MESSAGE][WARNING] - Timeout '0' is invalid. Using default page load timeout: '30'

2018-05-09 12:15:51 - [MESSAGE][PASSED] - Object 'Object Repository/Login Objects /label_Username' is present

2018-05-09 12:15:51 - [TEST_STEP][PASSED] - verifyElementPresent: Object 'Object Repository/Login Objects /label_Password' is present

2018-05-09 12:15:51 - [MESSAGE][WARNING] - Timeout '0' is invalid. Using default page load timeout: '30'

2018-05-09 12:15:51 - [MESSAGE][PASSED] - Object 'Object Repository/Login Objects /label_Password' is present

2018-05-09 12:15:51 - [TEST_STEP][PASSED] - setText: Text 'firefly' is set on object 'Object Repository/Login Objects /input_username'

2018-05-09 12:15:51 - [MESSAGE][PASSED] - Text 'firefly' is set on object 'Object Repository/Login Objects /input_username'

2018-05-09 12:15:51 - [TEST_STEP][PASSED] - setText: Text 'wrongpass' is set on object 'Object Repository/Login Objects /input_password'

2018-05-09 12:15:51 - [MESSAGE][PASSED] - Text 'wrongpass' is set on object 'Object Repository/Login Objects /input_password'

2018-05-09 12:15:51 - [TEST_STEP][PASSED] - click: Object: 'Object Repository/Login Objects /button_Login' is clicked on

2018-05-09 12:15:52 - [MESSAGE][PASSED] - Object: 'Object Repository/Login Objects /button_Login' is clicked on

2018-05-09 12:15:52 - [TEST_STEP][PASSED] - verifyElementPresent: Object 'Object Repository/Login Objects /Page_ProjectBackend/label_Usernamepassword is inco' is present

2018-05-09 12:15:52 - [MESSAGE][WARNING] - Timeout '0' is invalid. Using default page load timeout: '30'

2018-05-09 12:15:53 - [MESSAGE][PASSED] - Object 'Object Repository/Login Objects /Page_ProjectBackend/label_Usernamepassword is inco' is present

2018-05-09 12:15:53 - [TEST_STEP][PASSED] - closeBrowser: Browser is closed

2018-05-09 12:15:53 - [MESSAGE][PASSED] - Browser is closed]]></system-out>
         <system-err><![CDATA[]]></system-err>
      </testcase>
      <testcase name="Test Cases/User login fail " classname="Test Cases/User login fail " status="FAILED">
         <failure type="FAILED" message="Unable to verify object 'Object Repository/Login Objects /Page_ProjectBackend/label_Usernamepassword is inco' is present (Root cause: com.kms.katalon.core.webui.exception.WebElementNotFoundException: Web element with id: 'Object Repository/Login Objects /Page_ProjectBackend/label_Usernamepassword is inco' located by 'By.xpath: //label[(text() = 'Username/password is incorrect' or . = 'Username/password is incorrect')]' not found)"/>
         <system-out><![CDATA[2018-05-09 12:15:53 - [TEST_CASE][FAILED] - Test Cases/User login fail : Test Cases/User login fail  FAILED because (of) Unable to verify object 'Object Repository/Login Objects /Page_ProjectBackend/label_Usernamepassword is inco' is present (Root cause: com.kms.katalon.core.webui.exception.WebElementNotFoundException: Web element with id: 'Object Repository/Login Objects /Page_ProjectBackend/label_Usernamepassword is inco' located by 'By.xpath: //label[(text() = 'Username/password is incorrect' or . = 'Username/password is incorrect')]' not found)

2018-05-09 12:15:53 - [TEST_STEP][PASSED] - openBrowser: Browser is opened with url: ''

2018-05-09 12:15:54 - [MESSAGE][PASSED] - Browser is opened with url: ''

2018-05-09 12:15:54 - [TEST_STEP][PASSED] - navigateToUrl: Navigate to 'http://34.209.48.20:9089/' successfully

2018-05-09 12:16:02 - [MESSAGE][PASSED] - Navigate to 'http://34.209.48.20:9089/' successfully

2018-05-09 12:16:02 - [TEST_STEP][PASSED] - verifyElementPresent: Object 'Object Repository/Front Page Objects/header' is present

2018-05-09 12:16:02 - [MESSAGE][WARNING] - Timeout '0' is invalid. Using default page load timeout: '30'

2018-05-09 12:16:02 - [MESSAGE][PASSED] - Object 'Object Repository/Front Page Objects/header' is present

2018-05-09 12:16:02 - [TEST_STEP][PASSED] - verifyElementPresent: Object 'Object Repository/Front Page Objects/p_header_description' is present

2018-05-09 12:16:02 - [MESSAGE][WARNING] - Timeout '0' is invalid. Using default page load timeout: '30'

2018-05-09 12:16:02 - [MESSAGE][PASSED] - Object 'Object Repository/Front Page Objects/p_header_description' is present

2018-05-09 12:16:02 - [TEST_STEP][PASSED] - verifyElementPresent: Object 'Object Repository/Front Page Objects/h2_Login' is present

2018-05-09 12:16:02 - [MESSAGE][WARNING] - Timeout '0' is invalid. Using default page load timeout: '30'

2018-05-09 12:16:02 - [MESSAGE][PASSED] - Object 'Object Repository/Front Page Objects/h2_Login' is present

2018-05-09 12:16:02 - [TEST_STEP][PASSED] - verifyElementPresent: Object 'Object Repository/Login Objects /label_Username' is present

2018-05-09 12:16:02 - [MESSAGE][WARNING] - Timeout '0' is invalid. Using default page load timeout: '30'

2018-05-09 12:16:02 - [MESSAGE][PASSED] - Object 'Object Repository/Login Objects /label_Username' is present

2018-05-09 12:16:02 - [TEST_STEP][PASSED] - verifyElementPresent: Object 'Object Repository/Login Objects /label_Password' is present

2018-05-09 12:16:02 - [MESSAGE][WARNING] - Timeout '0' is invalid. Using default page load timeout: '30'

2018-05-09 12:16:02 - [MESSAGE][PASSED] - Object 'Object Repository/Login Objects /label_Password' is present

2018-05-09 12:16:02 - [TEST_STEP][PASSED] - setText: Text '' is set on object 'Object Repository/Login Objects /input_username'

2018-05-09 12:16:03 - [MESSAGE][PASSED] - Text '' is set on object 'Object Repository/Login Objects /input_username'

2018-05-09 12:16:03 - [TEST_STEP][PASSED] - setText: Text '' is set on object 'Object Repository/Login Objects /input_password'

2018-05-09 12:16:03 - [MESSAGE][PASSED] - Text '' is set on object 'Object Repository/Login Objects /input_password'

2018-05-09 12:16:03 - [TEST_STEP][PASSED] - click: Object: 'Object Repository/Login Objects /button_Login' is clicked on

2018-05-09 12:16:03 - [MESSAGE][PASSED] - Object: 'Object Repository/Login Objects /button_Login' is clicked on

2018-05-09 12:16:03 - [TEST_STEP][FAILED] - verifyElementPresent: Unable to verify object 'Object Repository/Login Objects /Page_ProjectBackend/label_Usernamepassword is inco' is present (Root cause: com.kms.katalon.core.webui.exception.WebElementNotFoundException: Web element with id: 'Object Repository/Login Objects /Page_ProjectBackend/label_Usernamepassword is inco' located by 'By.xpath: //label[(text() = 'Username/password is incorrect' or . = 'Username/password is incorrect')]' not found)

2018-05-09 12:16:03 - [MESSAGE][WARNING] - Timeout '0' is invalid. Using default page load timeout: '30'

2018-05-09 12:16:34 - [MESSAGE][FAILED] - com.kms.katalon.core.webui.exception.WebElementNotFoundException: Web element with id: 'Object Repository/Login Objects /Page_ProjectBackend/label_Usernamepassword is inco' located by 'By.xpath: //label[(text() = 'Username/password is incorrect' or . = 'Username/password is incorrect')]' not found
[[ATTACHMENT|/Users/snailwalker/Documents/workspace/backend/katalon/Reports/Data-Driven Tests Suite/20180509_121530/1525842994003.png]]

2018-05-09 12:16:34 - [MESSAGE][FAILED] - Unable to verify object 'Object Repository/Login Objects /Page_ProjectBackend/label_Usernamepassword is inco' is present (Root cause: com.kms.katalon.core.webui.exception.WebElementNotFoundException: Web element with id: 'Object Repository/Login Objects /Page_ProjectBackend/label_Usernamepassword is inco' located by 'By.xpath: //label[(text() = 'Username/password is incorrect' or . = 'Username/password is incorrect')]' not found)
[[ATTACHMENT|/Users/snailwalker/Documents/workspace/backend/katalon/Reports/Data-Driven Tests Suite/20180509_121530/1525842994548.png]]]]></system-out>
         <system-err><![CDATA[2018-05-09 12:15:53 - [TEST_CASE][FAILED] - Test Cases/User login fail : Test Cases/User login fail  FAILED because (of) Unable to verify object 'Object Repository/Login Objects /Page_ProjectBackend/label_Usernamepassword is inco' is present (Root cause: com.kms.katalon.core.webui.exception.WebElementNotFoundException: Web element with id: 'Object Repository/Login Objects /Page_ProjectBackend/label_Usernamepassword is inco' located by 'By.xpath: //label[(text() = 'Username/password is incorrect' or . = 'Username/password is incorrect')]' not found)]]></system-err>
      </testcase>
      <system-out><![CDATA[2018-05-09 12:15:32 - [TEST_SUITE][FAILED] - Data-Driven Tests Suite: Test Cases/User login fail  FAILED because (of) Unable to verify object 'Object Repository/Login Objects /Page_ProjectBackend/label_Usernamepassword is inco' is present (Root cause: com.kms.katalon.core.webui.exception.WebElementNotFoundException: Web element with id: 'Object Repository/Login Objects /Page_ProjectBackend/label_Usernamepassword is inco' located by 'By.xpath: //label[(text() = 'Username/password is incorrect' or . = 'Username/password is incorrect')]' not found)]]></system-out>
      <system-err><![CDATA[2018-05-09 12:15:32 - [TEST_SUITE][FAILED] - Data-Driven Tests Suite: Test Cases/User login fail  FAILED because (of) Unable to verify object 'Object Repository/Login Objects /Page_ProjectBackend/label_Usernamepassword is inco' is present (Root cause: com.kms.katalon.core.webui.exception.WebElementNotFoundException: Web element with id: 'Object Repository/Login Objects /Page_ProjectBackend/label_Usernamepassword is inco' located by 'By.xpath: //label[(text() = 'Username/password is incorrect' or . = 'Username/password is incorrect')]' not found)]]></system-err>
   </testsuite>
</testsuites>
