{"devicePlatform":"","logFolder":"/Users/snailwalker/Documents/workspace/backend/katalon/Reports/Test_Admin_Login/20180508_220155","runData":{"hostName":"snailwalker - 192.168.0.101","os":"Mac OS X 64bit","katalonVersion":"5.4.1.1","browser":"Chrome 66.0.3359.139","hostAddress":"192.168.0.101","sessionId":"695c55432fa92d0d4e4be9c80be27aaf","seleniumVersion":"3.7.1","proxyInformation":"ProxyInformation{proxyOption\u003dNO_PROXY, proxyServerType\u003dHTTP, password\u003d, proxyServerAddress\u003d, proxyServerPort\u003d0}","platform":"Mac OS X"},"type":"TEST_SUITE","name":"Test_Admin_Login","id":"Test Suites/Test_Admin_Login","source":"","message":"Test Cases/Test Admin Login FAILED because (of) Unable to set text \u0027admin\u0027 of object \u0027Object Repository/all_Objects/input_username\u0027 (Root cause: org.openqa.selenium.NoSuchWindowException: no such window: target window already closed\nfrom unknown error: web view not found\n  (Session info: chrome\u003d66.0.3359.139)\n  (Driver info: chromedriver\u003d2.35.528157 (4429ca2590d6988c0745c24c8858745aaaec01ef),platform\u003dMac OS X 10.13.4 x86_64) (WARNING: The server did not provide any stacktrace information)\nCommand duration or timeout: 0 milliseconds\nBuild info: version: \u00273.7.1\u0027, revision: \u00278a0099a\u0027, time: \u00272017-11-06T21:07:36.161Z\u0027\nSystem info: host: \u0027Snailwalkers-MacBook-Pro.local\u0027, ip: \u0027fe80:0:0:0:c3a:333:74e7:b8c0%en0\u0027, os.name: \u0027Mac OS X\u0027, os.arch: \u0027x86_64\u0027, os.version: \u002710.13.4\u0027, java.version: \u00271.8.0_102\u0027\nDriver info: com.kms.katalon.selenium.driver.CChromeDriver\nCapabilities {acceptInsecureCerts: false, acceptSslCerts: false, applicationCacheEnabled: false, browserConnectionEnabled: false, browserName: chrome, chrome: {chromedriverVersion: 2.35.528157 (4429ca2590d698..., userDataDir: /var/folders/hk/nwr1mc4d5rq...}, cssSelectorsEnabled: true, databaseEnabled: false, handlesAlerts: true, hasTouchScreen: false, javascriptEnabled: true, locationContextEnabled: true, mobileEmulationEnabled: false, nativeEvents: true, networkConnectionEnabled: false, pageLoadStrategy: normal, platform: MAC, platformName: MAC, rotatable: false, setWindowRect: true, takesHeapSnapshot: true, takesScreenshot: true, unexpectedAlertBehaviour: , unhandledPromptBehavior: , version: 66.0.3359.139, webStorageEnabled: true}\nSession ID: 695c55432fa92d0d4e4be9c80be27aaf\n*** Element info: {Using\u003dxpath, value\u003d/html[1]/body[1]/app-root[1]/app-login[1]/div[@class\u003d\"col-md-6 col-md-offset-3\"]/form[@class\u003d\"ng-untouched ng-invalid ng-dirty\"]/div[@class\u003d\"form-group\"]/input[@class\u003d\"form-control ng-untouched ng-dirty ng-valid\"][count(. | //input[@name \u003d \u0027username\u0027 and @type \u003d \u0027text\u0027]) \u003d count(//input[@name \u003d \u0027username\u0027 and @type \u003d \u0027text\u0027])]})","description":"","startTime":1525791717247,"endTime":1525791743038,"childRecords":[{"isOptional":false,"type":"TEST_CASE","name":"Test Cases/Test Admin Login","id":"Test Cases/Test Admin Login","source":"\\\\Users\\\\snailwalker\\\\Documents\\\\workspace\\\\backend\\\\katalon\\\\Test Cases\\\\Test Admin Login.tc","message":"Test Cases/Test Admin Login FAILED because (of) Unable to set text \u0027admin\u0027 of object \u0027Object Repository/all_Objects/input_username\u0027 (Root cause: org.openqa.selenium.NoSuchWindowException: no such window: target window already closed\nfrom unknown error: web view not found\n  (Session info: chrome\u003d66.0.3359.139)\n  (Driver info: chromedriver\u003d2.35.528157 (4429ca2590d6988c0745c24c8858745aaaec01ef),platform\u003dMac OS X 10.13.4 x86_64) (WARNING: The server did not provide any stacktrace information)\nCommand duration or timeout: 0 milliseconds\nBuild info: version: \u00273.7.1\u0027, revision: \u00278a0099a\u0027, time: \u00272017-11-06T21:07:36.161Z\u0027\nSystem info: host: \u0027Snailwalkers-MacBook-Pro.local\u0027, ip: \u0027fe80:0:0:0:c3a:333:74e7:b8c0%en0\u0027, os.name: \u0027Mac OS X\u0027, os.arch: \u0027x86_64\u0027, os.version: \u002710.13.4\u0027, java.version: \u00271.8.0_102\u0027\nDriver info: com.kms.katalon.selenium.driver.CChromeDriver\nCapabilities {acceptInsecureCerts: false, acceptSslCerts: false, applicationCacheEnabled: false, browserConnectionEnabled: false, browserName: chrome, chrome: {chromedriverVersion: 2.35.528157 (4429ca2590d698..., userDataDir: /var/folders/hk/nwr1mc4d5rq...}, cssSelectorsEnabled: true, databaseEnabled: false, handlesAlerts: true, hasTouchScreen: false, javascriptEnabled: true, locationContextEnabled: true, mobileEmulationEnabled: false, nativeEvents: true, networkConnectionEnabled: false, pageLoadStrategy: normal, platform: MAC, platformName: MAC, rotatable: false, setWindowRect: true, takesHeapSnapshot: true, takesScreenshot: true, unexpectedAlertBehaviour: , unhandledPromptBehavior: , version: 66.0.3359.139, webStorageEnabled: true}\nSession ID: 695c55432fa92d0d4e4be9c80be27aaf\n*** Element info: {Using\u003dxpath, value\u003d/html[1]/body[1]/app-root[1]/app-login[1]/div[@class\u003d\"col-md-6 col-md-offset-3\"]/form[@class\u003d\"ng-untouched ng-invalid ng-dirty\"]/div[@class\u003d\"form-group\"]/input[@class\u003d\"form-control ng-untouched ng-dirty ng-valid\"][count(. | //input[@name \u003d \u0027username\u0027 and @type \u003d \u0027text\u0027]) \u003d count(//input[@name \u003d \u0027username\u0027 and @type \u003d \u0027text\u0027])]})","description":"","startTime":1525791717730,"endTime":1525791742886,"childRecords":[{"testStatus":{"stackTrace":"","statusValue":"INFO"},"type":"MESSAGE","name":"","message":"Evaluating variables for test case","startTime":1525791717769,"endTime":0,"childRecords":[],"interuppted":false},{"testStatus":{"stackTrace":"","statusValue":"INFO"},"type":"MESSAGE","name":"","message":"Variable \u0027username\u0027 is set to admin","startTime":1525791717771,"endTime":0,"childRecords":[],"interuppted":false},{"testStatus":{"stackTrace":"","statusValue":"INFO"},"type":"MESSAGE","name":"","message":"Variable \u0027password\u0027 is set to admin","startTime":1525791717772,"endTime":0,"childRecords":[],"interuppted":false},{"index":1,"isIgnoredIfFailed":false,"type":"TEST_STEP","name":"openBrowser","message":"Browser is opened with url: \u0027\u0027","description":"","startTime":1525791718223,"endTime":1525791721047,"childRecords":[{"testStatus":{"stackTrace":"","statusValue":"PASSED"},"type":"MESSAGE","name":"","message":"Browser is opened with url: \u0027\u0027","startTime":1525791721046,"endTime":0,"childRecords":[],"interuppted":false}],"interuppted":false},{"index":2,"isIgnoredIfFailed":false,"type":"TEST_STEP","name":"navigateToUrl","message":"Navigate to \u0027http://34.209.48.20:9089/\u0027 successfully","description":"","startTime":1525791721047,"endTime":1525791730631,"childRecords":[{"testStatus":{"stackTrace":"","statusValue":"PASSED"},"type":"MESSAGE","name":"","message":"Navigate to \u0027http://34.209.48.20:9089/\u0027 successfully","startTime":1525791730630,"endTime":0,"childRecords":[],"interuppted":false}],"interuppted":false},{"index":3,"isIgnoredIfFailed":false,"type":"TEST_STEP","name":"verifyElementPresent","message":"Object \u0027Object Repository/Page_ProjectBackend (3)/h1_SE 234 Project\u0027 is present","description":"","startTime":1525791730631,"endTime":1525791730775,"childRecords":[{"testStatus":{"stackTrace":"","statusValue":"WARNING"},"type":"MESSAGE","name":"","message":"Timeout \u00270\u0027 is invalid. Using default page load timeout: \u002730\u0027","startTime":1525791730720,"endTime":0,"childRecords":[],"interuppted":false},{"testStatus":{"stackTrace":"","statusValue":"PASSED"},"type":"MESSAGE","name":"","message":"Object \u0027Object Repository/Page_ProjectBackend (3)/h1_SE 234 Project\u0027 is present","startTime":1525791730774,"endTime":0,"childRecords":[],"interuppted":false}],"interuppted":false},{"index":4,"isIgnoredIfFailed":false,"type":"TEST_STEP","name":"verifyElementPresent","message":"Object \u0027Object Repository/Page_ProjectBackend (3)/p_This is the mock app for the\u0027 is present","description":"","startTime":1525791730775,"endTime":1525791730830,"childRecords":[{"testStatus":{"stackTrace":"","statusValue":"WARNING"},"type":"MESSAGE","name":"","message":"Timeout \u00270\u0027 is invalid. Using default page load timeout: \u002730\u0027","startTime":1525791730795,"endTime":0,"childRecords":[],"interuppted":false},{"testStatus":{"stackTrace":"","statusValue":"PASSED"},"type":"MESSAGE","name":"","message":"Object \u0027Object Repository/Page_ProjectBackend (3)/p_This is the mock app for the\u0027 is present","startTime":1525791730828,"endTime":0,"childRecords":[],"interuppted":false}],"interuppted":false},{"index":5,"isIgnoredIfFailed":false,"type":"TEST_STEP","name":"verifyElementPresent","message":"Object \u0027Object Repository/Page_ProjectBackend (3)/h2_Login\u0027 is present","description":"","startTime":1525791730831,"endTime":1525791730885,"childRecords":[{"testStatus":{"stackTrace":"","statusValue":"WARNING"},"type":"MESSAGE","name":"","message":"Timeout \u00270\u0027 is invalid. Using default page load timeout: \u002730\u0027","startTime":1525791730849,"endTime":0,"childRecords":[],"interuppted":false},{"testStatus":{"stackTrace":"","statusValue":"PASSED"},"type":"MESSAGE","name":"","message":"Object \u0027Object Repository/Page_ProjectBackend (3)/h2_Login\u0027 is present","startTime":1525791730884,"endTime":0,"childRecords":[],"interuppted":false}],"interuppted":false},{"index":6,"isIgnoredIfFailed":false,"type":"TEST_STEP","name":"verifyElementPresent","message":"Object \u0027Object Repository/Page_ProjectBackend (3)/div_Username\u0027 is present","description":"","startTime":1525791730889,"endTime":1525791730930,"childRecords":[{"testStatus":{"stackTrace":"","statusValue":"WARNING"},"type":"MESSAGE","name":"","message":"Timeout \u00270\u0027 is invalid. Using default page load timeout: \u002730\u0027","startTime":1525791730898,"endTime":0,"childRecords":[],"interuppted":false},{"testStatus":{"stackTrace":"","statusValue":"PASSED"},"type":"MESSAGE","name":"","message":"Object \u0027Object Repository/Page_ProjectBackend (3)/div_Username\u0027 is present","startTime":1525791730929,"endTime":0,"childRecords":[],"interuppted":false}],"interuppted":false},{"index":7,"isIgnoredIfFailed":false,"type":"TEST_STEP","name":"verifyElementPresent","message":"Object \u0027Object Repository/Page_ProjectBackend (3)/div_Password\u0027 is present","description":"","startTime":1525791730930,"endTime":1525791730979,"childRecords":[{"testStatus":{"stackTrace":"","statusValue":"WARNING"},"type":"MESSAGE","name":"","message":"Timeout \u00270\u0027 is invalid. Using default page load timeout: \u002730\u0027","startTime":1525791730945,"endTime":0,"childRecords":[],"interuppted":false},{"testStatus":{"stackTrace":"","statusValue":"PASSED"},"type":"MESSAGE","name":"","message":"Object \u0027Object Repository/Page_ProjectBackend (3)/div_Password\u0027 is present","startTime":1525791730978,"endTime":0,"childRecords":[],"interuppted":false}],"interuppted":false},{"index":8,"isIgnoredIfFailed":false,"type":"TEST_STEP","name":"verifyElementPresent","message":"Object \u0027Object Repository/Page_ProjectBackend (3)/div_Login\u0027 is present","description":"","startTime":1525791730979,"endTime":1525791731015,"childRecords":[{"testStatus":{"stackTrace":"","statusValue":"WARNING"},"type":"MESSAGE","name":"","message":"Timeout \u00270\u0027 is invalid. Using default page load timeout: \u002730\u0027","startTime":1525791730989,"endTime":0,"childRecords":[],"interuppted":false},{"testStatus":{"stackTrace":"","statusValue":"PASSED"},"type":"MESSAGE","name":"","message":"Object \u0027Object Repository/Page_ProjectBackend (3)/div_Login\u0027 is present","startTime":1525791731015,"endTime":0,"childRecords":[],"interuppted":false}],"interuppted":false},{"index":9,"isIgnoredIfFailed":false,"type":"TEST_STEP","name":"setText","message":"Unable to set text \u0027admin\u0027 of object \u0027Object Repository/all_Objects/input_username\u0027 (Root cause: org.openqa.selenium.NoSuchWindowException: no such window: target window already closed\nfrom unknown error: web view not found\n  (Session info: chrome\u003d66.0.3359.139)\n  (Driver info: chromedriver\u003d2.35.528157 (4429ca2590d6988c0745c24c8858745aaaec01ef),platform\u003dMac OS X 10.13.4 x86_64) (WARNING: The server did not provide any stacktrace information)\nCommand duration or timeout: 0 milliseconds\nBuild info: version: \u00273.7.1\u0027, revision: \u00278a0099a\u0027, time: \u00272017-11-06T21:07:36.161Z\u0027\nSystem info: host: \u0027Snailwalkers-MacBook-Pro.local\u0027, ip: \u0027fe80:0:0:0:c3a:333:74e7:b8c0%en0\u0027, os.name: \u0027Mac OS X\u0027, os.arch: \u0027x86_64\u0027, os.version: \u002710.13.4\u0027, java.version: \u00271.8.0_102\u0027\nDriver info: com.kms.katalon.selenium.driver.CChromeDriver\nCapabilities {acceptInsecureCerts: false, acceptSslCerts: false, applicationCacheEnabled: false, browserConnectionEnabled: false, browserName: chrome, chrome: {chromedriverVersion: 2.35.528157 (4429ca2590d698..., userDataDir: /var/folders/hk/nwr1mc4d5rq...}, cssSelectorsEnabled: true, databaseEnabled: false, handlesAlerts: true, hasTouchScreen: false, javascriptEnabled: true, locationContextEnabled: true, mobileEmulationEnabled: false, nativeEvents: true, networkConnectionEnabled: false, pageLoadStrategy: normal, platform: MAC, platformName: MAC, rotatable: false, setWindowRect: true, takesHeapSnapshot: true, takesScreenshot: true, unexpectedAlertBehaviour: , unhandledPromptBehavior: , version: 66.0.3359.139, webStorageEnabled: true}\nSession ID: 695c55432fa92d0d4e4be9c80be27aaf\n*** Element info: {Using\u003dxpath, value\u003d/html[1]/body[1]/app-root[1]/app-login[1]/div[@class\u003d\"col-md-6 col-md-offset-3\"]/form[@class\u003d\"ng-untouched ng-invalid ng-dirty\"]/div[@class\u003d\"form-group\"]/input[@class\u003d\"form-control ng-untouched ng-dirty ng-valid\"][count(. | //input[@name \u003d \u0027username\u0027 and @type \u003d \u0027text\u0027]) \u003d count(//input[@name \u003d \u0027username\u0027 and @type \u003d \u0027text\u0027])]})","description":"","startTime":1525791731015,"endTime":1525791742878,"childRecords":[{"testStatus":{"stackTrace":"","statusValue":"WARNING"},"type":"MESSAGE","name":"","message":"Cannot take screenshot","startTime":1525791742869,"endTime":0,"childRecords":[],"interuppted":false},{"testStatus":{"stackTrace":"","statusValue":"FAILED"},"type":"MESSAGE","name":"","message":"Unable to set text \u0027admin\u0027 of object \u0027Object Repository/all_Objects/input_username\u0027 (Root cause: org.openqa.selenium.NoSuchWindowException: no such window: target window already closed\nfrom unknown error: web view not found\n  (Session info: chrome\u003d66.0.3359.139)\n  (Driver info: chromedriver\u003d2.35.528157 (4429ca2590d6988c0745c24c8858745aaaec01ef),platform\u003dMac OS X 10.13.4 x86_64) (WARNING: The server did not provide any stacktrace information)\nCommand duration or timeout: 0 milliseconds\nBuild info: version: \u00273.7.1\u0027, revision: \u00278a0099a\u0027, time: \u00272017-11-06T21:07:36.161Z\u0027\nSystem info: host: \u0027Snailwalkers-MacBook-Pro.local\u0027, ip: \u0027fe80:0:0:0:c3a:333:74e7:b8c0%en0\u0027, os.name: \u0027Mac OS X\u0027, os.arch: \u0027x86_64\u0027, os.version: \u002710.13.4\u0027, java.version: \u00271.8.0_102\u0027\nDriver info: com.kms.katalon.selenium.driver.CChromeDriver\nCapabilities {acceptInsecureCerts: false, acceptSslCerts: false, applicationCacheEnabled: false, browserConnectionEnabled: false, browserName: chrome, chrome: {chromedriverVersion: 2.35.528157 (4429ca2590d698..., userDataDir: /var/folders/hk/nwr1mc4d5rq...}, cssSelectorsEnabled: true, databaseEnabled: false, handlesAlerts: true, hasTouchScreen: false, javascriptEnabled: true, locationContextEnabled: true, mobileEmulationEnabled: false, nativeEvents: true, networkConnectionEnabled: false, pageLoadStrategy: normal, platform: MAC, platformName: MAC, rotatable: false, setWindowRect: true, takesHeapSnapshot: true, takesScreenshot: true, unexpectedAlertBehaviour: , unhandledPromptBehavior: , version: 66.0.3359.139, webStorageEnabled: true}\nSession ID: 695c55432fa92d0d4e4be9c80be27aaf\n*** Element info: {Using\u003dxpath, value\u003d/html[1]/body[1]/app-root[1]/app-login[1]/div[@class\u003d\"col-md-6 col-md-offset-3\"]/form[@class\u003d\"ng-untouched ng-invalid ng-dirty\"]/div[@class\u003d\"form-group\"]/input[@class\u003d\"form-control ng-untouched ng-dirty ng-valid\"][count(. | //input[@name \u003d \u0027username\u0027 and @type \u003d \u0027text\u0027]) \u003d count(//input[@name \u003d \u0027username\u0027 and @type \u003d \u0027text\u0027])]})","startTime":1525791742877,"endTime":0,"childRecords":[],"interuppted":false}],"interuppted":false},{"testStatus":{"stackTrace":"","statusValue":"FAILED"},"type":"MESSAGE","name":"","message":"Test Cases/Test Admin Login FAILED because (of) Unable to set text \u0027admin\u0027 of object \u0027Object Repository/all_Objects/input_username\u0027 (Root cause: org.openqa.selenium.NoSuchWindowException: no such window: target window already closed\nfrom unknown error: web view not found\n  (Session info: chrome\u003d66.0.3359.139)\n  (Driver info: chromedriver\u003d2.35.528157 (4429ca2590d6988c0745c24c8858745aaaec01ef),platform\u003dMac OS X 10.13.4 x86_64) (WARNING: The server did not provide any stacktrace information)\nCommand duration or timeout: 0 milliseconds\nBuild info: version: \u00273.7.1\u0027, revision: \u00278a0099a\u0027, time: \u00272017-11-06T21:07:36.161Z\u0027\nSystem info: host: \u0027Snailwalkers-MacBook-Pro.local\u0027, ip: \u0027fe80:0:0:0:c3a:333:74e7:b8c0%en0\u0027, os.name: \u0027Mac OS X\u0027, os.arch: \u0027x86_64\u0027, os.version: \u002710.13.4\u0027, java.version: \u00271.8.0_102\u0027\nDriver info: com.kms.katalon.selenium.driver.CChromeDriver\nCapabilities {acceptInsecureCerts: false, acceptSslCerts: false, applicationCacheEnabled: false, browserConnectionEnabled: false, browserName: chrome, chrome: {chromedriverVersion: 2.35.528157 (4429ca2590d698..., userDataDir: /var/folders/hk/nwr1mc4d5rq...}, cssSelectorsEnabled: true, databaseEnabled: false, handlesAlerts: true, hasTouchScreen: false, javascriptEnabled: true, locationContextEnabled: true, mobileEmulationEnabled: false, nativeEvents: true, networkConnectionEnabled: false, pageLoadStrategy: normal, platform: MAC, platformName: MAC, rotatable: false, setWindowRect: true, takesHeapSnapshot: true, takesScreenshot: true, unexpectedAlertBehaviour: , unhandledPromptBehavior: , version: 66.0.3359.139, webStorageEnabled: true}\nSession ID: 695c55432fa92d0d4e4be9c80be27aaf\n*** Element info: {Using\u003dxpath, value\u003d/html[1]/body[1]/app-root[1]/app-login[1]/div[@class\u003d\"col-md-6 col-md-offset-3\"]/form[@class\u003d\"ng-untouched ng-invalid ng-dirty\"]/div[@class\u003d\"form-group\"]/input[@class\u003d\"form-control ng-untouched ng-dirty ng-valid\"][count(. | //input[@name \u003d \u0027username\u0027 and @type \u003d \u0027text\u0027]) \u003d count(//input[@name \u003d \u0027username\u0027 and @type \u003d \u0027text\u0027])]})","startTime":1525791742880,"endTime":0,"childRecords":[],"interuppted":false}],"interuppted":false}],"interuppted":false}