<?xml version="1.0" encoding="UTF-8"?>
<testsuites name="Test_Admin_Login" time="25" tests="0" failures="1" errors="0">
   <testsuite name="Test_Admin_Login" tests="0" failures="1" errors="0" time="25" timestamp="2018-05-08 22:01:57" hostname="snailwalker - 192.168.0.101" id="Test Suites/Test_Admin_Login">
      <properties>
         <property name="deviceName" value=""/>
         <property name="devicePlatform" value=""/>
         <property name="logFolder" value="/Users/snailwalker/Documents/workspace/backend/katalon/Reports/Test_Admin_Login/20180508_220155"/>
         <property name="logFiles" value="/Users/snailwalker/Documents/workspace/backend/katalon/Reports/Test_Admin_Login/20180508_220155/execution0.log"/>
         <property name="attachments" value=""/>
         <property name="hostName" value="snailwalker - 192.168.0.101"/>
         <property name="os" value="Mac OS X 64bit"/>
         <property name="katalonVersion" value="5.4.1.1"/>
         <property name="browser" value="Chrome 66.0.3359.139"/>
         <property name="hostAddress" value="192.168.0.101"/>
         <property name="sessionId" value="695c55432fa92d0d4e4be9c80be27aaf"/>
         <property name="seleniumVersion" value="3.7.1"/>
         <property name="proxyInformation" value="ProxyInformation{proxyOption=NO_PROXY, proxyServerType=HTTP, password=, proxyServerAddress=, proxyServerPort=0}"/>
         <property name="platform" value="Mac OS X"/>
      </properties>
      <testcase name="Test Cases/Test Admin Login" classname="Test Cases/Test Admin Login" status="FAILED">
         <failure type="FAILED" message="Unable to set text 'admin' of object 'Object Repository/all_Objects/input_username' (Root cause: org.openqa.selenium.NoSuchWindowException: no such window: target window already closed
from unknown error: web view not found
  (Session info: chrome=66.0.3359.139)
  (Driver info: chromedriver=2.35.528157 (4429ca2590d6988c0745c24c8858745aaaec01ef),platform=Mac OS X 10.13.4 x86_64) (WARNING: The server did not provide any stacktrace information)
Command duration or timeout: 0 milliseconds
Build info: version: '3.7.1', revision: '8a0099a', time: '2017-11-06T21:07:36.161Z'
System info: host: 'Snailwalkers-MacBook-Pro.local', ip: 'fe80:0:0:0:c3a:333:74e7:b8c0%en0', os.name: 'Mac OS X', os.arch: 'x86_64', os.version: '10.13.4', java.version: '1.8.0_102'
Driver info: com.kms.katalon.selenium.driver.CChromeDriver
Capabilities {acceptInsecureCerts: false, acceptSslCerts: false, applicationCacheEnabled: false, browserConnectionEnabled: false, browserName: chrome, chrome: {chromedriverVersion: 2.35.528157 (4429ca2590d698..., userDataDir: /var/folders/hk/nwr1mc4d5rq...}, cssSelectorsEnabled: true, databaseEnabled: false, handlesAlerts: true, hasTouchScreen: false, javascriptEnabled: true, locationContextEnabled: true, mobileEmulationEnabled: false, nativeEvents: true, networkConnectionEnabled: false, pageLoadStrategy: normal, platform: MAC, platformName: MAC, rotatable: false, setWindowRect: true, takesHeapSnapshot: true, takesScreenshot: true, unexpectedAlertBehaviour: , unhandledPromptBehavior: , version: 66.0.3359.139, webStorageEnabled: true}
Session ID: 695c55432fa92d0d4e4be9c80be27aaf
*** Element info: {Using=xpath, value=/html[1]/body[1]/app-root[1]/app-login[1]/div[@class=&quot;col-md-6 col-md-offset-3&quot;]/form[@class=&quot;ng-untouched ng-invalid ng-dirty&quot;]/div[@class=&quot;form-group&quot;]/input[@class=&quot;form-control ng-untouched ng-dirty ng-valid&quot;][count(. | //input[@name = 'username' and @type = 'text']) = count(//input[@name = 'username' and @type = 'text'])]})"/>
         <system-out><![CDATA[2018-05-08 22:01:57 - [TEST_CASE][FAILED] - Test Cases/Test Admin Login: Test Cases/Test Admin Login FAILED because (of) Unable to set text 'admin' of object 'Object Repository/all_Objects/input_username' (Root cause: org.openqa.selenium.NoSuchWindowException: no such window: target window already closed
from unknown error: web view not found
  (Session info: chrome=66.0.3359.139)
  (Driver info: chromedriver=2.35.528157 (4429ca2590d6988c0745c24c8858745aaaec01ef),platform=Mac OS X 10.13.4 x86_64) (WARNING: The server did not provide any stacktrace information)
Command duration or timeout: 0 milliseconds
Build info: version: '3.7.1', revision: '8a0099a', time: '2017-11-06T21:07:36.161Z'
System info: host: 'Snailwalkers-MacBook-Pro.local', ip: 'fe80:0:0:0:c3a:333:74e7:b8c0%en0', os.name: 'Mac OS X', os.arch: 'x86_64', os.version: '10.13.4', java.version: '1.8.0_102'
Driver info: com.kms.katalon.selenium.driver.CChromeDriver
Capabilities {acceptInsecureCerts: false, acceptSslCerts: false, applicationCacheEnabled: false, browserConnectionEnabled: false, browserName: chrome, chrome: {chromedriverVersion: 2.35.528157 (4429ca2590d698..., userDataDir: /var/folders/hk/nwr1mc4d5rq...}, cssSelectorsEnabled: true, databaseEnabled: false, handlesAlerts: true, hasTouchScreen: false, javascriptEnabled: true, locationContextEnabled: true, mobileEmulationEnabled: false, nativeEvents: true, networkConnectionEnabled: false, pageLoadStrategy: normal, platform: MAC, platformName: MAC, rotatable: false, setWindowRect: true, takesHeapSnapshot: true, takesScreenshot: true, unexpectedAlertBehaviour: , unhandledPromptBehavior: , version: 66.0.3359.139, webStorageEnabled: true}
Session ID: 695c55432fa92d0d4e4be9c80be27aaf
*** Element info: {Using=xpath, value=/html[1]/body[1]/app-root[1]/app-login[1]/div[@class="col-md-6 col-md-offset-3"]/form[@class="ng-untouched ng-invalid ng-dirty"]/div[@class="form-group"]/input[@class="form-control ng-untouched ng-dirty ng-valid"][count(. | //input[@name = 'username' and @type = 'text']) = count(//input[@name = 'username' and @type = 'text'])]})

2018-05-08 22:01:58 - [TEST_STEP][PASSED] - openBrowser: Browser is opened with url: ''

2018-05-08 22:02:01 - [MESSAGE][PASSED] - Browser is opened with url: ''

2018-05-08 22:02:01 - [TEST_STEP][PASSED] - navigateToUrl: Navigate to 'http://34.209.48.20:9089/' successfully

2018-05-08 22:02:10 - [MESSAGE][PASSED] - Navigate to 'http://34.209.48.20:9089/' successfully

2018-05-08 22:02:10 - [TEST_STEP][PASSED] - verifyElementPresent: Object 'Object Repository/Page_ProjectBackend (3)/h1_SE 234 Project' is present

2018-05-08 22:02:10 - [MESSAGE][WARNING] - Timeout '0' is invalid. Using default page load timeout: '30'

2018-05-08 22:02:10 - [MESSAGE][PASSED] - Object 'Object Repository/Page_ProjectBackend (3)/h1_SE 234 Project' is present

2018-05-08 22:02:10 - [TEST_STEP][PASSED] - verifyElementPresent: Object 'Object Repository/Page_ProjectBackend (3)/p_This is the mock app for the' is present

2018-05-08 22:02:10 - [MESSAGE][WARNING] - Timeout '0' is invalid. Using default page load timeout: '30'

2018-05-08 22:02:10 - [MESSAGE][PASSED] - Object 'Object Repository/Page_ProjectBackend (3)/p_This is the mock app for the' is present

2018-05-08 22:02:10 - [TEST_STEP][PASSED] - verifyElementPresent: Object 'Object Repository/Page_ProjectBackend (3)/h2_Login' is present

2018-05-08 22:02:10 - [MESSAGE][WARNING] - Timeout '0' is invalid. Using default page load timeout: '30'

2018-05-08 22:02:10 - [MESSAGE][PASSED] - Object 'Object Repository/Page_ProjectBackend (3)/h2_Login' is present

2018-05-08 22:02:10 - [TEST_STEP][PASSED] - verifyElementPresent: Object 'Object Repository/Page_ProjectBackend (3)/div_Username' is present

2018-05-08 22:02:10 - [MESSAGE][WARNING] - Timeout '0' is invalid. Using default page load timeout: '30'

2018-05-08 22:02:10 - [MESSAGE][PASSED] - Object 'Object Repository/Page_ProjectBackend (3)/div_Username' is present

2018-05-08 22:02:10 - [TEST_STEP][PASSED] - verifyElementPresent: Object 'Object Repository/Page_ProjectBackend (3)/div_Password' is present

2018-05-08 22:02:10 - [MESSAGE][WARNING] - Timeout '0' is invalid. Using default page load timeout: '30'

2018-05-08 22:02:10 - [MESSAGE][PASSED] - Object 'Object Repository/Page_ProjectBackend (3)/div_Password' is present

2018-05-08 22:02:10 - [TEST_STEP][PASSED] - verifyElementPresent: Object 'Object Repository/Page_ProjectBackend (3)/div_Login' is present

2018-05-08 22:02:10 - [MESSAGE][WARNING] - Timeout '0' is invalid. Using default page load timeout: '30'

2018-05-08 22:02:11 - [MESSAGE][PASSED] - Object 'Object Repository/Page_ProjectBackend (3)/div_Login' is present

2018-05-08 22:02:11 - [TEST_STEP][FAILED] - setText: Unable to set text 'admin' of object 'Object Repository/all_Objects/input_username' (Root cause: org.openqa.selenium.NoSuchWindowException: no such window: target window already closed
from unknown error: web view not found
  (Session info: chrome=66.0.3359.139)
  (Driver info: chromedriver=2.35.528157 (4429ca2590d6988c0745c24c8858745aaaec01ef),platform=Mac OS X 10.13.4 x86_64) (WARNING: The server did not provide any stacktrace information)
Command duration or timeout: 0 milliseconds
Build info: version: '3.7.1', revision: '8a0099a', time: '2017-11-06T21:07:36.161Z'
System info: host: 'Snailwalkers-MacBook-Pro.local', ip: 'fe80:0:0:0:c3a:333:74e7:b8c0%en0', os.name: 'Mac OS X', os.arch: 'x86_64', os.version: '10.13.4', java.version: '1.8.0_102'
Driver info: com.kms.katalon.selenium.driver.CChromeDriver
Capabilities {acceptInsecureCerts: false, acceptSslCerts: false, applicationCacheEnabled: false, browserConnectionEnabled: false, browserName: chrome, chrome: {chromedriverVersion: 2.35.528157 (4429ca2590d698..., userDataDir: /var/folders/hk/nwr1mc4d5rq...}, cssSelectorsEnabled: true, databaseEnabled: false, handlesAlerts: true, hasTouchScreen: false, javascriptEnabled: true, locationContextEnabled: true, mobileEmulationEnabled: false, nativeEvents: true, networkConnectionEnabled: false, pageLoadStrategy: normal, platform: MAC, platformName: MAC, rotatable: false, setWindowRect: true, takesHeapSnapshot: true, takesScreenshot: true, unexpectedAlertBehaviour: , unhandledPromptBehavior: , version: 66.0.3359.139, webStorageEnabled: true}
Session ID: 695c55432fa92d0d4e4be9c80be27aaf
*** Element info: {Using=xpath, value=/html[1]/body[1]/app-root[1]/app-login[1]/div[@class="col-md-6 col-md-offset-3"]/form[@class="ng-untouched ng-invalid ng-dirty"]/div[@class="form-group"]/input[@class="form-control ng-untouched ng-dirty ng-valid"][count(. | //input[@name = 'username' and @type = 'text']) = count(//input[@name = 'username' and @type = 'text'])]})

2018-05-08 22:02:22 - [MESSAGE][WARNING] - Cannot take screenshot

2018-05-08 22:02:22 - [MESSAGE][FAILED] - Unable to set text 'admin' of object 'Object Repository/all_Objects/input_username' (Root cause: org.openqa.selenium.NoSuchWindowException: no such window: target window already closed
from unknown error: web view not found
  (Session info: chrome=66.0.3359.139)
  (Driver info: chromedriver=2.35.528157 (4429ca2590d6988c0745c24c8858745aaaec01ef),platform=Mac OS X 10.13.4 x86_64) (WARNING: The server did not provide any stacktrace information)
Command duration or timeout: 0 milliseconds
Build info: version: '3.7.1', revision: '8a0099a', time: '2017-11-06T21:07:36.161Z'
System info: host: 'Snailwalkers-MacBook-Pro.local', ip: 'fe80:0:0:0:c3a:333:74e7:b8c0%en0', os.name: 'Mac OS X', os.arch: 'x86_64', os.version: '10.13.4', java.version: '1.8.0_102'
Driver info: com.kms.katalon.selenium.driver.CChromeDriver
Capabilities {acceptInsecureCerts: false, acceptSslCerts: false, applicationCacheEnabled: false, browserConnectionEnabled: false, browserName: chrome, chrome: {chromedriverVersion: 2.35.528157 (4429ca2590d698..., userDataDir: /var/folders/hk/nwr1mc4d5rq...}, cssSelectorsEnabled: true, databaseEnabled: false, handlesAlerts: true, hasTouchScreen: false, javascriptEnabled: true, locationContextEnabled: true, mobileEmulationEnabled: false, nativeEvents: true, networkConnectionEnabled: false, pageLoadStrategy: normal, platform: MAC, platformName: MAC, rotatable: false, setWindowRect: true, takesHeapSnapshot: true, takesScreenshot: true, unexpectedAlertBehaviour: , unhandledPromptBehavior: , version: 66.0.3359.139, webStorageEnabled: true}
Session ID: 695c55432fa92d0d4e4be9c80be27aaf
*** Element info: {Using=xpath, value=/html[1]/body[1]/app-root[1]/app-login[1]/div[@class="col-md-6 col-md-offset-3"]/form[@class="ng-untouched ng-invalid ng-dirty"]/div[@class="form-group"]/input[@class="form-control ng-untouched ng-dirty ng-valid"][count(. | //input[@name = 'username' and @type = 'text']) = count(//input[@name = 'username' and @type = 'text'])]})]]></system-out>
         <system-err><![CDATA[2018-05-08 22:01:57 - [TEST_CASE][FAILED] - Test Cases/Test Admin Login: Test Cases/Test Admin Login FAILED because (of) Unable to set text 'admin' of object 'Object Repository/all_Objects/input_username' (Root cause: org.openqa.selenium.NoSuchWindowException: no such window: target window already closed
from unknown error: web view not found
  (Session info: chrome=66.0.3359.139)
  (Driver info: chromedriver=2.35.528157 (4429ca2590d6988c0745c24c8858745aaaec01ef),platform=Mac OS X 10.13.4 x86_64) (WARNING: The server did not provide any stacktrace information)
Command duration or timeout: 0 milliseconds
Build info: version: '3.7.1', revision: '8a0099a', time: '2017-11-06T21:07:36.161Z'
System info: host: 'Snailwalkers-MacBook-Pro.local', ip: 'fe80:0:0:0:c3a:333:74e7:b8c0%en0', os.name: 'Mac OS X', os.arch: 'x86_64', os.version: '10.13.4', java.version: '1.8.0_102'
Driver info: com.kms.katalon.selenium.driver.CChromeDriver
Capabilities {acceptInsecureCerts: false, acceptSslCerts: false, applicationCacheEnabled: false, browserConnectionEnabled: false, browserName: chrome, chrome: {chromedriverVersion: 2.35.528157 (4429ca2590d698..., userDataDir: /var/folders/hk/nwr1mc4d5rq...}, cssSelectorsEnabled: true, databaseEnabled: false, handlesAlerts: true, hasTouchScreen: false, javascriptEnabled: true, locationContextEnabled: true, mobileEmulationEnabled: false, nativeEvents: true, networkConnectionEnabled: false, pageLoadStrategy: normal, platform: MAC, platformName: MAC, rotatable: false, setWindowRect: true, takesHeapSnapshot: true, takesScreenshot: true, unexpectedAlertBehaviour: , unhandledPromptBehavior: , version: 66.0.3359.139, webStorageEnabled: true}
Session ID: 695c55432fa92d0d4e4be9c80be27aaf
*** Element info: {Using=xpath, value=/html[1]/body[1]/app-root[1]/app-login[1]/div[@class="col-md-6 col-md-offset-3"]/form[@class="ng-untouched ng-invalid ng-dirty"]/div[@class="form-group"]/input[@class="form-control ng-untouched ng-dirty ng-valid"][count(. | //input[@name = 'username' and @type = 'text']) = count(//input[@name = 'username' and @type = 'text'])]})]]></system-err>
      </testcase>
      <system-out><![CDATA[2018-05-08 22:01:57 - [TEST_SUITE][FAILED] - Test_Admin_Login: Test Cases/Test Admin Login FAILED because (of) Unable to set text 'admin' of object 'Object Repository/all_Objects/input_username' (Root cause: org.openqa.selenium.NoSuchWindowException: no such window: target window already closed
from unknown error: web view not found
  (Session info: chrome=66.0.3359.139)
  (Driver info: chromedriver=2.35.528157 (4429ca2590d6988c0745c24c8858745aaaec01ef),platform=Mac OS X 10.13.4 x86_64) (WARNING: The server did not provide any stacktrace information)
Command duration or timeout: 0 milliseconds
Build info: version: '3.7.1', revision: '8a0099a', time: '2017-11-06T21:07:36.161Z'
System info: host: 'Snailwalkers-MacBook-Pro.local', ip: 'fe80:0:0:0:c3a:333:74e7:b8c0%en0', os.name: 'Mac OS X', os.arch: 'x86_64', os.version: '10.13.4', java.version: '1.8.0_102'
Driver info: com.kms.katalon.selenium.driver.CChromeDriver
Capabilities {acceptInsecureCerts: false, acceptSslCerts: false, applicationCacheEnabled: false, browserConnectionEnabled: false, browserName: chrome, chrome: {chromedriverVersion: 2.35.528157 (4429ca2590d698..., userDataDir: /var/folders/hk/nwr1mc4d5rq...}, cssSelectorsEnabled: true, databaseEnabled: false, handlesAlerts: true, hasTouchScreen: false, javascriptEnabled: true, locationContextEnabled: true, mobileEmulationEnabled: false, nativeEvents: true, networkConnectionEnabled: false, pageLoadStrategy: normal, platform: MAC, platformName: MAC, rotatable: false, setWindowRect: true, takesHeapSnapshot: true, takesScreenshot: true, unexpectedAlertBehaviour: , unhandledPromptBehavior: , version: 66.0.3359.139, webStorageEnabled: true}
Session ID: 695c55432fa92d0d4e4be9c80be27aaf
*** Element info: {Using=xpath, value=/html[1]/body[1]/app-root[1]/app-login[1]/div[@class="col-md-6 col-md-offset-3"]/form[@class="ng-untouched ng-invalid ng-dirty"]/div[@class="form-group"]/input[@class="form-control ng-untouched ng-dirty ng-valid"][count(. | //input[@name = 'username' and @type = 'text']) = count(//input[@name = 'username' and @type = 'text'])]})]]></system-out>
      <system-err><![CDATA[2018-05-08 22:01:57 - [TEST_SUITE][FAILED] - Test_Admin_Login: Test Cases/Test Admin Login FAILED because (of) Unable to set text 'admin' of object 'Object Repository/all_Objects/input_username' (Root cause: org.openqa.selenium.NoSuchWindowException: no such window: target window already closed
from unknown error: web view not found
  (Session info: chrome=66.0.3359.139)
  (Driver info: chromedriver=2.35.528157 (4429ca2590d6988c0745c24c8858745aaaec01ef),platform=Mac OS X 10.13.4 x86_64) (WARNING: The server did not provide any stacktrace information)
Command duration or timeout: 0 milliseconds
Build info: version: '3.7.1', revision: '8a0099a', time: '2017-11-06T21:07:36.161Z'
System info: host: 'Snailwalkers-MacBook-Pro.local', ip: 'fe80:0:0:0:c3a:333:74e7:b8c0%en0', os.name: 'Mac OS X', os.arch: 'x86_64', os.version: '10.13.4', java.version: '1.8.0_102'
Driver info: com.kms.katalon.selenium.driver.CChromeDriver
Capabilities {acceptInsecureCerts: false, acceptSslCerts: false, applicationCacheEnabled: false, browserConnectionEnabled: false, browserName: chrome, chrome: {chromedriverVersion: 2.35.528157 (4429ca2590d698..., userDataDir: /var/folders/hk/nwr1mc4d5rq...}, cssSelectorsEnabled: true, databaseEnabled: false, handlesAlerts: true, hasTouchScreen: false, javascriptEnabled: true, locationContextEnabled: true, mobileEmulationEnabled: false, nativeEvents: true, networkConnectionEnabled: false, pageLoadStrategy: normal, platform: MAC, platformName: MAC, rotatable: false, setWindowRect: true, takesHeapSnapshot: true, takesScreenshot: true, unexpectedAlertBehaviour: , unhandledPromptBehavior: , version: 66.0.3359.139, webStorageEnabled: true}
Session ID: 695c55432fa92d0d4e4be9c80be27aaf
*** Element info: {Using=xpath, value=/html[1]/body[1]/app-root[1]/app-login[1]/div[@class="col-md-6 col-md-offset-3"]/form[@class="ng-untouched ng-invalid ng-dirty"]/div[@class="form-group"]/input[@class="form-control ng-untouched ng-dirty ng-valid"][count(. | //input[@name = 'username' and @type = 'text']) = count(//input[@name = 'username' and @type = 'text'])]})]]></system-err>
   </testsuite>
</testsuites>
